# JRE version: OpenJDK Runtime Environment (11.0.10) (build 11.0.10+0-b96-7249189)
# Java VM: OpenJDK 64-Bit Server VM (11.0.10+0-b96-7249189, mixed mode, tiered, compressed oops, g1 gc, windows-amd64)
Heap:
 garbage-first heap   total 256000K, used 149238K [0x0000000080000000, 0x0000000100000000)
  region size 1024K, 40 young (40960K), 3 survivors (3072K)
 Metaspace       used 127460K, capacity 132108K, committed 132420K, reserved 1165312K
  class space    used 15506K, capacity 17159K, committed 17304K, reserved 1048576K
GC Heap History (20 events):
Event: 7034.972 GC heap before
{Heap before GC invocations=275 (full 0):
 garbage-first heap   total 243712K, used 160375K [0x0000000080000000, 0x0000000100000000)
  region size 1024K, 60 young (61440K), 2 survivors (2048K)
 Metaspace       used 127270K, capacity 131846K, committed 132164K, reserved 1165312K
  class space    used 15505K, capacity 17159K, committed 17304K, reserved 1048576K
}
Event: 7034.979 GC heap after
{Heap after GC invocations=276 (full 0):
 garbage-first heap   total 243712K, used 105002K [0x0000000080000000, 0x0000000100000000)
  region size 1024K, 4 young (4096K), 4 survivors (4096K)
 Metaspace       used 127270K, capacity 131846K, committed 132164K, reserved 1165312K
  class space    used 15505K, capacity 17159K, committed 17304K, reserved 1048576K
}
Event: 7056.758 GC heap before
{Heap before GC invocations=277 (full 0):
 garbage-first heap   total 243712K, used 241194K [0x0000000080000000, 0x0000000100000000)
  region size 1024K, 93 young (95232K), 4 survivors (4096K)
 Metaspace       used 127324K, capacity 131977K, committed 132164K, reserved 1165312K
  class space    used 15506K, capacity 17159K, committed 17304K, reserved 1048576K
}
Event: 7056.768 GC heap after
{Heap after GC invocations=278 (full 0):
 garbage-first heap   total 250880K, used 108531K [0x0000000080000000, 0x0000000100000000)
  region size 1024K, 7 young (7168K), 7 survivors (7168K)
 Metaspace       used 127324K, capacity 131977K, committed 132164K, reserved 1165312K
  class space    used 15506K, capacity 17159K, committed 17304K, reserved 1048576K
}
Event: 7058.096 GC heap before
{Heap before GC invocations=278 (full 0):
 garbage-first heap   total 250880K, used 113651K [0x0000000080000000, 0x0000000100000000)
  region size 1024K, 12 young (12288K), 7 survivors (7168K)
 Metaspace       used 127324K, capacity 131977K, committed 132164K, reserved 1165312K
  class space    used 15506K, capacity 17159K, committed 17304K, reserved 1048576K
}
Event: 7058.106 GC heap after
{Heap after GC invocations=279 (full 0):
 garbage-first heap   total 250880K, used 100826K [0x0000000080000000, 0x0000000100000000)
  region size 1024K, 2 young (2048K), 2 survivors (2048K)
 Metaspace       used 127324K, capacity 131977K, committed 132164K, reserved 1165312K
  class space    used 15506K, capacity 17159K, committed 17304K, reserved 1048576K
}
Event: 7058.284 GC heap before
{Heap before GC invocations=279 (full 0):
 garbage-first heap   total 250880K, used 158170K [0x0000000080000000, 0x0000000100000000)
  region size 1024K, 60 young (61440K), 2 survivors (2048K)
 Metaspace       used 127336K, capacity 131977K, committed 132164K, reserved 1165312K
  class space    used 15506K, capacity 17159K, committed 17304K, reserved 1048576K
}
Event: 7058.291 GC heap after
{Heap after GC invocations=280 (full 0):
 garbage-first heap   total 250880K, used 102209K [0x0000000080000000, 0x0000000100000000)
  region size 1024K, 3 young (3072K), 3 survivors (3072K)
 Metaspace       used 127336K, capacity 131977K, committed 132164K, reserved 1165312K
  class space    used 15506K, capacity 17159K, committed 17304K, reserved 1048576K
}
Event: 7320.899 GC heap before
{Heap before GC invocations=281 (full 0):
 garbage-first heap   total 250880K, used 245569K [0x0000000080000000, 0x0000000100000000)
  region size 1024K, 102 young (104448K), 3 survivors (3072K)
 Metaspace       used 127368K, capacity 132043K, committed 132420K, reserved 1165312K
  class space    used 15506K, capacity 17159K, committed 17304K, reserved 1048576K
}
Event: 7320.908 GC heap after
{Heap after GC invocations=282 (full 0):
 garbage-first heap   total 256000K, used 104583K [0x0000000080000000, 0x0000000100000000)
  region size 1024K, 9 young (9216K), 9 survivors (9216K)
 Metaspace       used 127368K, capacity 132043K, committed 132420K, reserved 1165312K
  class space    used 15506K, capacity 17159K, committed 17304K, reserved 1048576K
}
Event: 7320.911 GC heap before
{Heap before GC invocations=282 (full 0):
 garbage-first heap   total 256000K, used 107655K [0x0000000080000000, 0x0000000100000000)
  region size 1024K, 12 young (12288K), 9 survivors (9216K)
 Metaspace       used 127368K, capacity 132043K, committed 132420K, reserved 1165312K
  class space    used 15506K, capacity 17159K, committed 17304K, reserved 1048576K
}
Event: 7320.917 GC heap after
{Heap after GC invocations=283 (full 0):
 garbage-first heap   total 256000K, used 101866K [0x0000000080000000, 0x0000000100000000)
  region size 1024K, 2 young (2048K), 2 survivors (2048K)
 Metaspace       used 127368K, capacity 132043K, committed 132420K, reserved 1165312K
  class space    used 15506K, capacity 17159K, committed 17304K, reserved 1048576K
}
Event: 7321.244 GC heap before
{Heap before GC invocations=283 (full 0):
 garbage-first heap   total 256000K, used 163306K [0x0000000080000000, 0x0000000100000000)
  region size 1024K, 64 young (65536K), 2 survivors (2048K)
 Metaspace       used 127372K, capacity 132043K, committed 132420K, reserved 1165312K
  class space    used 15506K, capacity 17159K, committed 17304K, reserved 1048576K
}
Event: 7321.252 GC heap after
{Heap after GC invocations=284 (full 0):
 garbage-first heap   total 256000K, used 104657K [0x0000000080000000, 0x0000000100000000)
  region size 1024K, 5 young (5120K), 5 survivors (5120K)
 Metaspace       used 127372K, capacity 132043K, committed 132420K, reserved 1165312K
  class space    used 15506K, capacity 17159K, committed 17304K, reserved 1048576K
}
Event: 7321.872 GC heap before
{Heap before GC invocations=285 (full 0):
 garbage-first heap   total 256000K, used 210129K [0x0000000080000000, 0x0000000100000000)
  region size 1024K, 103 young (105472K), 5 survivors (5120K)
 Metaspace       used 127390K, capacity 132043K, committed 132420K, reserved 1165312K
  class space    used 15506K, capacity 17159K, committed 17304K, reserved 1048576K
}
Event: 7321.883 GC heap after
{Heap after GC invocations=286 (full 0):
 garbage-first heap   total 256000K, used 115634K [0x0000000080000000, 0x0000000100000000)
  region size 1024K, 13 young (13312K), 13 survivors (13312K)
 Metaspace       used 127390K, capacity 132043K, committed 132420K, reserved 1165312K
  class space    used 15506K, capacity 17159K, committed 17304K, reserved 1048576K
}
Event: 7321.885 GC heap before
{Heap before GC invocations=286 (full 0):
 garbage-first heap   total 256000K, used 116658K [0x0000000080000000, 0x0000000100000000)
  region size 1024K, 14 young (14336K), 13 survivors (13312K)
 Metaspace       used 127390K, capacity 132043K, committed 132420K, reserved 1165312K
  class space    used 15506K, capacity 17159K, committed 17304K, reserved 1048576K
}
Event: 7321.897 GC heap after
{Heap after GC invocations=287 (full 0):
 garbage-first heap   total 256000K, used 107236K [0x0000000080000000, 0x0000000100000000)
  region size 1024K, 2 young (2048K), 2 survivors (2048K)
 Metaspace       used 127390K, capacity 132043K, committed 132420K, reserved 1165312K
  class space    used 15506K, capacity 17159K, committed 17304K, reserved 1048576K
}
Event: 7321.991 GC heap before
{Heap before GC invocations=287 (full 0):
 garbage-first heap   total 256000K, used 149220K [0x0000000080000000, 0x0000000100000000)
  region size 1024K, 44 young (45056K), 2 survivors (2048K)
 Metaspace       used 127390K, capacity 132043K, committed 132420K, reserved 1165312K
  class space    used 15506K, capacity 17159K, committed 17304K, reserved 1048576K
}
Event: 7321.996 GC heap after
{Heap after GC invocations=288 (full 0):
 garbage-first heap   total 256000K, used 108278K [0x0000000080000000, 0x0000000100000000)
  region size 1024K, 3 young (3072K), 3 survivors (3072K)
 Metaspace       used 127390K, capacity 132043K, committed 132420K, reserved 1165312K
  class space    used 15506K, capacity 17159K, committed 17304K, reserved 1048576K
}

