# JRE version: OpenJDK Runtime Environment (11.0.10) (build 11.0.10+0-b96-7249189)
# Java VM: OpenJDK 64-Bit Server VM (11.0.10+0-b96-7249189, mixed mode, tiered, compressed oops, g1 gc, windows-amd64)
Heap:
 garbage-first heap   total 229376K, used 162866K [0x0000000080000000, 0x0000000100000000)
  region size 1024K, 67 young (68608K), 10 survivors (10240K)
 Metaspace       used 102231K, capacity 105141K, committed 105344K, reserved 1140736K
  class space    used 13121K, capacity 14179K, committed 14208K, reserved 1048576K
GC Heap History (20 events):
Event: 12.022 GC heap before
{Heap before GC invocations=4 (full 0):
 garbage-first heap   total 229376K, used 110725K [0x0000000080000000, 0x0000000100000000)
  region size 1024K, 84 young (86016K), 2 survivors (2048K)
 Metaspace       used 34782K, capacity 35719K, committed 35840K, reserved 1081344K
  class space    used 4544K, capacity 4895K, committed 4992K, reserved 1048576K
}
Event: 12.044 GC heap after
{Heap after GC invocations=5 (full 0):
 garbage-first heap   total 229376K, used 35365K [0x0000000080000000, 0x0000000100000000)
  region size 1024K, 9 young (9216K), 9 survivors (9216K)
 Metaspace       used 34782K, capacity 35719K, committed 35840K, reserved 1081344K
  class space    used 4544K, capacity 4895K, committed 4992K, reserved 1048576K
}
Event: 17.407 GC heap before
{Heap before GC invocations=6 (full 0):
 garbage-first heap   total 229376K, used 148005K [0x0000000080000000, 0x0000000100000000)
  region size 1024K, 108 young (110592K), 9 survivors (9216K)
 Metaspace       used 43896K, capacity 45126K, committed 45184K, reserved 1089536K
  class space    used 5518K, capacity 5975K, committed 6016K, reserved 1048576K
}
Event: 17.432 GC heap after
{Heap after GC invocations=7 (full 0):
 garbage-first heap   total 229376K, used 51960K [0x0000000080000000, 0x0000000100000000)
  region size 1024K, 14 young (14336K), 14 survivors (14336K)
 Metaspace       used 43896K, capacity 45126K, committed 45184K, reserved 1089536K
  class space    used 5518K, capacity 5975K, committed 6016K, reserved 1048576K
}
Event: 25.189 GC heap before
{Heap before GC invocations=7 (full 0):
 garbage-first heap   total 229376K, used 161528K [0x0000000080000000, 0x0000000100000000)
  region size 1024K, 121 young (123904K), 14 survivors (14336K)
 Metaspace       used 49842K, capacity 51338K, committed 51456K, reserved 1093632K
  class space    used 6363K, capacity 6839K, committed 6912K, reserved 1048576K
}
Event: 25.212 GC heap after
{Heap after GC invocations=8 (full 0):
 garbage-first heap   total 229376K, used 58282K [0x0000000080000000, 0x0000000100000000)
  region size 1024K, 14 young (14336K), 14 survivors (14336K)
 Metaspace       used 49842K, capacity 51338K, committed 51456K, reserved 1093632K
  class space    used 6363K, capacity 6839K, committed 6912K, reserved 1048576K
}
Event: 34.396 GC heap before
{Heap before GC invocations=8 (full 0):
 garbage-first heap   total 229376K, used 135082K [0x0000000080000000, 0x0000000100000000)
  region size 1024K, 87 young (89088K), 14 survivors (14336K)
 Metaspace       used 58408K, capacity 60084K, committed 60160K, reserved 1101824K
  class space    used 7432K, capacity 7998K, committed 8064K, reserved 1048576K
}
Event: 34.433 GC heap after
{Heap after GC invocations=9 (full 0):
 garbage-first heap   total 229376K, used 69942K [0x0000000080000000, 0x0000000100000000)
  region size 1024K, 14 young (14336K), 14 survivors (14336K)
 Metaspace       used 58408K, capacity 60084K, committed 60160K, reserved 1101824K
  class space    used 7432K, capacity 7998K, committed 8064K, reserved 1048576K
}
Event: 38.929 GC heap before
{Heap before GC invocations=10 (full 0):
 garbage-first heap   total 229376K, used 171318K [0x0000000080000000, 0x0000000100000000)
  region size 1024K, 113 young (115712K), 14 survivors (14336K)
 Metaspace       used 66471K, capacity 68330K, committed 68608K, reserved 1107968K
  class space    used 8478K, capacity 9111K, committed 9216K, reserved 1048576K
}
Event: 38.982 GC heap after
{Heap after GC invocations=11 (full 0):
 garbage-first heap   total 229376K, used 78179K [0x0000000080000000, 0x0000000100000000)
  region size 1024K, 15 young (15360K), 15 survivors (15360K)
 Metaspace       used 66471K, capacity 68330K, committed 68608K, reserved 1107968K
  class space    used 8478K, capacity 9111K, committed 9216K, reserved 1048576K
}
Event: 43.793 GC heap before
{Heap before GC invocations=12 (full 0):
 garbage-first heap   total 229376K, used 174435K [0x0000000080000000, 0x0000000100000000)
  region size 1024K, 109 young (111616K), 15 survivors (15360K)
 Metaspace       used 73219K, capacity 75369K, committed 75520K, reserved 1114112K
  class space    used 9542K, capacity 10233K, committed 10240K, reserved 1048576K
}
Event: 43.819 GC heap after
{Heap after GC invocations=13 (full 0):
 garbage-first heap   total 229376K, used 84567K [0x0000000080000000, 0x0000000100000000)
  region size 1024K, 6 young (6144K), 6 survivors (6144K)
 Metaspace       used 73219K, capacity 75369K, committed 75520K, reserved 1114112K
  class space    used 9542K, capacity 10233K, committed 10240K, reserved 1048576K
}
Event: 50.702 GC heap before
{Heap before GC invocations=13 (full 0):
 garbage-first heap   total 229376K, used 178775K [0x0000000080000000, 0x0000000100000000)
  region size 1024K, 98 young (100352K), 6 survivors (6144K)
 Metaspace       used 81685K, capacity 83727K, committed 83840K, reserved 1122304K
  class space    used 10588K, capacity 11285K, committed 11392K, reserved 1048576K
}
Event: 50.718 GC heap after
{Heap after GC invocations=14 (full 0):
 garbage-first heap   total 229376K, used 89194K [0x0000000080000000, 0x0000000100000000)
  region size 1024K, 11 young (11264K), 11 survivors (11264K)
 Metaspace       used 81685K, capacity 83727K, committed 83840K, reserved 1122304K
  class space    used 10588K, capacity 11285K, committed 11392K, reserved 1048576K
}
Event: 56.137 GC heap before
{Heap before GC invocations=14 (full 0):
 garbage-first heap   total 229376K, used 180330K [0x0000000080000000, 0x0000000100000000)
  region size 1024K, 101 young (103424K), 11 survivors (11264K)
 Metaspace       used 88682K, capacity 91150K, committed 91264K, reserved 1128448K
  class space    used 11457K, capacity 12321K, committed 12416K, reserved 1048576K
}
Event: 56.167 GC heap after
{Heap after GC invocations=15 (full 0):
 garbage-first heap   total 229376K, used 96170K [0x0000000080000000, 0x0000000100000000)
  region size 1024K, 12 young (12288K), 12 survivors (12288K)
 Metaspace       used 88682K, capacity 91150K, committed 91264K, reserved 1128448K
  class space    used 11457K, capacity 12321K, committed 12416K, reserved 1048576K
}
Event: 61.643 GC heap before
{Heap before GC invocations=15 (full 0):
 garbage-first heap   total 229376K, used 184234K [0x0000000080000000, 0x0000000100000000)
  region size 1024K, 99 young (101376K), 12 survivors (12288K)
 Metaspace       used 92571K, capacity 94966K, committed 95232K, reserved 1132544K
  class space    used 11883K, capacity 12778K, committed 12800K, reserved 1048576K
}
Event: 61.670 GC heap after
{Heap after GC invocations=16 (full 0):
 garbage-first heap   total 229376K, used 101708K [0x0000000080000000, 0x0000000100000000)
  region size 1024K, 12 young (12288K), 12 survivors (12288K)
 Metaspace       used 92571K, capacity 94966K, committed 95232K, reserved 1132544K
  class space    used 11883K, capacity 12778K, committed 12800K, reserved 1048576K
}
Event: 275.887 GC heap before
{Heap before GC invocations=16 (full 0):
 garbage-first heap   total 229376K, used 186700K [0x0000000080000000, 0x0000000100000000)
  region size 1024K, 95 young (97280K), 12 survivors (12288K)
 Metaspace       used 100422K, capacity 103273K, committed 103296K, reserved 1138688K
  class space    used 12918K, capacity 13943K, committed 13952K, reserved 1048576K
}
Event: 275.917 GC heap after
{Heap after GC invocations=17 (full 0):
 garbage-first heap   total 229376K, used 105522K [0x0000000080000000, 0x0000000100000000)
  region size 1024K, 10 young (10240K), 10 survivors (10240K)
 Metaspace       used 100422K, capacity 103273K, committed 103296K, reserved 1138688K
  class space    used 12918K, capacity 13943K, committed 13952K, reserved 1048576K
}

