# JRE version: Java(TM) SE Runtime Environment (13.0.2+8) (build 13.0.2+8)
# Java VM: Java HotSpot(TM) 64-Bit Server VM (13.0.2+8, mixed mode, sharing, tiered, compressed oops, g1 gc, windows-amd64)
Heap:
 garbage-first heap   total 218112K, used 113834K [0x0000000080000000, 0x0000000100000000)
  region size 1024K, 12 young (12288K), 9 survivors (9216K)
 Metaspace       used 98211K, capacity 101409K, committed 101580K, reserved 1136640K
  class space    used 13313K, capacity 14529K, committed 14592K, reserved 1048576K
GC Heap History (20 events):
Event: 11.025 GC heap before
{Heap before GC invocations=35 (full 0):
 garbage-first heap   total 150528K, used 111829K [0x0000000080000000, 0x0000000100000000)
  region size 1024K, 49 young (50176K), 4 survivors (4096K)
 Metaspace       used 72205K, capacity 74535K, committed 74828K, reserved 1114112K
  class space    used 9896K, capacity 10769K, committed 10880K, reserved 1048576K
}
Event: 11.031 GC heap after
{Heap after GC invocations=36 (full 0):
 garbage-first heap   total 150528K, used 69067K [0x0000000080000000, 0x0000000100000000)
  region size 1024K, 6 young (6144K), 6 survivors (6144K)
 Metaspace       used 72205K, capacity 74535K, committed 74828K, reserved 1114112K
  class space    used 9896K, capacity 10769K, committed 10880K, reserved 1048576K
}
Event: 11.363 GC heap before
{Heap before GC invocations=36 (full 0):
 garbage-first heap   total 150528K, used 114123K [0x0000000080000000, 0x0000000100000000)
  region size 1024K, 51 young (52224K), 6 survivors (6144K)
 Metaspace       used 72845K, capacity 75251K, committed 75340K, reserved 1114112K
  class space    used 9937K, capacity 10816K, committed 10880K, reserved 1048576K
}
Event: 11.370 GC heap after
{Heap after GC invocations=37 (full 0):
 garbage-first heap   total 181248K, used 72257K [0x0000000080000000, 0x0000000100000000)
  region size 1024K, 6 young (6144K), 6 survivors (6144K)
 Metaspace       used 72845K, capacity 75251K, committed 75340K, reserved 1114112K
  class space    used 9937K, capacity 10816K, committed 10880K, reserved 1048576K
}
Event: 11.723 GC heap before
{Heap before GC invocations=37 (full 0):
 garbage-first heap   total 181248K, used 131649K [0x0000000080000000, 0x0000000100000000)
  region size 1024K, 65 young (66560K), 6 survivors (6144K)
 Metaspace       used 74588K, capacity 77067K, committed 77260K, reserved 1116160K
  class space    used 10103K, capacity 10986K, committed 11008K, reserved 1048576K
}
Event: 11.731 GC heap after
{Heap after GC invocations=38 (full 0):
 garbage-first heap   total 181248K, used 76040K [0x0000000080000000, 0x0000000100000000)
  region size 1024K, 7 young (7168K), 7 survivors (7168K)
 Metaspace       used 74588K, capacity 77067K, committed 77260K, reserved 1116160K
  class space    used 10103K, capacity 10986K, committed 11008K, reserved 1048576K
}
Event: 12.011 GC heap before
{Heap before GC invocations=38 (full 0):
 garbage-first heap   total 181248K, used 136456K [0x0000000080000000, 0x0000000100000000)
  region size 1024K, 67 young (68608K), 7 survivors (7168K)
 Metaspace       used 75720K, capacity 78146K, committed 78284K, reserved 1116160K
  class space    used 10265K, capacity 11151K, committed 11264K, reserved 1048576K
}
Event: 12.021 GC heap after
{Heap after GC invocations=39 (full 0):
 garbage-first heap   total 181248K, used 78880K [0x0000000080000000, 0x0000000100000000)
  region size 1024K, 7 young (7168K), 7 survivors (7168K)
 Metaspace       used 75720K, capacity 78146K, committed 78284K, reserved 1116160K
  class space    used 10265K, capacity 11151K, committed 11264K, reserved 1048576K
}
Event: 12.387 GC heap before
{Heap before GC invocations=39 (full 0):
 garbage-first heap   total 181248K, used 139296K [0x0000000080000000, 0x0000000100000000)
  region size 1024K, 67 young (68608K), 7 survivors (7168K)
 Metaspace       used 77610K, capacity 80056K, committed 80204K, reserved 1118208K
  class space    used 10495K, capacity 11379K, committed 11392K, reserved 1048576K
}
Event: 12.396 GC heap after
{Heap after GC invocations=40 (full 0):
 garbage-first heap   total 181248K, used 80736K [0x0000000080000000, 0x0000000100000000)
  region size 1024K, 5 young (5120K), 5 survivors (5120K)
 Metaspace       used 77610K, capacity 80056K, committed 80204K, reserved 1118208K
  class space    used 10495K, capacity 11379K, committed 11392K, reserved 1048576K
}
Event: 14.291 GC heap before
{Heap before GC invocations=40 (full 0):
 garbage-first heap   total 181248K, used 142176K [0x0000000080000000, 0x0000000100000000)
  region size 1024K, 66 young (67584K), 5 survivors (5120K)
 Metaspace       used 79621K, capacity 82049K, committed 82252K, reserved 1120256K
  class space    used 10728K, capacity 11597K, committed 11648K, reserved 1048576K
}
Event: 14.303 GC heap after
{Heap after GC invocations=41 (full 0):
 garbage-first heap   total 218112K, used 88128K [0x0000000080000000, 0x0000000100000000)
  region size 1024K, 9 young (9216K), 9 survivors (9216K)
 Metaspace       used 79621K, capacity 82049K, committed 82252K, reserved 1120256K
  class space    used 10728K, capacity 11597K, committed 11648K, reserved 1048576K
}
Event: 15.179 GC heap before
{Heap before GC invocations=41 (full 0):
 garbage-first heap   total 218112K, used 161856K [0x0000000080000000, 0x0000000100000000)
  region size 1024K, 82 young (83968K), 9 survivors (9216K)
 Metaspace       used 86334K, capacity 88978K, committed 89164K, reserved 1126400K
  class space    used 11625K, capacity 12565K, committed 12672K, reserved 1048576K
}
Event: 15.194 GC heap after
{Heap after GC invocations=42 (full 0):
 garbage-first heap   total 218112K, used 96747K [0x0000000080000000, 0x0000000100000000)
  region size 1024K, 11 young (11264K), 11 survivors (11264K)
 Metaspace       used 86334K, capacity 88978K, committed 89164K, reserved 1126400K
  class space    used 11625K, capacity 12565K, committed 12672K, reserved 1048576K
}
Event: 16.541 GC heap before
{Heap before GC invocations=42 (full 0):
 garbage-first heap   total 218112K, used 168427K [0x0000000080000000, 0x0000000100000000)
  region size 1024K, 80 young (81920K), 11 survivors (11264K)
 Metaspace       used 89513K, capacity 92279K, committed 92620K, reserved 1128448K
  class space    used 11934K, capacity 12955K, committed 13056K, reserved 1048576K
}
Event: 16.553 GC heap after
{Heap after GC invocations=43 (full 0):
 garbage-first heap   total 218112K, used 106802K [0x0000000080000000, 0x0000000100000000)
  region size 1024K, 9 young (9216K), 9 survivors (9216K)
 Metaspace       used 89513K, capacity 92279K, committed 92620K, reserved 1128448K
  class space    used 11934K, capacity 12955K, committed 13056K, reserved 1048576K
}
Event: 16.567 GC heap before
{Heap before GC invocations=43 (full 0):
 garbage-first heap   total 218112K, used 106802K [0x0000000080000000, 0x0000000100000000)
  region size 1024K, 10 young (10240K), 9 survivors (9216K)
 Metaspace       used 89612K, capacity 92423K, committed 92620K, reserved 1128448K
  class space    used 11947K, capacity 12958K, committed 13056K, reserved 1048576K
}
Event: 16.572 GC heap after
{Heap after GC invocations=44 (full 0):
 garbage-first heap   total 218112K, used 100358K [0x0000000080000000, 0x0000000100000000)
  region size 1024K, 2 young (2048K), 2 survivors (2048K)
 Metaspace       used 89612K, capacity 92423K, committed 92620K, reserved 1128448K
  class space    used 11947K, capacity 12958K, committed 13056K, reserved 1048576K
}
Event: 17.386 GC heap before
{Heap before GC invocations=45 (full 0):
 garbage-first heap   total 218112K, used 172038K [0x0000000080000000, 0x0000000100000000)
  region size 1024K, 71 young (72704K), 2 survivors (2048K)
 Metaspace       used 97926K, capacity 101149K, committed 101324K, reserved 1136640K
  class space    used 13265K, capacity 14486K, committed 14592K, reserved 1048576K
}
Event: 17.398 GC heap after
{Heap after GC invocations=46 (full 0):
 garbage-first heap   total 218112K, used 111786K [0x0000000080000000, 0x0000000100000000)
  region size 1024K, 9 young (9216K), 9 survivors (9216K)
 Metaspace       used 97926K, capacity 101149K, committed 101324K, reserved 1136640K
  class space    used 13265K, capacity 14486K, committed 14592K, reserved 1048576K
}

