# JRE version: Java(TM) SE Runtime Environment (13.0.2+8) (build 13.0.2+8)
# Java VM: Java HotSpot(TM) 64-Bit Server VM (13.0.2+8, mixed mode, sharing, tiered, compressed oops, g1 gc, windows-amd64)
Heap:
 garbage-first heap   total 132096K, used 90642K [0x0000000080000000, 0x0000000100000000)
  region size 1024K, 32 young (32768K), 3 survivors (3072K)
 Metaspace       used 65620K, capacity 67361K, committed 67456K, reserved 1107968K
  class space    used 8936K, capacity 9575K, committed 9600K, reserved 1048576K
GC Heap History (20 events):
Event: 25.631 GC heap before
{Heap before GC invocations=21 (full 0):
 garbage-first heap   total 80896K, used 62185K [0x0000000080000000, 0x0000000100000000)
  region size 1024K, 19 young (19456K), 2 survivors (2048K)
 Metaspace       used 51463K, capacity 52887K, committed 53120K, reserved 1095680K
  class space    used 6877K, capacity 7430K, committed 7552K, reserved 1048576K
}
Event: 25.644 GC heap after
{Heap after GC invocations=22 (full 0):
 garbage-first heap   total 80896K, used 49489K [0x0000000080000000, 0x0000000100000000)
  region size 1024K, 3 young (3072K), 3 survivors (3072K)
 Metaspace       used 51463K, capacity 52887K, committed 53120K, reserved 1095680K
  class space    used 6877K, capacity 7430K, committed 7552K, reserved 1048576K
}
Event: 26.113 GC heap before
{Heap before GC invocations=23 (full 0):
 garbage-first heap   total 91136K, used 63825K [0x0000000080000000, 0x0000000100000000)
  region size 1024K, 17 young (17408K), 3 survivors (3072K)
 Metaspace       used 52898K, capacity 54289K, committed 54528K, reserved 1095680K
  class space    used 7055K, capacity 7594K, committed 7680K, reserved 1048576K
}
Event: 26.121 GC heap after
{Heap after GC invocations=24 (full 0):
 garbage-first heap   total 91136K, used 50339K [0x0000000080000000, 0x0000000100000000)
  region size 1024K, 2 young (2048K), 2 survivors (2048K)
 Metaspace       used 52898K, capacity 54289K, committed 54528K, reserved 1095680K
  class space    used 7055K, capacity 7594K, committed 7680K, reserved 1048576K
}
Event: 26.959 GC heap before
{Heap before GC invocations=24 (full 0):
 garbage-first heap   total 91136K, used 65699K [0x0000000080000000, 0x0000000100000000)
  region size 1024K, 18 young (18432K), 2 survivors (2048K)
 Metaspace       used 54425K, capacity 55778K, committed 55936K, reserved 1097728K
  class space    used 7220K, capacity 7767K, committed 7808K, reserved 1048576K
}
Event: 26.964 GC heap after
{Heap after GC invocations=25 (full 0):
 garbage-first heap   total 91136K, used 51710K [0x0000000080000000, 0x0000000100000000)
  region size 1024K, 3 young (3072K), 3 survivors (3072K)
 Metaspace       used 54425K, capacity 55778K, committed 55936K, reserved 1097728K
  class space    used 7220K, capacity 7767K, committed 7808K, reserved 1048576K
}
Event: 27.347 GC heap before
{Heap before GC invocations=26 (full 0):
 garbage-first heap   total 96256K, used 71166K [0x0000000080000000, 0x0000000100000000)
  region size 1024K, 21 young (21504K), 3 survivors (3072K)
 Metaspace       used 55230K, capacity 56627K, committed 56832K, reserved 1097728K
  class space    used 7339K, capacity 7875K, committed 7936K, reserved 1048576K
}
Event: 27.352 GC heap after
{Heap after GC invocations=27 (full 0):
 garbage-first heap   total 96256K, used 52514K [0x0000000080000000, 0x0000000100000000)
  region size 1024K, 3 young (3072K), 3 survivors (3072K)
 Metaspace       used 55230K, capacity 56627K, committed 56832K, reserved 1097728K
  class space    used 7339K, capacity 7875K, committed 7936K, reserved 1048576K
}
Event: 27.657 GC heap before
{Heap before GC invocations=27 (full 0):
 garbage-first heap   total 96256K, used 72994K [0x0000000080000000, 0x0000000100000000)
  region size 1024K, 23 young (23552K), 3 survivors (3072K)
 Metaspace       used 55418K, capacity 56916K, committed 57216K, reserved 1097728K
  class space    used 7378K, capacity 7950K, committed 8064K, reserved 1048576K
}
Event: 27.667 GC heap after
{Heap after GC invocations=28 (full 0):
 garbage-first heap   total 96256K, used 54588K [0x0000000080000000, 0x0000000100000000)
  region size 1024K, 3 young (3072K), 3 survivors (3072K)
 Metaspace       used 55418K, capacity 56916K, committed 57216K, reserved 1097728K
  class space    used 7378K, capacity 7950K, committed 8064K, reserved 1048576K
}
Event: 28.294 GC heap before
{Heap before GC invocations=29 (full 0):
 garbage-first heap   total 101376K, used 74044K [0x0000000080000000, 0x0000000100000000)
  region size 1024K, 22 young (22528K), 3 survivors (3072K)
 Metaspace       used 57088K, capacity 58654K, committed 59008K, reserved 1099776K
  class space    used 7614K, capacity 8209K, committed 8320K, reserved 1048576K
}
Event: 28.304 GC heap after
{Heap after GC invocations=30 (full 0):
 garbage-first heap   total 101376K, used 56122K [0x0000000080000000, 0x0000000100000000)
  region size 1024K, 2 young (2048K), 2 survivors (2048K)
 Metaspace       used 57088K, capacity 58654K, committed 59008K, reserved 1099776K
  class space    used 7614K, capacity 8209K, committed 8320K, reserved 1048576K
}
Event: 29.072 GC heap before
{Heap before GC invocations=30 (full 0):
 garbage-first heap   total 101376K, used 77626K [0x0000000080000000, 0x0000000100000000)
  region size 1024K, 23 young (23552K), 2 survivors (2048K)
 Metaspace       used 60117K, capacity 61728K, committed 61824K, reserved 1101824K
  class space    used 8156K, capacity 8739K, committed 8832K, reserved 1048576K
}
Event: 29.079 GC heap after
{Heap after GC invocations=31 (full 0):
 garbage-first heap   total 101376K, used 57276K [0x0000000080000000, 0x0000000100000000)
  region size 1024K, 3 young (3072K), 3 survivors (3072K)
 Metaspace       used 60117K, capacity 61728K, committed 61824K, reserved 1101824K
  class space    used 8156K, capacity 8739K, committed 8832K, reserved 1048576K
}
Event: 29.406 GC heap before
{Heap before GC invocations=32 (full 0):
 garbage-first heap   total 104448K, used 77756K [0x0000000080000000, 0x0000000100000000)
  region size 1024K, 23 young (23552K), 3 survivors (3072K)
 Metaspace       used 60856K, capacity 62416K, committed 62592K, reserved 1103872K
  class space    used 8246K, capacity 8816K, committed 8832K, reserved 1048576K
}
Event: 29.413 GC heap after
{Heap after GC invocations=33 (full 0):
 garbage-first heap   total 104448K, used 58894K [0x0000000080000000, 0x0000000100000000)
  region size 1024K, 3 young (3072K), 3 survivors (3072K)
 Metaspace       used 60856K, capacity 62416K, committed 62592K, reserved 1103872K
  class space    used 8246K, capacity 8816K, committed 8832K, reserved 1048576K
}
Event: 29.677 GC heap before
{Heap before GC invocations=33 (full 0):
 garbage-first heap   total 104448K, used 81422K [0x0000000080000000, 0x0000000100000000)
  region size 1024K, 25 young (25600K), 3 survivors (3072K)
 Metaspace       used 61229K, capacity 62849K, committed 62976K, reserved 1103872K
  class space    used 8301K, capacity 8895K, committed 8960K, reserved 1048576K
}
Event: 29.684 GC heap after
{Heap after GC invocations=34 (full 0):
 garbage-first heap   total 104448K, used 60398K [0x0000000080000000, 0x0000000100000000)
  region size 1024K, 4 young (4096K), 4 survivors (4096K)
 Metaspace       used 61229K, capacity 62849K, committed 62976K, reserved 1103872K
  class space    used 8301K, capacity 8895K, committed 8960K, reserved 1048576K
}
Event: 30.276 GC heap before
{Heap before GC invocations=35 (full 0):
 garbage-first heap   total 109568K, used 81902K [0x0000000080000000, 0x0000000100000000)
  region size 1024K, 25 young (25600K), 4 survivors (4096K)
 Metaspace       used 62764K, capacity 64515K, committed 64768K, reserved 1105920K
  class space    used 8538K, capacity 9143K, committed 9216K, reserved 1048576K
}
Event: 30.286 GC heap after
{Heap after GC invocations=36 (full 0):
 garbage-first heap   total 132096K, used 61970K [0x0000000080000000, 0x0000000100000000)
  region size 1024K, 3 young (3072K), 3 survivors (3072K)
 Metaspace       used 62764K, capacity 64515K, committed 64768K, reserved 1105920K
  class space    used 8538K, capacity 9143K, committed 9216K, reserved 1048576K
}

