# JRE version: OpenJDK Runtime Environment (11.0.10) (build 11.0.10+0-b96-7249189)
# Java VM: OpenJDK 64-Bit Server VM (11.0.10+0-b96-7249189, mixed mode, tiered, compressed oops, g1 gc, windows-amd64)
Heap:
 garbage-first heap   total 229376K, used 111479K [0x0000000080000000, 0x0000000100000000)
  region size 1024K, 48 young (49152K), 8 survivors (8192K)
 Metaspace       used 88648K, capacity 90925K, committed 91084K, reserved 1128448K
  class space    used 11401K, capacity 12220K, committed 12236K, reserved 1048576K
GC Heap History (20 events):
Event: 8.316 GC heap before
{Heap before GC invocations=5 (full 0):
 garbage-first heap   total 229376K, used 88992K [0x0000000080000000, 0x0000000100000000)
  region size 1024K, 71 young (72704K), 1 survivors (1024K)
 Metaspace       used 27455K, capacity 28103K, committed 28288K, reserved 1073152K
  class space    used 3641K, capacity 3862K, committed 3968K, reserved 1048576K
}
Event: 8.324 GC heap after
{Heap after GC invocations=6 (full 0):
 garbage-first heap   total 229376K, used 19599K [0x0000000080000000, 0x0000000100000000)
  region size 1024K, 3 young (3072K), 3 survivors (3072K)
 Metaspace       used 27455K, capacity 28103K, committed 28288K, reserved 1073152K
  class space    used 3641K, capacity 3862K, committed 3968K, reserved 1048576K
}
Event: 9.663 GC heap before
{Heap before GC invocations=6 (full 0):
 garbage-first heap   total 229376K, used 58511K [0x0000000080000000, 0x0000000100000000)
  region size 1024K, 43 young (44032K), 3 survivors (3072K)
 Metaspace       used 35051K, capacity 35830K, committed 35840K, reserved 1081344K
  class space    used 4541K, capacity 4864K, committed 4864K, reserved 1048576K
}
Event: 9.679 GC heap after
{Heap after GC invocations=7 (full 0):
 garbage-first heap   total 229376K, used 22604K [0x0000000080000000, 0x0000000100000000)
  region size 1024K, 6 young (6144K), 6 survivors (6144K)
 Metaspace       used 35051K, capacity 35830K, committed 35840K, reserved 1081344K
  class space    used 4541K, capacity 4864K, committed 4864K, reserved 1048576K
}
Event: 11.863 GC heap before
{Heap before GC invocations=8 (full 0):
 garbage-first heap   total 229376K, used 113740K [0x0000000080000000, 0x0000000100000000)
  region size 1024K, 92 young (94208K), 6 survivors (6144K)
 Metaspace       used 42388K, capacity 43356K, committed 43468K, reserved 1087488K
  class space    used 5385K, capacity 5741K, committed 5836K, reserved 1048576K
}
Event: 11.882 GC heap after
{Heap after GC invocations=9 (full 0):
 garbage-first heap   total 229376K, used 28315K [0x0000000080000000, 0x0000000100000000)
  region size 1024K, 12 young (12288K), 12 survivors (12288K)
 Metaspace       used 42388K, capacity 43356K, committed 43468K, reserved 1087488K
  class space    used 5385K, capacity 5741K, committed 5836K, reserved 1048576K
}
Event: 14.640 GC heap before
{Heap before GC invocations=9 (full 0):
 garbage-first heap   total 229376K, used 130715K [0x0000000080000000, 0x0000000100000000)
  region size 1024K, 108 young (110592K), 12 survivors (12288K)
 Metaspace       used 48105K, capacity 49438K, committed 49740K, reserved 1091584K
  class space    used 6158K, capacity 6618K, committed 6732K, reserved 1048576K
}
Event: 14.664 GC heap after
{Heap after GC invocations=10 (full 0):
 garbage-first heap   total 229376K, used 40765K [0x0000000080000000, 0x0000000100000000)
  region size 1024K, 14 young (14336K), 14 survivors (14336K)
 Metaspace       used 48105K, capacity 49438K, committed 49740K, reserved 1091584K
  class space    used 6158K, capacity 6618K, committed 6732K, reserved 1048576K
}
Event: 16.888 GC heap before
{Heap before GC invocations=10 (full 0):
 garbage-first heap   total 229376K, used 109373K [0x0000000080000000, 0x0000000100000000)
  region size 1024K, 82 young (83968K), 14 survivors (14336K)
 Metaspace       used 58642K, capacity 60159K, committed 60236K, reserved 1101824K
  class space    used 7442K, capacity 7992K, committed 8012K, reserved 1048576K
}
Event: 16.918 GC heap after
{Heap after GC invocations=11 (full 0):
 garbage-first heap   total 229376K, used 45258K [0x0000000080000000, 0x0000000100000000)
  region size 1024K, 4 young (4096K), 4 survivors (4096K)
 Metaspace       used 58642K, capacity 60159K, committed 60236K, reserved 1101824K
  class space    used 7442K, capacity 7992K, committed 8012K, reserved 1048576K
}
Event: 19.314 GC heap before
{Heap before GC invocations=12 (full 0):
 garbage-first heap   total 229376K, used 140490K [0x0000000080000000, 0x0000000100000000)
  region size 1024K, 97 young (99328K), 4 survivors (4096K)
 Metaspace       used 64809K, capacity 66486K, committed 66764K, reserved 1107968K
  class space    used 8264K, capacity 8869K, committed 8908K, reserved 1048576K
}
Event: 19.350 GC heap after
{Heap after GC invocations=13 (full 0):
 garbage-first heap   total 229376K, used 52395K [0x0000000080000000, 0x0000000100000000)
  region size 1024K, 11 young (11264K), 11 survivors (11264K)
 Metaspace       used 64809K, capacity 66486K, committed 66764K, reserved 1107968K
  class space    used 8264K, capacity 8869K, committed 8908K, reserved 1048576K
}
Event: 22.024 GC heap before
{Heap before GC invocations=14 (full 0):
 garbage-first heap   total 229376K, used 149675K [0x0000000080000000, 0x0000000100000000)
  region size 1024K, 106 young (108544K), 11 survivors (11264K)
 Metaspace       used 72237K, capacity 73966K, committed 74188K, reserved 1114112K
  class space    used 9451K, capacity 10064K, committed 10188K, reserved 1048576K
}
Event: 22.048 GC heap after
{Heap after GC invocations=15 (full 0):
 garbage-first heap   total 229376K, used 58020K [0x0000000080000000, 0x0000000100000000)
  region size 1024K, 6 young (6144K), 6 survivors (6144K)
 Metaspace       used 72237K, capacity 73966K, committed 74188K, reserved 1114112K
  class space    used 9451K, capacity 10064K, committed 10188K, reserved 1048576K
}
Event: 25.279 GC heap before
{Heap before GC invocations=15 (full 0):
 garbage-first heap   total 229376K, used 156324K [0x0000000080000000, 0x0000000100000000)
  region size 1024K, 102 young (104448K), 6 survivors (6144K)
 Metaspace       used 79020K, capacity 81092K, committed 81356K, reserved 1120256K
  class space    used 10382K, capacity 11125K, committed 11212K, reserved 1048576K
}
Event: 25.304 GC heap after
{Heap after GC invocations=16 (full 0):
 garbage-first heap   total 229376K, used 64988K [0x0000000080000000, 0x0000000100000000)
  region size 1024K, 13 young (13312K), 13 survivors (13312K)
 Metaspace       used 79020K, capacity 81092K, committed 81356K, reserved 1120256K
  class space    used 10382K, capacity 11125K, committed 11212K, reserved 1048576K
}
Event: 28.973 GC heap before
{Heap before GC invocations=16 (full 0):
 garbage-first heap   total 229376K, used 179676K [0x0000000080000000, 0x0000000100000000)
  region size 1024K, 109 young (111616K), 13 survivors (13312K)
 Metaspace       used 82468K, capacity 84623K, committed 84812K, reserved 1122304K
  class space    used 10689K, capacity 11509K, committed 11596K, reserved 1048576K
}
Event: 28.998 GC heap after
{Heap after GC invocations=17 (full 0):
 garbage-first heap   total 229376K, used 68688K [0x0000000080000000, 0x0000000100000000)
  region size 1024K, 11 young (11264K), 11 survivors (11264K)
 Metaspace       used 82468K, capacity 84623K, committed 84812K, reserved 1122304K
  class space    used 10689K, capacity 11509K, committed 11596K, reserved 1048576K
}
Event: 33.161 GC heap before
{Heap before GC invocations=17 (full 0):
 garbage-first heap   total 229376K, used 166992K [0x0000000080000000, 0x0000000100000000)
  region size 1024K, 108 young (110592K), 11 survivors (11264K)
 Metaspace       used 88439K, capacity 90632K, committed 90828K, reserved 1128448K
  class space    used 11390K, capacity 12215K, committed 12236K, reserved 1048576K
}
Event: 33.183 GC heap after
{Heap after GC invocations=18 (full 0):
 garbage-first heap   total 229376K, used 72567K [0x0000000080000000, 0x0000000100000000)
  region size 1024K, 8 young (8192K), 8 survivors (8192K)
 Metaspace       used 88439K, capacity 90632K, committed 90828K, reserved 1128448K
  class space    used 11390K, capacity 12215K, committed 12236K, reserved 1048576K
}

