# JRE version: OpenJDK Runtime Environment (11.0.10) (build 11.0.10+0-b96-7249189)
# Java VM: OpenJDK 64-Bit Server VM (11.0.10+0-b96-7249189, mixed mode, tiered, compressed oops, g1 gc, windows-amd64)
Heap:
 garbage-first heap   total 229376K, used 114825K [0x0000000080000000, 0x0000000100000000)
  region size 1024K, 45 young (46080K), 15 survivors (15360K)
 Metaspace       used 87410K, capacity 89671K, committed 89804K, reserved 1126400K
  class space    used 11307K, capacity 12139K, committed 12236K, reserved 1048576K
GC Heap History (20 events):
Event: 5.368 GC heap before
{Heap before GC invocations=1 (full 0):
 garbage-first heap   total 229376K, used 105530K [0x0000000080000000, 0x0000000100000000)
  region size 1024K, 98 young (100352K), 3 survivors (3072K)
 Metaspace       used 20634K, capacity 21124K, committed 21248K, reserved 1067008K
  class space    used 2525K, capacity 2722K, committed 2816K, reserved 1048576K
}
Event: 5.393 GC heap after
{Heap after GC invocations=2 (full 0):
 garbage-first heap   total 229376K, used 16881K [0x0000000080000000, 0x0000000100000000)
  region size 1024K, 11 young (11264K), 11 survivors (11264K)
 Metaspace       used 20634K, capacity 21124K, committed 21248K, reserved 1067008K
  class space    used 2525K, capacity 2722K, committed 2816K, reserved 1048576K
}
Event: 6.122 GC heap before
{Heap before GC invocations=3 (full 0):
 garbage-first heap   total 229376K, used 52721K [0x0000000080000000, 0x0000000100000000)
  region size 1024K, 47 young (48128K), 11 survivors (11264K)
 Metaspace       used 24185K, capacity 24762K, committed 24832K, reserved 1071104K
  class space    used 3113K, capacity 3321K, committed 3328K, reserved 1048576K
}
Event: 6.137 GC heap after
{Heap after GC invocations=4 (full 0):
 garbage-first heap   total 229376K, used 18297K [0x0000000080000000, 0x0000000100000000)
  region size 1024K, 2 young (2048K), 2 survivors (2048K)
 Metaspace       used 24185K, capacity 24762K, committed 24832K, reserved 1071104K
  class space    used 3113K, capacity 3321K, committed 3328K, reserved 1048576K
}
Event: 8.186 GC heap before
{Heap before GC invocations=4 (full 0):
 garbage-first heap   total 229376K, used 92025K [0x0000000080000000, 0x0000000100000000)
  region size 1024K, 76 young (77824K), 2 survivors (2048K)
 Metaspace       used 35049K, capacity 35830K, committed 35840K, reserved 1081344K
  class space    used 4540K, capacity 4864K, committed 4864K, reserved 1048576K
}
Event: 8.205 GC heap after
{Heap after GC invocations=5 (full 0):
 garbage-first heap   total 229376K, used 22147K [0x0000000080000000, 0x0000000100000000)
  region size 1024K, 6 young (6144K), 6 survivors (6144K)
 Metaspace       used 35049K, capacity 35830K, committed 35840K, reserved 1081344K
  class space    used 4540K, capacity 4864K, committed 4864K, reserved 1048576K
}
Event: 10.584 GC heap before
{Heap before GC invocations=6 (full 0):
 garbage-first heap   total 229376K, used 135811K [0x0000000080000000, 0x0000000100000000)
  region size 1024K, 114 young (116736K), 6 survivors (6144K)
 Metaspace       used 43896K, capacity 44871K, committed 45004K, reserved 1087488K
  class space    used 5631K, capacity 5970K, committed 6092K, reserved 1048576K
}
Event: 10.616 GC heap after
{Heap after GC invocations=7 (full 0):
 garbage-first heap   total 229376K, used 28409K [0x0000000080000000, 0x0000000100000000)
  region size 1024K, 12 young (12288K), 12 survivors (12288K)
 Metaspace       used 43896K, capacity 44871K, committed 45004K, reserved 1087488K
  class space    used 5631K, capacity 5970K, committed 6092K, reserved 1048576K
}
Event: 13.814 GC heap before
{Heap before GC invocations=7 (full 0):
 garbage-first heap   total 229376K, used 153337K [0x0000000080000000, 0x0000000100000000)
  region size 1024K, 131 young (134144K), 12 survivors (12288K)
 Metaspace       used 55229K, capacity 56673K, committed 57036K, reserved 1099776K
  class space    used 7000K, capacity 7495K, committed 7628K, reserved 1048576K
}
Event: 13.841 GC heap after
{Heap after GC invocations=8 (full 0):
 garbage-first heap   total 229376K, used 43195K [0x0000000080000000, 0x0000000100000000)
  region size 1024K, 17 young (17408K), 17 survivors (17408K)
 Metaspace       used 55229K, capacity 56673K, committed 57036K, reserved 1099776K
  class space    used 7000K, capacity 7495K, committed 7628K, reserved 1048576K
}
Event: 14.520 GC heap before
{Heap before GC invocations=8 (full 0):
 garbage-first heap   total 229376K, used 64699K [0x0000000080000000, 0x0000000100000000)
  region size 1024K, 39 young (39936K), 17 survivors (17408K)
 Metaspace       used 58666K, capacity 60152K, committed 60236K, reserved 1101824K
  class space    used 7445K, capacity 7990K, committed 8012K, reserved 1048576K
}
Event: 14.551 GC heap after
{Heap after GC invocations=9 (full 0):
 garbage-first heap   total 229376K, used 44919K [0x0000000080000000, 0x0000000100000000)
  region size 1024K, 3 young (3072K), 3 survivors (3072K)
 Metaspace       used 58666K, capacity 60152K, committed 60236K, reserved 1101824K
  class space    used 7445K, capacity 7990K, committed 8012K, reserved 1048576K
}
Event: 17.216 GC heap before
{Heap before GC invocations=10 (full 0):
 garbage-first heap   total 229376K, used 159607K [0x0000000080000000, 0x0000000100000000)
  region size 1024K, 115 young (117760K), 3 survivors (3072K)
 Metaspace       used 67585K, capacity 69173K, committed 69324K, reserved 1110016K
  class space    used 8767K, capacity 9359K, committed 9420K, reserved 1048576K
}
Event: 17.236 GC heap after
{Heap after GC invocations=11 (full 0):
 garbage-first heap   total 229376K, used 52930K [0x0000000080000000, 0x0000000100000000)
  region size 1024K, 11 young (11264K), 11 survivors (11264K)
 Metaspace       used 67585K, capacity 69173K, committed 69324K, reserved 1110016K
  class space    used 8767K, capacity 9359K, committed 9420K, reserved 1048576K
}
Event: 19.857 GC heap before
{Heap before GC invocations=12 (full 0):
 garbage-first heap   total 229376K, used 165570K [0x0000000080000000, 0x0000000100000000)
  region size 1024K, 121 young (123904K), 11 survivors (11264K)
 Metaspace       used 75953K, capacity 77815K, committed 78028K, reserved 1116160K
  class space    used 9905K, capacity 10567K, committed 10700K, reserved 1048576K
}
Event: 19.887 GC heap after
{Heap after GC invocations=13 (full 0):
 garbage-first heap   total 229376K, used 60674K [0x0000000080000000, 0x0000000100000000)
  region size 1024K, 8 young (8192K), 8 survivors (8192K)
 Metaspace       used 75953K, capacity 77815K, committed 78028K, reserved 1116160K
  class space    used 9905K, capacity 10567K, committed 10700K, reserved 1048576K
}
Event: 22.417 GC heap before
{Heap before GC invocations=13 (full 0):
 garbage-first heap   total 229376K, used 172290K [0x0000000080000000, 0x0000000100000000)
  region size 1024K, 116 young (118784K), 8 survivors (8192K)
 Metaspace       used 80471K, capacity 82695K, committed 82764K, reserved 1120256K
  class space    used 10514K, capacity 11326K, committed 11340K, reserved 1048576K
}
Event: 22.442 GC heap after
{Heap after GC invocations=14 (full 0):
 garbage-first heap   total 229376K, used 72081K [0x0000000080000000, 0x0000000100000000)
  region size 1024K, 15 young (15360K), 15 survivors (15360K)
 Metaspace       used 80471K, capacity 82695K, committed 82764K, reserved 1120256K
  class space    used 10514K, capacity 11326K, committed 11340K, reserved 1048576K
}
Event: 24.401 GC heap before
{Heap before GC invocations=14 (full 0):
 garbage-first heap   total 229376K, used 188817K [0x0000000080000000, 0x0000000100000000)
  region size 1024K, 115 young (117760K), 15 survivors (15360K)
 Metaspace       used 86488K, capacity 88752K, committed 88908K, reserved 1126400K
  class space    used 11220K, capacity 12071K, committed 12108K, reserved 1048576K
}
Event: 24.435 GC heap after
{Heap after GC invocations=15 (full 0):
 garbage-first heap   total 229376K, used 85129K [0x0000000080000000, 0x0000000100000000)
  region size 1024K, 15 young (15360K), 15 survivors (15360K)
 Metaspace       used 86488K, capacity 88752K, committed 88908K, reserved 1126400K
  class space    used 11220K, capacity 12071K, committed 12108K, reserved 1048576K
}

