# JRE version: Java(TM) SE Runtime Environment (13.0.2+8) (build 13.0.2+8)
# Java VM: Java HotSpot(TM) 64-Bit Server VM (13.0.2+8, mixed mode, sharing, tiered, compressed oops, g1 gc, windows-amd64)
Heap:
 garbage-first heap   total 171008K, used 131940K [0x0000000080000000, 0x0000000100000000)
  region size 1024K, 34 young (34816K), 4 survivors (4096K)
 Metaspace       used 83464K, capacity 85842K, committed 86092K, reserved 1124352K
  class space    used 11038K, capacity 11901K, committed 11904K, reserved 1048576K
GC Heap History (20 events):
Event: 47.746 GC heap after
{Heap after GC invocations=42 (full 0):
 garbage-first heap   total 138240K, used 63182K [0x0000000080000000, 0x0000000100000000)
  region size 1024K, 5 young (5120K), 5 survivors (5120K)
 Metaspace       used 68785K, capacity 70522K, committed 70604K, reserved 1110016K
  class space    used 9333K, capacity 9955K, committed 9984K, reserved 1048576K
}
Event: 50.240 GC heap before
{Heap before GC invocations=42 (full 0):
 garbage-first heap   total 138240K, used 101070K [0x0000000080000000, 0x0000000100000000)
  region size 1024K, 42 young (43008K), 5 survivors (5120K)
 Metaspace       used 71417K, capacity 73468K, committed 73676K, reserved 1112064K
  class space    used 9755K, capacity 10464K, committed 10496K, reserved 1048576K
}
Event: 50.254 GC heap after
{Heap after GC invocations=43 (full 0):
 garbage-first heap   total 138240K, used 66397K [0x0000000080000000, 0x0000000100000000)
  region size 1024K, 6 young (6144K), 6 survivors (6144K)
 Metaspace       used 71417K, capacity 73468K, committed 73676K, reserved 1112064K
  class space    used 9755K, capacity 10464K, committed 10496K, reserved 1048576K
}
Event: 52.283 GC heap before
{Heap before GC invocations=43 (full 0):
 garbage-first heap   total 138240K, used 103261K [0x0000000080000000, 0x0000000100000000)
  region size 1024K, 43 young (44032K), 6 survivors (6144K)
 Metaspace       used 71902K, capacity 74034K, committed 74316K, reserved 1114112K
  class space    used 9821K, capacity 10583K, committed 10624K, reserved 1048576K
}
Event: 52.304 GC heap after
{Heap after GC invocations=44 (full 0):
 garbage-first heap   total 165888K, used 68717K [0x0000000080000000, 0x0000000100000000)
  region size 1024K, 3 young (3072K), 3 survivors (3072K)
 Metaspace       used 71902K, capacity 74034K, committed 74316K, reserved 1114112K
  class space    used 9821K, capacity 10583K, committed 10624K, reserved 1048576K
}
Event: 54.131 GC heap before
{Heap before GC invocations=44 (full 0):
 garbage-first heap   total 165888K, used 114797K [0x0000000080000000, 0x0000000100000000)
  region size 1024K, 49 young (50176K), 3 survivors (3072K)
 Metaspace       used 72528K, capacity 74626K, committed 74956K, reserved 1114112K
  class space    used 9856K, capacity 10630K, committed 10752K, reserved 1048576K
}
Event: 54.142 GC heap after
{Heap after GC invocations=45 (full 0):
 garbage-first heap   total 165888K, used 71396K [0x0000000080000000, 0x0000000100000000)
  region size 1024K, 5 young (5120K), 5 survivors (5120K)
 Metaspace       used 72528K, capacity 74626K, committed 74956K, reserved 1114112K
  class space    used 9856K, capacity 10630K, committed 10752K, reserved 1048576K
}
Event: 55.742 GC heap before
{Heap before GC invocations=45 (full 0):
 garbage-first heap   total 165888K, used 118500K [0x0000000080000000, 0x0000000100000000)
  region size 1024K, 52 young (53248K), 5 survivors (5120K)
 Metaspace       used 73070K, capacity 75226K, committed 75468K, reserved 1114112K
  class space    used 9881K, capacity 10640K, committed 10752K, reserved 1048576K
}
Event: 55.754 GC heap after
{Heap after GC invocations=46 (full 0):
 garbage-first heap   total 165888K, used 74621K [0x0000000080000000, 0x0000000100000000)
  region size 1024K, 7 young (7168K), 7 survivors (7168K)
 Metaspace       used 73070K, capacity 75226K, committed 75468K, reserved 1114112K
  class space    used 9881K, capacity 10640K, committed 10752K, reserved 1048576K
}
Event: 56.747 GC heap before
{Heap before GC invocations=46 (full 0):
 garbage-first heap   total 165888K, used 121725K [0x0000000080000000, 0x0000000100000000)
  region size 1024K, 54 young (55296K), 7 survivors (7168K)
 Metaspace       used 73191K, capacity 75311K, committed 75468K, reserved 1114112K
  class space    used 9888K, capacity 10644K, committed 10752K, reserved 1048576K
}
Event: 56.756 GC heap after
{Heap after GC invocations=47 (full 0):
 garbage-first heap   total 165888K, used 77326K [0x0000000080000000, 0x0000000100000000)
  region size 1024K, 6 young (6144K), 6 survivors (6144K)
 Metaspace       used 73191K, capacity 75311K, committed 75468K, reserved 1114112K
  class space    used 9888K, capacity 10644K, committed 10752K, reserved 1048576K
}
Event: 58.249 GC heap before
{Heap before GC invocations=47 (full 0):
 garbage-first heap   total 165888K, used 125454K [0x0000000080000000, 0x0000000100000000)
  region size 1024K, 54 young (55296K), 6 survivors (6144K)
 Metaspace       used 73316K, capacity 75431K, committed 75724K, reserved 1114112K
  class space    used 9894K, capacity 10655K, committed 10752K, reserved 1048576K
}
Event: 58.262 GC heap after
{Heap after GC invocations=48 (full 0):
 garbage-first heap   total 165888K, used 80034K [0x0000000080000000, 0x0000000100000000)
  region size 1024K, 6 young (6144K), 6 survivors (6144K)
 Metaspace       used 73316K, capacity 75431K, committed 75724K, reserved 1114112K
  class space    used 9894K, capacity 10655K, committed 10752K, reserved 1048576K
}
Event: 59.839 GC heap before
{Heap before GC invocations=48 (full 0):
 garbage-first heap   total 165888K, used 128162K [0x0000000080000000, 0x0000000100000000)
  region size 1024K, 54 young (55296K), 6 survivors (6144K)
 Metaspace       used 74527K, capacity 76793K, committed 76876K, reserved 1116160K
  class space    used 10018K, capacity 10833K, committed 10880K, reserved 1048576K
}
Event: 59.872 GC heap after
{Heap after GC invocations=49 (full 0):
 garbage-first heap   total 165888K, used 85821K [0x0000000080000000, 0x0000000100000000)
  region size 1024K, 7 young (7168K), 7 survivors (7168K)
 Metaspace       used 74527K, capacity 76793K, committed 76876K, reserved 1116160K
  class space    used 10018K, capacity 10833K, committed 10880K, reserved 1048576K
}
Event: 64.100 GC heap before
{Heap before GC invocations=50 (full 0):
 garbage-first heap   total 165888K, used 104253K [0x0000000080000000, 0x0000000100000000)
  region size 1024K, 26 young (26624K), 7 survivors (7168K)
 Metaspace       used 80911K, capacity 83159K, committed 83276K, reserved 1120256K
  class space    used 10798K, capacity 11634K, committed 11648K, reserved 1048576K
}
Event: 64.152 GC heap after
{Heap after GC invocations=51 (full 0):
 garbage-first heap   total 165888K, used 90208K [0x0000000080000000, 0x0000000100000000)
  region size 1024K, 5 young (5120K), 5 survivors (5120K)
 Metaspace       used 80911K, capacity 83159K, committed 83276K, reserved 1120256K
  class space    used 10798K, capacity 11634K, committed 11648K, reserved 1048576K
}
Event: 67.663 GC heap before
{Heap before GC invocations=52 (full 0):
 garbage-first heap   total 171008K, used 125024K [0x0000000080000000, 0x0000000100000000)
  region size 1024K, 38 young (38912K), 5 survivors (5120K)
 Metaspace       used 81519K, capacity 83831K, committed 83916K, reserved 1122304K
  class space    used 10858K, capacity 11707K, committed 11776K, reserved 1048576K
}
Event: 67.681 GC heap after
{Heap after GC invocations=53 (full 0):
 garbage-first heap   total 171008K, used 101220K [0x0000000080000000, 0x0000000100000000)
  region size 1024K, 5 young (5120K), 5 survivors (5120K)
 Metaspace       used 81519K, capacity 83831K, committed 83916K, reserved 1122304K
  class space    used 10858K, capacity 11707K, committed 11776K, reserved 1048576K
}
Event: 69.234 GC heap before
{Heap before GC invocations=53 (full 0):
 garbage-first heap   total 171008K, used 131940K [0x0000000080000000, 0x0000000100000000)
  region size 1024K, 35 young (35840K), 5 survivors (5120K)
 Metaspace       used 83464K, capacity 85842K, committed 86092K, reserved 1124352K
  class space    used 11038K, capacity 11901K, committed 11904K, reserved 1048576K
}

