# JRE version: Java(TM) SE Runtime Environment (13.0.2+8) (build 13.0.2+8)
# Java VM: Java HotSpot(TM) 64-Bit Server VM (13.0.2+8, mixed mode, sharing, tiered, compressed oops, g1 gc, windows-amd64)
Heap:
 garbage-first heap   total 151552K, used 85168K [0x0000000080000000, 0x0000000100000000)
  region size 1024K, 11 young (11264K), 5 survivors (5120K)
 Metaspace       used 73132K, capacity 75134K, committed 75340K, reserved 1114112K
  class space    used 9856K, capacity 10582K, committed 10624K, reserved 1048576K
GC Heap History (20 events):
Event: 40.334 GC heap before
{Heap before GC invocations=39 (full 0):
 garbage-first heap   total 99328K, used 79287K [0x0000000080000000, 0x0000000100000000)
  region size 1024K, 24 young (24576K), 3 survivors (3072K)
 Metaspace       used 61344K, capacity 63009K, committed 63180K, reserved 1103872K
  class space    used 8321K, capacity 8903K, committed 8960K, reserved 1048576K
}
Event: 40.341 GC heap after
{Heap after GC invocations=40 (full 0):
 garbage-first heap   total 99328K, used 59258K [0x0000000080000000, 0x0000000100000000)
  region size 1024K, 3 young (3072K), 3 survivors (3072K)
 Metaspace       used 61344K, capacity 63009K, committed 63180K, reserved 1103872K
  class space    used 8321K, capacity 8903K, committed 8960K, reserved 1048576K
}
Event: 41.202 GC heap before
{Heap before GC invocations=41 (full 0):
 garbage-first heap   total 104448K, used 79738K [0x0000000080000000, 0x0000000100000000)
  region size 1024K, 23 young (23552K), 3 survivors (3072K)
 Metaspace       used 62859K, capacity 64622K, committed 64716K, reserved 1105920K
  class space    used 8551K, capacity 9175K, committed 9216K, reserved 1048576K
}
Event: 41.214 GC heap after
{Heap after GC invocations=42 (full 0):
 garbage-first heap   total 125952K, used 60780K [0x0000000080000000, 0x0000000100000000)
  region size 1024K, 3 young (3072K), 3 survivors (3072K)
 Metaspace       used 62859K, capacity 64622K, committed 64716K, reserved 1105920K
  class space    used 8551K, capacity 9175K, committed 9216K, reserved 1048576K
}
Event: 42.697 GC heap before
{Heap before GC invocations=42 (full 0):
 garbage-first heap   total 125952K, used 90476K [0x0000000080000000, 0x0000000100000000)
  region size 1024K, 32 young (32768K), 3 survivors (3072K)
 Metaspace       used 65719K, capacity 67426K, committed 67660K, reserved 1107968K
  class space    used 8964K, capacity 9574K, committed 9600K, reserved 1048576K
}
Event: 42.705 GC heap after
{Heap after GC invocations=43 (full 0):
 garbage-first heap   total 125952K, used 62370K [0x0000000080000000, 0x0000000100000000)
  region size 1024K, 3 young (3072K), 3 survivors (3072K)
 Metaspace       used 65719K, capacity 67426K, committed 67660K, reserved 1107968K
  class space    used 8964K, capacity 9574K, committed 9600K, reserved 1048576K
}
Event: 43.720 GC heap before
{Heap before GC invocations=44 (full 0):
 garbage-first heap   total 125952K, used 93090K [0x0000000080000000, 0x0000000100000000)
  region size 1024K, 33 young (33792K), 3 survivors (3072K)
 Metaspace       used 68679K, capacity 70445K, committed 70604K, reserved 1110016K
  class space    used 9323K, capacity 9951K, committed 9984K, reserved 1048576K
}
Event: 43.732 GC heap after
{Heap after GC invocations=45 (full 0):
 garbage-first heap   total 125952K, used 64934K [0x0000000080000000, 0x0000000100000000)
  region size 1024K, 4 young (4096K), 4 survivors (4096K)
 Metaspace       used 68679K, capacity 70445K, committed 70604K, reserved 1110016K
  class space    used 9323K, capacity 9951K, committed 9984K, reserved 1048576K
}
Event: 45.792 GC heap before
{Heap before GC invocations=45 (full 0):
 garbage-first heap   total 125952K, used 94630K [0x0000000080000000, 0x0000000100000000)
  region size 1024K, 34 young (34816K), 4 survivors (4096K)
 Metaspace       used 71048K, capacity 73013K, committed 73164K, reserved 1112064K
  class space    used 9731K, capacity 10449K, committed 10496K, reserved 1048576K
}
Event: 45.812 GC heap after
{Heap after GC invocations=46 (full 0):
 garbage-first heap   total 125952K, used 67732K [0x0000000080000000, 0x0000000100000000)
  region size 1024K, 5 young (5120K), 5 survivors (5120K)
 Metaspace       used 71048K, capacity 73013K, committed 73164K, reserved 1112064K
  class space    used 9731K, capacity 10449K, committed 10496K, reserved 1048576K
}
Event: 48.028 GC heap before
{Heap before GC invocations=47 (full 0):
 garbage-first heap   total 125952K, used 96404K [0x0000000080000000, 0x0000000100000000)
  region size 1024K, 34 young (34816K), 5 survivors (5120K)
 Metaspace       used 71775K, capacity 73876K, committed 74060K, reserved 1112064K
  class space    used 9821K, capacity 10577K, committed 10624K, reserved 1048576K
}
Event: 48.040 GC heap after
{Heap after GC invocations=48 (full 0):
 garbage-first heap   total 151552K, used 69614K [0x0000000080000000, 0x0000000100000000)
  region size 1024K, 2 young (2048K), 2 survivors (2048K)
 Metaspace       used 71775K, capacity 73876K, committed 74060K, reserved 1112064K
  class space    used 9821K, capacity 10577K, committed 10624K, reserved 1048576K
}
Event: 49.719 GC heap before
{Heap before GC invocations=48 (full 0):
 garbage-first heap   total 151552K, used 107502K [0x0000000080000000, 0x0000000100000000)
  region size 1024K, 39 young (39936K), 2 survivors (2048K)
 Metaspace       used 72273K, capacity 74439K, committed 74572K, reserved 1114112K
  class space    used 9851K, capacity 10622K, committed 10624K, reserved 1048576K
}
Event: 49.732 GC heap after
{Heap after GC invocations=49 (full 0):
 garbage-first heap   total 151552K, used 71547K [0x0000000080000000, 0x0000000100000000)
  region size 1024K, 4 young (4096K), 4 survivors (4096K)
 Metaspace       used 72273K, capacity 74439K, committed 74572K, reserved 1114112K
  class space    used 9851K, capacity 10622K, committed 10624K, reserved 1048576K
}
Event: 51.466 GC heap before
{Heap before GC invocations=50 (full 0):
 garbage-first heap   total 151552K, used 109435K [0x0000000080000000, 0x0000000100000000)
  region size 1024K, 42 young (43008K), 4 survivors (4096K)
 Metaspace       used 72766K, capacity 74864K, committed 75084K, reserved 1114112K
  class space    used 9863K, capacity 10618K, committed 10624K, reserved 1048576K
}
Event: 51.479 GC heap after
{Heap after GC invocations=51 (full 0):
 garbage-first heap   total 151552K, used 74588K [0x0000000080000000, 0x0000000100000000)
  region size 1024K, 6 young (6144K), 6 survivors (6144K)
 Metaspace       used 72766K, capacity 74864K, committed 75084K, reserved 1114112K
  class space    used 9863K, capacity 10618K, committed 10624K, reserved 1048576K
}
Event: 52.660 GC heap before
{Heap before GC invocations=51 (full 0):
 garbage-first heap   total 151552K, used 111452K [0x0000000080000000, 0x0000000100000000)
  region size 1024K, 43 young (44032K), 6 survivors (6144K)
 Metaspace       used 73006K, capacity 75110K, committed 75340K, reserved 1114112K
  class space    used 9875K, capacity 10623K, committed 10624K, reserved 1048576K
}
Event: 52.674 GC heap after
{Heap after GC invocations=52 (full 0):
 garbage-first heap   total 151552K, used 77000K [0x0000000080000000, 0x0000000100000000)
  region size 1024K, 6 young (6144K), 6 survivors (6144K)
 Metaspace       used 73006K, capacity 75110K, committed 75340K, reserved 1114112K
  class space    used 9875K, capacity 10623K, committed 10624K, reserved 1048576K
}
Event: 53.689 GC heap before
{Heap before GC invocations=53 (full 0):
 garbage-first heap   total 151552K, used 114888K [0x0000000080000000, 0x0000000100000000)
  region size 1024K, 44 young (45056K), 6 survivors (6144K)
 Metaspace       used 73041K, capacity 75119K, committed 75340K, reserved 1114112K
  class space    used 9854K, capacity 10578K, committed 10624K, reserved 1048576K
}
Event: 53.698 GC heap after
{Heap after GC invocations=54 (full 0):
 garbage-first heap   total 151552K, used 78749K [0x0000000080000000, 0x0000000100000000)
  region size 1024K, 5 young (5120K), 5 survivors (5120K)
 Metaspace       used 73041K, capacity 75119K, committed 75340K, reserved 1114112K
  class space    used 9854K, capacity 10578K, committed 10624K, reserved 1048576K
}

