# JRE version: Java(TM) SE Runtime Environment (13.0.2+8) (build 13.0.2+8)
# Java VM: Java HotSpot(TM) 64-Bit Server VM (13.0.2+8, mixed mode, sharing, tiered, compressed oops, g1 gc, windows-amd64)
Heap:
 garbage-first heap   total 224256K, used 167838K [0x0000000080000000, 0x0000000100000000)
  region size 1024K, 58 young (59392K), 2 survivors (2048K)
 Metaspace       used 90481K, capacity 93201K, committed 93516K, reserved 1130496K
  class space    used 11826K, capacity 12823K, committed 12928K, reserved 1048576K
GC Heap History (20 events):
Event: 11.714 GC heap before
{Heap before GC invocations=38 (full 0):
 garbage-first heap   total 168960K, used 127898K [0x0000000080000000, 0x0000000100000000)
  region size 1024K, 58 young (59392K), 7 survivors (7168K)
 Metaspace       used 75203K, capacity 77603K, committed 77900K, reserved 1116160K
  class space    used 10184K, capacity 11057K, committed 11136K, reserved 1048576K
}
Event: 11.721 GC heap after
{Heap after GC invocations=39 (full 0):
 garbage-first heap   total 168960K, used 79399K [0x0000000080000000, 0x0000000100000000)
  region size 1024K, 6 young (6144K), 6 survivors (6144K)
 Metaspace       used 75203K, capacity 77603K, committed 77900K, reserved 1116160K
  class space    used 10184K, capacity 11057K, committed 11136K, reserved 1048576K
}
Event: 11.917 GC heap before
{Heap before GC invocations=39 (full 0):
 garbage-first heap   total 168960K, used 130599K [0x0000000080000000, 0x0000000100000000)
  region size 1024K, 57 young (58368K), 6 survivors (6144K)
 Metaspace       used 76492K, capacity 78842K, committed 79052K, reserved 1118208K
  class space    used 10346K, capacity 11189K, committed 11264K, reserved 1048576K
}
Event: 11.923 GC heap after
{Heap after GC invocations=40 (full 0):
 garbage-first heap   total 202752K, used 81387K [0x0000000080000000, 0x0000000100000000)
  region size 1024K, 5 young (5120K), 5 survivors (5120K)
 Metaspace       used 76492K, capacity 78842K, committed 79052K, reserved 1118208K
  class space    used 10346K, capacity 11189K, committed 11264K, reserved 1048576K
}
Event: 13.743 GC heap before
{Heap before GC invocations=40 (full 0):
 garbage-first heap   total 202752K, used 146923K [0x0000000080000000, 0x0000000100000000)
  region size 1024K, 70 young (71680K), 5 survivors (5120K)
 Metaspace       used 79057K, capacity 81473K, committed 81740K, reserved 1120256K
  class space    used 10658K, capacity 11535K, committed 11648K, reserved 1048576K
}
Event: 13.750 GC heap after
{Heap after GC invocations=41 (full 0):
 garbage-first heap   total 202752K, used 85693K [0x0000000080000000, 0x0000000100000000)
  region size 1024K, 9 young (9216K), 9 survivors (9216K)
 Metaspace       used 79057K, capacity 81473K, committed 81740K, reserved 1120256K
  class space    used 10658K, capacity 11535K, committed 11648K, reserved 1048576K
}
Event: 14.365 GC heap before
{Heap before GC invocations=41 (full 0):
 garbage-first heap   total 202752K, used 151229K [0x0000000080000000, 0x0000000100000000)
  region size 1024K, 74 young (75776K), 9 survivors (9216K)
 Metaspace       used 81052K, capacity 83474K, committed 83788K, reserved 1122304K
  class space    used 10889K, capacity 11807K, committed 11904K, reserved 1048576K
}
Event: 14.374 GC heap after
{Heap after GC invocations=42 (full 0):
 garbage-first heap   total 202752K, used 89158K [0x0000000080000000, 0x0000000100000000)
  region size 1024K, 9 young (9216K), 9 survivors (9216K)
 Metaspace       used 81052K, capacity 83474K, committed 83788K, reserved 1122304K
  class space    used 10889K, capacity 11807K, committed 11904K, reserved 1048576K
}
Event: 14.652 GC heap before
{Heap before GC invocations=42 (full 0):
 garbage-first heap   total 202752K, used 128070K [0x0000000080000000, 0x0000000100000000)
  region size 1024K, 39 young (39936K), 9 survivors (9216K)
 Metaspace       used 82264K, capacity 84752K, committed 84940K, reserved 1122304K
  class space    used 11054K, capacity 11980K, committed 12032K, reserved 1048576K
}
Event: 14.660 GC heap after
{Heap after GC invocations=43 (full 0):
 garbage-first heap   total 202752K, used 101653K [0x0000000080000000, 0x0000000100000000)
  region size 1024K, 7 young (7168K), 7 survivors (7168K)
 Metaspace       used 82264K, capacity 84752K, committed 84940K, reserved 1122304K
  class space    used 11054K, capacity 11980K, committed 12032K, reserved 1048576K
}
Event: 20.179 GC heap before
{Heap before GC invocations=44 (full 0):
 garbage-first heap   total 224256K, used 187669K [0x0000000080000000, 0x0000000100000000)
  region size 1024K, 66 young (67584K), 7 survivors (7168K)
 Metaspace       used 83180K, capacity 85490K, committed 86092K, reserved 1124352K
  class space    used 11024K, capacity 11910K, committed 12160K, reserved 1048576K
}
Event: 20.188 GC heap after
{Heap after GC invocations=45 (full 0):
 garbage-first heap   total 224256K, used 94133K [0x0000000080000000, 0x0000000100000000)
  region size 1024K, 7 young (7168K), 7 survivors (7168K)
 Metaspace       used 83180K, capacity 85490K, committed 86092K, reserved 1124352K
  class space    used 11024K, capacity 11910K, committed 12160K, reserved 1048576K
}
Event: 22.191 GC heap before
{Heap before GC invocations=45 (full 0):
 garbage-first heap   total 224256K, used 172981K [0x0000000080000000, 0x0000000100000000)
  region size 1024K, 85 young (87040K), 7 survivors (7168K)
 Metaspace       used 83400K, capacity 85792K, committed 86348K, reserved 1124352K
  class space    used 11035K, capacity 11922K, committed 12160K, reserved 1048576K
}
Event: 22.199 GC heap after
{Heap after GC invocations=46 (full 0):
 garbage-first heap   total 224256K, used 98675K [0x0000000080000000, 0x0000000100000000)
  region size 1024K, 5 young (5120K), 5 survivors (5120K)
 Metaspace       used 83400K, capacity 85792K, committed 86348K, reserved 1124352K
  class space    used 11035K, capacity 11922K, committed 12160K, reserved 1048576K
}
Event: 23.042 GC heap before
{Heap before GC invocations=46 (full 0):
 garbage-first heap   total 224256K, used 176499K [0x0000000080000000, 0x0000000100000000)
  region size 1024K, 81 young (82944K), 5 survivors (5120K)
 Metaspace       used 90196K, capacity 92958K, committed 93260K, reserved 1130496K
  class space    used 11805K, capacity 12813K, committed 12928K, reserved 1048576K
}
Event: 23.052 GC heap after
{Heap after GC invocations=47 (full 0):
 garbage-first heap   total 224256K, used 109662K [0x0000000080000000, 0x0000000100000000)
  region size 1024K, 11 young (11264K), 11 survivors (11264K)
 Metaspace       used 90196K, capacity 92958K, committed 93260K, reserved 1130496K
  class space    used 11805K, capacity 12813K, committed 12928K, reserved 1048576K
}
Event: 23.191 GC heap before
{Heap before GC invocations=47 (full 0):
 garbage-first heap   total 224256K, used 177246K [0x0000000080000000, 0x0000000100000000)
  region size 1024K, 77 young (78848K), 11 survivors (11264K)
 Metaspace       used 90339K, capacity 93037K, committed 93260K, reserved 1130496K
  class space    used 11816K, capacity 12816K, committed 12928K, reserved 1048576K
}
Event: 23.198 GC heap after
{Heap after GC invocations=48 (full 0):
 garbage-first heap   total 224256K, used 111631K [0x0000000080000000, 0x0000000100000000)
  region size 1024K, 2 young (2048K), 2 survivors (2048K)
 Metaspace       used 90339K, capacity 93037K, committed 93260K, reserved 1130496K
  class space    used 11816K, capacity 12816K, committed 12928K, reserved 1048576K
}
Event: 23.315 GC heap before
{Heap before GC invocations=48 (full 0):
 garbage-first heap   total 224256K, used 179215K [0x0000000080000000, 0x0000000100000000)
  region size 1024K, 68 young (69632K), 2 survivors (2048K)
 Metaspace       used 90461K, capacity 93201K, committed 93516K, reserved 1130496K
  class space    used 11826K, capacity 12823K, committed 12928K, reserved 1048576K
}
Event: 23.317 GC heap after
{Heap after GC invocations=49 (full 0):
 garbage-first heap   total 224256K, used 111518K [0x0000000080000000, 0x0000000100000000)
  region size 1024K, 2 young (2048K), 2 survivors (2048K)
 Metaspace       used 90461K, capacity 93201K, committed 93516K, reserved 1130496K
  class space    used 11826K, capacity 12823K, committed 12928K, reserved 1048576K
}

