# JRE version: OpenJDK Runtime Environment (11.0.10) (build 11.0.10+0-b96-7249189)
# Java VM: OpenJDK 64-Bit Server VM (11.0.10+0-b96-7249189, mixed mode, tiered, compressed oops, g1 gc, windows-amd64)
Heap:
 garbage-first heap   total 229376K, used 54770K [0x0000000080000000, 0x0000000100000000)
  region size 1024K, 29 young (29696K), 17 survivors (17408K)
 Metaspace       used 57655K, capacity 59170K, committed 59340K, reserved 1101824K
  class space    used 7326K, capacity 7874K, committed 7884K, reserved 1048576K
GC Heap History (16 events):
Event: 1.766 GC heap before
{Heap before GC invocations=0 (full 0):
 garbage-first heap   total 229376K, used 29696K [0x0000000080000000, 0x0000000100000000)
  region size 1024K, 24 young (24576K), 0 survivors (0K)
 Metaspace       used 10224K, capacity 10425K, committed 10624K, reserved 1058816K
  class space    used 1064K, capacity 1139K, committed 1152K, reserved 1048576K
}
Event: 1.775 GC heap after
{Heap after GC invocations=1 (full 0):
 garbage-first heap   total 229376K, used 9283K [0x0000000080000000, 0x0000000100000000)
  region size 1024K, 3 young (3072K), 3 survivors (3072K)
 Metaspace       used 10224K, capacity 10425K, committed 10624K, reserved 1058816K
  class space    used 1064K, capacity 1139K, committed 1152K, reserved 1048576K
}
Event: 2.350 GC heap before
{Heap before GC invocations=1 (full 0):
 garbage-first heap   total 229376K, used 25667K [0x0000000080000000, 0x0000000100000000)
  region size 1024K, 19 young (19456K), 3 survivors (3072K)
 Metaspace       used 11082K, capacity 11250K, committed 11520K, reserved 1058816K
  class space    used 1165K, capacity 1243K, committed 1280K, reserved 1048576K
}
Event: 2.355 GC heap after
{Heap after GC invocations=2 (full 0):
 garbage-first heap   total 229376K, used 10483K [0x0000000080000000, 0x0000000100000000)
  region size 1024K, 1 young (1024K), 1 survivors (1024K)
 Metaspace       used 11082K, capacity 11250K, committed 11520K, reserved 1058816K
  class space    used 1165K, capacity 1243K, committed 1280K, reserved 1048576K
}
Event: 5.210 GC heap before
{Heap before GC invocations=2 (full 0):
 garbage-first heap   total 229376K, used 58611K [0x0000000080000000, 0x0000000100000000)
  region size 1024K, 48 young (49152K), 1 survivors (1024K)
 Metaspace       used 16746K, capacity 17110K, committed 17280K, reserved 1064960K
  class space    used 1923K, capacity 2055K, committed 2176K, reserved 1048576K
}
Event: 5.218 GC heap after
{Heap after GC invocations=3 (full 0):
 garbage-first heap   total 229376K, used 16368K [0x0000000080000000, 0x0000000100000000)
  region size 1024K, 6 young (6144K), 6 survivors (6144K)
 Metaspace       used 16746K, capacity 17110K, committed 17280K, reserved 1064960K
  class space    used 1923K, capacity 2055K, committed 2176K, reserved 1048576K
}
Event: 6.668 GC heap before
{Heap before GC invocations=3 (full 0):
 garbage-first heap   total 229376K, used 49136K [0x0000000080000000, 0x0000000100000000)
  region size 1024K, 39 young (39936K), 6 survivors (6144K)
 Metaspace       used 20648K, capacity 21128K, committed 21248K, reserved 1067008K
  class space    used 2523K, capacity 2722K, committed 2816K, reserved 1048576K
}
Event: 6.685 GC heap after
{Heap after GC invocations=4 (full 0):
 garbage-first heap   total 229376K, used 17769K [0x0000000080000000, 0x0000000100000000)
  region size 1024K, 2 young (2048K), 2 survivors (2048K)
 Metaspace       used 20648K, capacity 21128K, committed 21248K, reserved 1067008K
  class space    used 2523K, capacity 2722K, committed 2816K, reserved 1048576K
}
Event: 9.636 GC heap before
{Heap before GC invocations=5 (full 0):
 garbage-first heap   total 229376K, used 87401K [0x0000000080000000, 0x0000000100000000)
  region size 1024K, 71 young (72704K), 2 survivors (2048K)
 Metaspace       used 27358K, capacity 27967K, committed 28288K, reserved 1073152K
  class space    used 3610K, capacity 3859K, committed 3968K, reserved 1048576K
}
Event: 9.645 GC heap after
{Heap after GC invocations=6 (full 0):
 garbage-first heap   total 229376K, used 19910K [0x0000000080000000, 0x0000000100000000)
  region size 1024K, 4 young (4096K), 4 survivors (4096K)
 Metaspace       used 27358K, capacity 27967K, committed 28288K, reserved 1073152K
  class space    used 3610K, capacity 3859K, committed 3968K, reserved 1048576K
}
Event: 11.949 GC heap before
{Heap before GC invocations=6 (full 0):
 garbage-first heap   total 229376K, used 59846K [0x0000000080000000, 0x0000000100000000)
  region size 1024K, 45 young (46080K), 4 survivors (4096K)
 Metaspace       used 35055K, capacity 35835K, committed 35840K, reserved 1081344K
  class space    used 4539K, capacity 4864K, committed 4864K, reserved 1048576K
}
Event: 11.965 GC heap after
{Heap after GC invocations=7 (full 0):
 garbage-first heap   total 229376K, used 22973K [0x0000000080000000, 0x0000000100000000)
  region size 1024K, 7 young (7168K), 7 survivors (7168K)
 Metaspace       used 35055K, capacity 35835K, committed 35840K, reserved 1081344K
  class space    used 4539K, capacity 4864K, committed 4864K, reserved 1048576K
}
Event: 15.494 GC heap before
{Heap before GC invocations=8 (full 0):
 garbage-first heap   total 229376K, used 140733K [0x0000000080000000, 0x0000000100000000)
  region size 1024K, 119 young (121856K), 7 survivors (7168K)
 Metaspace       used 44184K, capacity 45264K, committed 45516K, reserved 1089536K
  class space    used 5664K, capacity 6036K, committed 6092K, reserved 1048576K
}
Event: 15.515 GC heap after
{Heap after GC invocations=9 (full 0):
 garbage-first heap   total 229376K, used 29440K [0x0000000080000000, 0x0000000100000000)
  region size 1024K, 13 young (13312K), 13 survivors (13312K)
 Metaspace       used 44184K, capacity 45264K, committed 45516K, reserved 1089536K
  class space    used 5664K, capacity 6036K, committed 6092K, reserved 1048576K
}
Event: 26.940 GC heap before
{Heap before GC invocations=9 (full 0):
 garbage-first heap   total 229376K, used 156416K [0x0000000080000000, 0x0000000100000000)
  region size 1024K, 134 young (137216K), 13 survivors (13312K)
 Metaspace       used 55783K, capacity 57236K, committed 57548K, reserved 1099776K
  class space    used 7064K, capacity 7569K, committed 7628K, reserved 1048576K
}
Event: 26.969 GC heap after
{Heap after GC invocations=10 (full 0):
 garbage-first heap   total 229376K, used 43506K [0x0000000080000000, 0x0000000100000000)
  region size 1024K, 17 young (17408K), 17 survivors (17408K)
 Metaspace       used 55783K, capacity 57236K, committed 57548K, reserved 1099776K
  class space    used 7064K, capacity 7569K, committed 7628K, reserved 1048576K
}

