# JRE version: OpenJDK Runtime Environment (11.0.10) (build 11.0.10+0-b96-7249189)
# Java VM: OpenJDK 64-Bit Server VM (11.0.10+0-b96-7249189, mixed mode, tiered, compressed oops, g1 gc, windows-amd64)
Heap:
 garbage-first heap   total 231424K, used 143044K [0x0000000080000000, 0x0000000100000000)
  region size 1024K, 34 young (34816K), 1 survivors (1024K)
 Metaspace       used 95204K, capacity 97770K, committed 98124K, reserved 1134592K
  class space    used 11862K, capacity 12774K, committed 12876K, reserved 1048576K
GC Heap History (20 events):
Event: 585.454 GC heap before
{Heap before GC invocations=45 (full 0):
 garbage-first heap   total 231424K, used 125854K [0x0000000080000000, 0x0000000100000000)
  region size 1024K, 11 young (11264K), 8 survivors (8192K)
 Metaspace       used 94287K, capacity 96814K, committed 96972K, reserved 1134592K
  class space    used 11801K, capacity 12699K, committed 12748K, reserved 1048576K
}
Event: 585.482 GC heap after
{Heap after GC invocations=46 (full 0):
 garbage-first heap   total 231424K, used 111315K [0x0000000080000000, 0x0000000100000000)
  region size 1024K, 1 young (1024K), 1 survivors (1024K)
 Metaspace       used 94287K, capacity 96814K, committed 96972K, reserved 1134592K
  class space    used 11801K, capacity 12699K, committed 12748K, reserved 1048576K
}
Event: 585.660 GC heap before
{Heap before GC invocations=46 (full 0):
 garbage-first heap   total 231424K, used 119507K [0x0000000080000000, 0x0000000100000000)
  region size 1024K, 11 young (11264K), 1 survivors (1024K)
 Metaspace       used 94290K, capacity 96814K, committed 96972K, reserved 1134592K
  class space    used 11801K, capacity 12699K, committed 12748K, reserved 1048576K
}
Event: 585.681 GC heap after
{Heap after GC invocations=47 (full 0):
 garbage-first heap   total 231424K, used 117670K [0x0000000080000000, 0x0000000100000000)
  region size 1024K, 8 young (8192K), 8 survivors (8192K)
 Metaspace       used 94290K, capacity 96814K, committed 96972K, reserved 1134592K
  class space    used 11801K, capacity 12699K, committed 12748K, reserved 1048576K
}
Event: 589.785 GC heap before
{Heap before GC invocations=48 (full 0):
 garbage-first heap   total 231424K, used 180134K [0x0000000080000000, 0x0000000100000000)
  region size 1024K, 56 young (57344K), 8 survivors (8192K)
 Metaspace       used 94395K, capacity 96888K, committed 96972K, reserved 1134592K
  class space    used 11803K, capacity 12701K, committed 12748K, reserved 1048576K
}
Event: 589.804 GC heap after
{Heap after GC invocations=49 (full 0):
 garbage-first heap   total 231424K, used 118942K [0x0000000080000000, 0x0000000100000000)
  region size 1024K, 7 young (7168K), 7 survivors (7168K)
 Metaspace       used 94395K, capacity 96888K, committed 96972K, reserved 1134592K
  class space    used 11803K, capacity 12701K, committed 12748K, reserved 1048576K
}
Event: 589.825 GC heap before
{Heap before GC invocations=49 (full 0):
 garbage-first heap   total 231424K, used 122014K [0x0000000080000000, 0x0000000100000000)
  region size 1024K, 11 young (11264K), 7 survivors (7168K)
 Metaspace       used 94395K, capacity 96888K, committed 96972K, reserved 1134592K
  class space    used 11803K, capacity 12701K, committed 12748K, reserved 1048576K
}
Event: 589.840 GC heap after
{Heap after GC invocations=50 (full 0):
 garbage-first heap   total 231424K, used 111271K [0x0000000080000000, 0x0000000100000000)
  region size 1024K, 1 young (1024K), 1 survivors (1024K)
 Metaspace       used 94395K, capacity 96888K, committed 96972K, reserved 1134592K
  class space    used 11803K, capacity 12701K, committed 12748K, reserved 1048576K
}
Event: 590.219 GC heap before
{Heap before GC invocations=50 (full 0):
 garbage-first heap   total 231424K, used 140967K [0x0000000080000000, 0x0000000100000000)
  region size 1024K, 32 young (32768K), 1 survivors (1024K)
 Metaspace       used 94431K, capacity 96952K, committed 97228K, reserved 1134592K
  class space    used 11803K, capacity 12701K, committed 12748K, reserved 1048576K
}
Event: 590.228 GC heap after
{Heap after GC invocations=51 (full 0):
 garbage-first heap   total 231424K, used 111199K [0x0000000080000000, 0x0000000100000000)
  region size 1024K, 1 young (1024K), 1 survivors (1024K)
 Metaspace       used 94431K, capacity 96952K, committed 97228K, reserved 1134592K
  class space    used 11803K, capacity 12701K, committed 12748K, reserved 1048576K
}
Event: 850.232 GC heap before
{Heap before GC invocations=52 (full 0):
 garbage-first heap   total 231424K, used 195167K [0x0000000080000000, 0x0000000100000000)
  region size 1024K, 63 young (64512K), 1 survivors (1024K)
 Metaspace       used 94670K, capacity 97164K, committed 97228K, reserved 1134592K
  class space    used 11804K, capacity 12702K, committed 12748K, reserved 1048576K
}
Event: 850.254 GC heap after
{Heap after GC invocations=53 (full 0):
 garbage-first heap   total 231424K, used 119882K [0x0000000080000000, 0x0000000100000000)
  region size 1024K, 8 young (8192K), 8 survivors (8192K)
 Metaspace       used 94670K, capacity 97164K, committed 97228K, reserved 1134592K
  class space    used 11804K, capacity 12702K, committed 12748K, reserved 1048576K
}
Event: 850.327 GC heap before
{Heap before GC invocations=53 (full 0):
 garbage-first heap   total 231424K, used 122954K [0x0000000080000000, 0x0000000100000000)
  region size 1024K, 11 young (11264K), 8 survivors (8192K)
 Metaspace       used 94674K, capacity 97164K, committed 97228K, reserved 1134592K
  class space    used 11804K, capacity 12702K, committed 12748K, reserved 1048576K
}
Event: 850.347 GC heap after
{Heap after GC invocations=54 (full 0):
 garbage-first heap   total 231424K, used 113801K [0x0000000080000000, 0x0000000100000000)
  region size 1024K, 2 young (2048K), 2 survivors (2048K)
 Metaspace       used 94674K, capacity 97164K, committed 97228K, reserved 1134592K
  class space    used 11804K, capacity 12702K, committed 12748K, reserved 1048576K
}
Event: 850.462 GC heap before
{Heap before GC invocations=54 (full 0):
 garbage-first heap   total 231424K, used 125065K [0x0000000080000000, 0x0000000100000000)
  region size 1024K, 15 young (15360K), 2 survivors (2048K)
 Metaspace       used 94716K, capacity 97164K, committed 97228K, reserved 1134592K
  class space    used 11804K, capacity 12702K, committed 12748K, reserved 1048576K
}
Event: 850.477 GC heap after
{Heap after GC invocations=55 (full 0):
 garbage-first heap   total 231424K, used 119795K [0x0000000080000000, 0x0000000100000000)
  region size 1024K, 8 young (8192K), 8 survivors (8192K)
 Metaspace       used 94716K, capacity 97164K, committed 97228K, reserved 1134592K
  class space    used 11804K, capacity 12702K, committed 12748K, reserved 1048576K
}
Event: 854.257 GC heap before
{Heap before GC invocations=56 (full 0):
 garbage-first heap   total 231424K, used 184307K [0x0000000080000000, 0x0000000100000000)
  region size 1024K, 58 young (59392K), 8 survivors (8192K)
 Metaspace       used 94768K, capacity 97296K, committed 97484K, reserved 1134592K
  class space    used 11804K, capacity 12702K, committed 12748K, reserved 1048576K
}
Event: 854.275 GC heap after
{Heap after GC invocations=57 (full 0):
 garbage-first heap   total 231424K, used 121020K [0x0000000080000000, 0x0000000100000000)
  region size 1024K, 7 young (7168K), 7 survivors (7168K)
 Metaspace       used 94768K, capacity 97296K, committed 97484K, reserved 1134592K
  class space    used 11804K, capacity 12702K, committed 12748K, reserved 1048576K
}
Event: 854.296 GC heap before
{Heap before GC invocations=57 (full 0):
 garbage-first heap   total 231424K, used 125116K [0x0000000080000000, 0x0000000100000000)
  region size 1024K, 11 young (11264K), 7 survivors (7168K)
 Metaspace       used 94769K, capacity 97296K, committed 97484K, reserved 1134592K
  class space    used 11804K, capacity 12702K, committed 12748K, reserved 1048576K
}
Event: 854.309 GC heap after
{Heap after GC invocations=58 (full 0):
 garbage-first heap   total 231424K, used 111300K [0x0000000080000000, 0x0000000100000000)
  region size 1024K, 1 young (1024K), 1 survivors (1024K)
 Metaspace       used 94769K, capacity 97296K, committed 97484K, reserved 1134592K
  class space    used 11804K, capacity 12702K, committed 12748K, reserved 1048576K
}

