# JRE version: Java(TM) SE Runtime Environment (13.0.2+8) (build 13.0.2+8)
# Java VM: Java HotSpot(TM) 64-Bit Server VM (13.0.2+8, mixed mode, sharing, tiered, compressed oops, g1 gc, windows-amd64)
Heap:
 garbage-first heap   total 206848K, used 123102K [0x0000000080000000, 0x0000000100000000)
  region size 1024K, 43 young (44032K), 4 survivors (4096K)
 Metaspace       used 77635K, capacity 79933K, committed 80588K, reserved 1118208K
  class space    used 10455K, capacity 11272K, committed 11520K, reserved 1048576K
GC Heap History (20 events):
Event: 8.975 GC heap before
{Heap before GC invocations=28 (full 0):
 garbage-first heap   total 118784K, used 88904K [0x0000000080000000, 0x0000000100000000)
  region size 1024K, 34 young (34816K), 4 survivors (4096K)
 Metaspace       used 62200K, capacity 63837K, committed 64076K, reserved 1103872K
  class space    used 8442K, capacity 9030K, committed 9088K, reserved 1048576K
}
Event: 8.984 GC heap after
{Heap after GC invocations=29 (full 0):
 garbage-first heap   total 118784K, used 60474K [0x0000000080000000, 0x0000000100000000)
  region size 1024K, 5 young (5120K), 5 survivors (5120K)
 Metaspace       used 62200K, capacity 63837K, committed 64076K, reserved 1103872K
  class space    used 8442K, capacity 9030K, committed 9088K, reserved 1048576K
}
Event: 9.355 GC heap before
{Heap before GC invocations=30 (full 0):
 garbage-first heap   total 118784K, used 90170K [0x0000000080000000, 0x0000000100000000)
  region size 1024K, 34 young (34816K), 5 survivors (5120K)
 Metaspace       used 65019K, capacity 66776K, committed 66892K, reserved 1105920K
  class space    used 8885K, capacity 9509K, committed 9600K, reserved 1048576K
}
Event: 9.361 GC heap after
{Heap after GC invocations=31 (full 0):
 garbage-first heap   total 143360K, used 62084K [0x0000000080000000, 0x0000000100000000)
  region size 1024K, 4 young (4096K), 4 survivors (4096K)
 Metaspace       used 65019K, capacity 66776K, committed 66892K, reserved 1105920K
  class space    used 8885K, capacity 9509K, committed 9600K, reserved 1048576K
}
Event: 9.886 GC heap before
{Heap before GC invocations=31 (full 0):
 garbage-first heap   total 143360K, used 104068K [0x0000000080000000, 0x0000000100000000)
  region size 1024K, 45 young (46080K), 4 survivors (4096K)
 Metaspace       used 68808K, capacity 70595K, committed 70860K, reserved 1110016K
  class space    used 9344K, capacity 9963K, committed 9984K, reserved 1048576K
}
Event: 9.893 GC heap after
{Heap after GC invocations=32 (full 0):
 garbage-first heap   total 143360K, used 65388K [0x0000000080000000, 0x0000000100000000)
  region size 1024K, 5 young (5120K), 5 survivors (5120K)
 Metaspace       used 68808K, capacity 70595K, committed 70860K, reserved 1110016K
  class space    used 9344K, capacity 9963K, committed 9984K, reserved 1048576K
}
Event: 10.482 GC heap before
{Heap before GC invocations=32 (full 0):
 garbage-first heap   total 143360K, used 107372K [0x0000000080000000, 0x0000000100000000)
  region size 1024K, 46 young (47104K), 5 survivors (5120K)
 Metaspace       used 71580K, capacity 73788K, committed 73932K, reserved 1112064K
  class space    used 9823K, capacity 10676K, committed 10752K, reserved 1048576K
}
Event: 10.488 GC heap after
{Heap after GC invocations=33 (full 0):
 garbage-first heap   total 143360K, used 68258K [0x0000000080000000, 0x0000000100000000)
  region size 1024K, 3 young (3072K), 3 survivors (3072K)
 Metaspace       used 71580K, capacity 73788K, committed 73932K, reserved 1112064K
  class space    used 9823K, capacity 10676K, committed 10752K, reserved 1048576K
}
Event: 10.770 GC heap before
{Heap before GC invocations=33 (full 0):
 garbage-first heap   total 143360K, used 108194K [0x0000000080000000, 0x0000000100000000)
  region size 1024K, 43 young (44032K), 3 survivors (3072K)
 Metaspace       used 72093K, capacity 74410K, committed 74572K, reserved 1114112K
  class space    used 9892K, capacity 10773K, committed 10880K, reserved 1048576K
}
Event: 10.777 GC heap after
{Heap after GC invocations=34 (full 0):
 garbage-first heap   total 143360K, used 70698K [0x0000000080000000, 0x0000000100000000)
  region size 1024K, 6 young (6144K), 6 survivors (6144K)
 Metaspace       used 72093K, capacity 74410K, committed 74572K, reserved 1114112K
  class space    used 9892K, capacity 10773K, committed 10880K, reserved 1048576K
}
Event: 11.167 GC heap before
{Heap before GC invocations=35 (full 0):
 garbage-first heap   total 143360K, used 110634K [0x0000000080000000, 0x0000000100000000)
  region size 1024K, 46 young (47104K), 6 survivors (6144K)
 Metaspace       used 72752K, capacity 75089K, committed 75340K, reserved 1114112K
  class space    used 9942K, capacity 10834K, committed 10880K, reserved 1048576K
}
Event: 11.175 GC heap after
{Heap after GC invocations=36 (full 0):
 garbage-first heap   total 172032K, used 73667K [0x0000000080000000, 0x0000000100000000)
  region size 1024K, 6 young (6144K), 6 survivors (6144K)
 Metaspace       used 72752K, capacity 75089K, committed 75340K, reserved 1114112K
  class space    used 9942K, capacity 10834K, committed 10880K, reserved 1048576K
}
Event: 11.511 GC heap before
{Heap before GC invocations=36 (full 0):
 garbage-first heap   total 172032K, used 125891K [0x0000000080000000, 0x0000000100000000)
  region size 1024K, 58 young (59392K), 6 survivors (6144K)
 Metaspace       used 73246K, capacity 75600K, committed 75852K, reserved 1114112K
  class space    used 9973K, capacity 10851K, committed 10880K, reserved 1048576K
}
Event: 11.520 GC heap after
{Heap after GC invocations=37 (full 0):
 garbage-first heap   total 172032K, used 77166K [0x0000000080000000, 0x0000000100000000)
  region size 1024K, 7 young (7168K), 7 survivors (7168K)
 Metaspace       used 73246K, capacity 75600K, committed 75852K, reserved 1114112K
  class space    used 9973K, capacity 10851K, committed 10880K, reserved 1048576K
}
Event: 11.797 GC heap before
{Heap before GC invocations=37 (full 0):
 garbage-first heap   total 172032K, used 129390K [0x0000000080000000, 0x0000000100000000)
  region size 1024K, 59 young (60416K), 7 survivors (7168K)
 Metaspace       used 73351K, capacity 75700K, committed 75852K, reserved 1114112K
  class space    used 9985K, capacity 10861K, committed 10880K, reserved 1048576K
}
Event: 11.805 GC heap after
{Heap after GC invocations=38 (full 0):
 garbage-first heap   total 172032K, used 80129K [0x0000000080000000, 0x0000000100000000)
  region size 1024K, 7 young (7168K), 7 survivors (7168K)
 Metaspace       used 73351K, capacity 75700K, committed 75852K, reserved 1114112K
  class space    used 9985K, capacity 10861K, committed 10880K, reserved 1048576K
}
Event: 12.119 GC heap before
{Heap before GC invocations=38 (full 0):
 garbage-first heap   total 172032K, used 132353K [0x0000000080000000, 0x0000000100000000)
  region size 1024K, 59 young (60416K), 7 survivors (7168K)
 Metaspace       used 73516K, capacity 75851K, committed 76108K, reserved 1114112K
  class space    used 9992K, capacity 10865K, committed 10880K, reserved 1048576K
}
Event: 12.126 GC heap after
{Heap after GC invocations=39 (full 0):
 garbage-first heap   total 172032K, used 82942K [0x0000000080000000, 0x0000000100000000)
  region size 1024K, 6 young (6144K), 6 survivors (6144K)
 Metaspace       used 73516K, capacity 75851K, committed 76108K, reserved 1114112K
  class space    used 9992K, capacity 10865K, committed 10880K, reserved 1048576K
}
Event: 12.206 GC heap before
{Heap before GC invocations=39 (full 0):
 garbage-first heap   total 172032K, used 88062K [0x0000000080000000, 0x0000000100000000)
  region size 1024K, 13 young (13312K), 6 survivors (6144K)
 Metaspace       used 74394K, capacity 76874K, committed 77004K, reserved 1116160K
  class space    used 10059K, capacity 10948K, committed 11008K, reserved 1048576K
}
Event: 12.212 GC heap after
{Heap after GC invocations=40 (full 0):
 garbage-first heap   total 206848K, used 83166K [0x0000000080000000, 0x0000000100000000)
  region size 1024K, 4 young (4096K), 4 survivors (4096K)
 Metaspace       used 74394K, capacity 76874K, committed 77004K, reserved 1116160K
  class space    used 10059K, capacity 10948K, committed 11008K, reserved 1048576K
}

