# JRE version: Java(TM) SE Runtime Environment (13.0.2+8) (build 13.0.2+8)
# Java VM: Java HotSpot(TM) 64-Bit Server VM (13.0.2+8, mixed mode, sharing, tiered, compressed oops, g1 gc, windows-amd64)
Heap:
 garbage-first heap   total 181248K, used 93699K [0x0000000080000000, 0x0000000100000000)
  region size 1024K, 6 young (6144K), 3 survivors (3072K)
 Metaspace       used 87182K, capacity 90191K, committed 90316K, reserved 1126400K
  class space    used 12092K, capacity 13268K, committed 13312K, reserved 1048576K
GC Heap History (20 events):
Event: 13.938 GC heap before
{Heap before GC invocations=35 (full 0):
 garbage-first heap   total 124928K, used 93829K [0x0000000080000000, 0x0000000100000000)
  region size 1024K, 36 young (36864K), 5 survivors (5120K)
 Metaspace       used 67956K, capacity 69775K, committed 70092K, reserved 1110016K
  class space    used 9233K, capacity 9859K, committed 9984K, reserved 1048576K
}
Event: 13.948 GC heap after
{Heap after GC invocations=36 (full 0):
 garbage-first heap   total 124928K, used 64011K [0x0000000080000000, 0x0000000100000000)
  region size 1024K, 4 young (4096K), 4 survivors (4096K)
 Metaspace       used 67956K, capacity 69775K, committed 70092K, reserved 1110016K
  class space    used 9233K, capacity 9859K, committed 9984K, reserved 1048576K
}
Event: 14.431 GC heap before
{Heap before GC invocations=36 (full 0):
 garbage-first heap   total 124928K, used 96779K [0x0000000080000000, 0x0000000100000000)
  region size 1024K, 36 young (36864K), 4 survivors (4096K)
 Metaspace       used 70360K, capacity 72284K, committed 72524K, reserved 1112064K
  class space    used 9645K, capacity 10318K, committed 10368K, reserved 1048576K
}
Event: 14.444 GC heap after
{Heap after GC invocations=37 (full 0):
 garbage-first heap   total 150528K, used 66705K [0x0000000080000000, 0x0000000100000000)
  region size 1024K, 5 young (5120K), 5 survivors (5120K)
 Metaspace       used 70360K, capacity 72284K, committed 72524K, reserved 1112064K
  class space    used 9645K, capacity 10318K, committed 10368K, reserved 1048576K
}
Event: 15.182 GC heap before
{Heap before GC invocations=38 (full 0):
 garbage-first heap   total 150528K, used 107665K [0x0000000080000000, 0x0000000100000000)
  region size 1024K, 46 young (47104K), 5 survivors (5120K)
 Metaspace       used 71641K, capacity 73753K, committed 74060K, reserved 1112064K
  class space    used 9811K, capacity 10564K, committed 10624K, reserved 1048576K
}
Event: 15.192 GC heap after
{Heap after GC invocations=39 (full 0):
 garbage-first heap   total 150528K, used 69788K [0x0000000080000000, 0x0000000100000000)
  region size 1024K, 6 young (6144K), 6 survivors (6144K)
 Metaspace       used 71641K, capacity 73753K, committed 74060K, reserved 1112064K
  class space    used 9811K, capacity 10564K, committed 10624K, reserved 1048576K
}
Event: 15.690 GC heap before
{Heap before GC invocations=39 (full 0):
 garbage-first heap   total 150528K, used 110748K [0x0000000080000000, 0x0000000100000000)
  region size 1024K, 47 young (48128K), 6 survivors (6144K)
 Metaspace       used 72177K, capacity 74259K, committed 74316K, reserved 1114112K
  class space    used 9842K, capacity 10611K, committed 10624K, reserved 1048576K
}
Event: 15.700 GC heap after
{Heap after GC invocations=40 (full 0):
 garbage-first heap   total 150528K, used 72138K [0x0000000080000000, 0x0000000100000000)
  region size 1024K, 3 young (3072K), 3 survivors (3072K)
 Metaspace       used 72177K, capacity 74259K, committed 74316K, reserved 1114112K
  class space    used 9842K, capacity 10611K, committed 10624K, reserved 1048576K
}
Event: 16.207 GC heap before
{Heap before GC invocations=40 (full 0):
 garbage-first heap   total 150528K, used 114122K [0x0000000080000000, 0x0000000100000000)
  region size 1024K, 45 young (46080K), 3 survivors (3072K)
 Metaspace       used 72716K, capacity 74854K, committed 75084K, reserved 1114112K
  class space    used 9863K, capacity 10618K, committed 10624K, reserved 1048576K
}
Event: 16.216 GC heap after
{Heap after GC invocations=41 (full 0):
 garbage-first heap   total 150528K, used 75367K [0x0000000080000000, 0x0000000100000000)
  region size 1024K, 6 young (6144K), 6 survivors (6144K)
 Metaspace       used 72716K, capacity 74854K, committed 75084K, reserved 1114112K
  class space    used 9863K, capacity 10618K, committed 10624K, reserved 1048576K
}
Event: 16.604 GC heap before
{Heap before GC invocations=42 (full 0):
 garbage-first heap   total 150528K, used 116327K [0x0000000080000000, 0x0000000100000000)
  region size 1024K, 47 young (48128K), 6 survivors (6144K)
 Metaspace       used 72864K, capacity 74963K, committed 75084K, reserved 1114112K
  class space    used 9845K, capacity 10575K, committed 10624K, reserved 1048576K
}
Event: 16.614 GC heap after
{Heap after GC invocations=43 (full 0):
 garbage-first heap   total 181248K, used 77776K [0x0000000080000000, 0x0000000100000000)
  region size 1024K, 3 young (3072K), 3 survivors (3072K)
 Metaspace       used 72864K, capacity 74963K, committed 75084K, reserved 1114112K
  class space    used 9845K, capacity 10575K, committed 10624K, reserved 1048576K
}
Event: 17.052 GC heap before
{Heap before GC invocations=43 (full 0):
 garbage-first heap   total 181248K, used 134096K [0x0000000080000000, 0x0000000100000000)
  region size 1024K, 58 young (59392K), 3 survivors (3072K)
 Metaspace       used 73032K, capacity 75059K, committed 75340K, reserved 1114112K
  class space    used 9854K, capacity 10583K, committed 10624K, reserved 1048576K
}
Event: 17.058 GC heap after
{Heap after GC invocations=44 (full 0):
 garbage-first heap   total 181248K, used 80095K [0x0000000080000000, 0x0000000100000000)
  region size 1024K, 5 young (5120K), 5 survivors (5120K)
 Metaspace       used 73032K, capacity 75059K, committed 75340K, reserved 1114112K
  class space    used 9854K, capacity 10583K, committed 10624K, reserved 1048576K
}
Event: 17.568 GC heap before
{Heap before GC invocations=44 (full 0):
 garbage-first heap   total 181248K, used 139487K [0x0000000080000000, 0x0000000100000000)
  region size 1024K, 62 young (63488K), 5 survivors (5120K)
 Metaspace       used 74211K, capacity 76247K, committed 76492K, reserved 1116160K
  class space    used 9969K, capacity 10714K, committed 10752K, reserved 1048576K
}
Event: 17.578 GC heap after
{Heap after GC invocations=45 (full 0):
 garbage-first heap   total 181248K, used 87394K [0x0000000080000000, 0x0000000100000000)
  region size 1024K, 8 young (8192K), 8 survivors (8192K)
 Metaspace       used 74211K, capacity 76247K, committed 76492K, reserved 1116160K
  class space    used 9969K, capacity 10714K, committed 10752K, reserved 1048576K
}
Event: 18.424 GC heap before
{Heap before GC invocations=45 (full 0):
 garbage-first heap   total 181248K, used 140642K [0x0000000080000000, 0x0000000100000000)
  region size 1024K, 61 young (62464K), 8 survivors (8192K)
 Metaspace       used 82463K, capacity 85080K, committed 85196K, reserved 1122304K
  class space    used 11283K, capacity 12262K, committed 12288K, reserved 1048576K
}
Event: 18.437 GC heap after
{Heap after GC invocations=46 (full 0):
 garbage-first heap   total 181248K, used 94616K [0x0000000080000000, 0x0000000100000000)
  region size 1024K, 8 young (8192K), 8 survivors (8192K)
 Metaspace       used 82463K, capacity 85080K, committed 85196K, reserved 1122304K
  class space    used 11283K, capacity 12262K, committed 12288K, reserved 1048576K
}
Event: 19.258 GC heap before
{Heap before GC invocations=46 (full 0):
 garbage-first heap   total 181248K, used 142744K [0x0000000080000000, 0x0000000100000000)
  region size 1024K, 56 young (57344K), 8 survivors (8192K)
 Metaspace       used 86919K, capacity 89957K, committed 90060K, reserved 1126400K
  class space    used 12065K, capacity 13235K, committed 13312K, reserved 1048576K
}
Event: 19.266 GC heap after
{Heap after GC invocations=47 (full 0):
 garbage-first heap   total 181248K, used 91651K [0x0000000080000000, 0x0000000100000000)
  region size 1024K, 3 young (3072K), 3 survivors (3072K)
 Metaspace       used 86919K, capacity 89957K, committed 90060K, reserved 1126400K
  class space    used 12065K, capacity 13235K, committed 13312K, reserved 1048576K
}

