# JRE version: Java(TM) SE Runtime Environment (13.0.2+8) (build 13.0.2+8)
# Java VM: Java HotSpot(TM) 64-Bit Server VM (13.0.2+8, mixed mode, sharing, tiered, compressed oops, g1 gc, windows-amd64)
Heap:
 garbage-first heap   total 442368K, used 326315K [0x0000000080000000, 0x0000000100000000)
  region size 1024K, 102 young (104448K), 10 survivors (10240K)
 Metaspace       used 119968K, capacity 123882K, committed 125824K, reserved 1157120K
  class space    used 15562K, capacity 17063K, committed 17792K, reserved 1048576K
GC Heap History (20 events):
Event: 64.536 GC heap before
{Heap before GC invocations=102 (full 0):
 garbage-first heap   total 437248K, used 380660K [0x0000000080000000, 0x0000000100000000)
  region size 1024K, 248 young (253952K), 3 survivors (3072K)
 Metaspace       used 107339K, capacity 110810K, committed 110976K, reserved 1144832K
  class space    used 13650K, capacity 14952K, committed 14976K, reserved 1048576K
}
Event: 64.562 GC heap after
{Heap after GC invocations=103 (full 0):
 garbage-first heap   total 437248K, used 139375K [0x0000000080000000, 0x0000000100000000)
  region size 1024K, 30 young (30720K), 30 survivors (30720K)
 Metaspace       used 107339K, capacity 110810K, committed 110976K, reserved 1144832K
  class space    used 13650K, capacity 14952K, committed 14976K, reserved 1048576K
}
Event: 66.782 GC heap before
{Heap before GC invocations=103 (full 0):
 garbage-first heap   total 437248K, used 397423K [0x0000000080000000, 0x0000000100000000)
  region size 1024K, 229 young (234496K), 30 survivors (30720K)
 Metaspace       used 120995K, capacity 125606K, committed 125824K, reserved 1157120K
  class space    used 15965K, capacity 17770K, committed 17792K, reserved 1048576K
}
Event: 66.806 GC heap after
{Heap after GC invocations=104 (full 0):
 garbage-first heap   total 442368K, used 150601K [0x0000000080000000, 0x0000000100000000)
  region size 1024K, 19 young (19456K), 19 survivors (19456K)
 Metaspace       used 120995K, capacity 125606K, committed 125824K, reserved 1157120K
  class space    used 15965K, capacity 17770K, committed 17792K, reserved 1048576K
}
Event: 67.075 GC heap before
{Heap before GC invocations=104 (full 0):
 garbage-first heap   total 442368K, used 347209K [0x0000000080000000, 0x0000000100000000)
  region size 1024K, 211 young (216064K), 19 survivors (19456K)
 Metaspace       used 120995K, capacity 125606K, committed 125824K, reserved 1157120K
  class space    used 15965K, capacity 17770K, committed 17792K, reserved 1048576K
}
Event: 67.083 GC heap after
{Heap after GC invocations=105 (full 0):
 garbage-first heap   total 442368K, used 149070K [0x0000000080000000, 0x0000000100000000)
  region size 1024K, 3 young (3072K), 3 survivors (3072K)
 Metaspace       used 120995K, capacity 125606K, committed 125824K, reserved 1157120K
  class space    used 15965K, capacity 17770K, committed 17792K, reserved 1048576K
}
Event: 67.263 GC heap before
{Heap before GC invocations=105 (full 0):
 garbage-first heap   total 442368K, used 355918K [0x0000000080000000, 0x0000000100000000)
  region size 1024K, 205 young (209920K), 3 survivors (3072K)
 Metaspace       used 121000K, capacity 125606K, committed 125824K, reserved 1157120K
  class space    used 15965K, capacity 17770K, committed 17792K, reserved 1048576K
}
Event: 67.265 GC heap after
{Heap after GC invocations=106 (full 0):
 garbage-first heap   total 442368K, used 148185K [0x0000000080000000, 0x0000000100000000)
  region size 1024K, 2 young (2048K), 2 survivors (2048K)
 Metaspace       used 121000K, capacity 125606K, committed 125824K, reserved 1157120K
  class space    used 15965K, capacity 17770K, committed 17792K, reserved 1048576K
}
Event: 67.416 GC heap before
{Heap before GC invocations=106 (full 0):
 garbage-first heap   total 442368K, used 361177K [0x0000000080000000, 0x0000000100000000)
  region size 1024K, 210 young (215040K), 2 survivors (2048K)
 Metaspace       used 121004K, capacity 125606K, committed 125824K, reserved 1157120K
  class space    used 15965K, capacity 17770K, committed 17792K, reserved 1048576K
}
Event: 67.418 GC heap after
{Heap after GC invocations=107 (full 0):
 garbage-first heap   total 442368K, used 148311K [0x0000000080000000, 0x0000000100000000)
  region size 1024K, 3 young (3072K), 3 survivors (3072K)
 Metaspace       used 121004K, capacity 125606K, committed 125824K, reserved 1157120K
  class space    used 15965K, capacity 17770K, committed 17792K, reserved 1048576K
}
Event: 67.582 GC heap before
{Heap before GC invocations=107 (full 0):
 garbage-first heap   total 442368K, used 364375K [0x0000000080000000, 0x0000000100000000)
  region size 1024K, 214 young (219136K), 3 survivors (3072K)
 Metaspace       used 121047K, capacity 125618K, committed 125824K, reserved 1157120K
  class space    used 15965K, capacity 17770K, committed 17792K, reserved 1048576K
}
Event: 67.585 GC heap after
{Heap after GC invocations=108 (full 0):
 garbage-first heap   total 442368K, used 149262K [0x0000000080000000, 0x0000000100000000)
  region size 1024K, 4 young (4096K), 4 survivors (4096K)
 Metaspace       used 121047K, capacity 125618K, committed 125824K, reserved 1157120K
  class space    used 15965K, capacity 17770K, committed 17792K, reserved 1048576K
}
Event: 67.737 GC heap before
{Heap before GC invocations=108 (full 0):
 garbage-first heap   total 442368K, used 368398K [0x0000000080000000, 0x0000000100000000)
  region size 1024K, 218 young (223232K), 4 survivors (4096K)
 Metaspace       used 121047K, capacity 125618K, committed 125824K, reserved 1157120K
  class space    used 15965K, capacity 17770K, committed 17792K, reserved 1048576K
}
Event: 67.740 GC heap after
{Heap after GC invocations=109 (full 0):
 garbage-first heap   total 442368K, used 149685K [0x0000000080000000, 0x0000000100000000)
  region size 1024K, 4 young (4096K), 4 survivors (4096K)
 Metaspace       used 121047K, capacity 125618K, committed 125824K, reserved 1157120K
  class space    used 15965K, capacity 17770K, committed 17792K, reserved 1048576K
}
Event: 67.897 GC heap before
{Heap before GC invocations=109 (full 0):
 garbage-first heap   total 442368K, used 371893K [0x0000000080000000, 0x0000000100000000)
  region size 1024K, 221 young (226304K), 4 survivors (4096K)
 Metaspace       used 121047K, capacity 125618K, committed 125824K, reserved 1157120K
  class space    used 15965K, capacity 17770K, committed 17792K, reserved 1048576K
}
Event: 67.900 GC heap after
{Heap after GC invocations=110 (full 0):
 garbage-first heap   total 442368K, used 150233K [0x0000000080000000, 0x0000000100000000)
  region size 1024K, 4 young (4096K), 4 survivors (4096K)
 Metaspace       used 121047K, capacity 125618K, committed 125824K, reserved 1157120K
  class space    used 15965K, capacity 17770K, committed 17792K, reserved 1048576K
}
Event: 68.959 GC heap before
{Heap before GC invocations=110 (full 0):
 garbage-first heap   total 442368K, used 418521K [0x0000000080000000, 0x0000000100000000)
  region size 1024K, 224 young (229376K), 4 survivors (4096K)
 Metaspace       used 121151K, capacity 125756K, committed 125824K, reserved 1157120K
  class space    used 15965K, capacity 17770K, committed 17792K, reserved 1048576K
}
Event: 68.973 GC heap after
{Heap after GC invocations=111 (full 0):
 garbage-first heap   total 442368K, used 152463K [0x0000000080000000, 0x0000000100000000)
  region size 1024K, 7 young (7168K), 7 survivors (7168K)
 Metaspace       used 121151K, capacity 125756K, committed 125824K, reserved 1157120K
  class space    used 15965K, capacity 17770K, committed 17792K, reserved 1048576K
}
Event: 69.087 GC heap before
{Heap before GC invocations=111 (full 0):
 garbage-first heap   total 442368K, used 252815K [0x0000000080000000, 0x0000000100000000)
  region size 1024K, 57 young (58368K), 7 survivors (7168K)
 Metaspace       used 121151K, capacity 125756K, committed 125824K, reserved 1157120K
  class space    used 15965K, capacity 17770K, committed 17792K, reserved 1048576K
}
Event: 69.095 GC heap after
{Heap after GC invocations=112 (full 0):
 garbage-first heap   total 442368K, used 177881K [0x0000000080000000, 0x0000000100000000)
  region size 1024K, 10 young (10240K), 10 survivors (10240K)
 Metaspace       used 121151K, capacity 125756K, committed 125824K, reserved 1157120K
  class space    used 15965K, capacity 17770K, committed 17792K, reserved 1048576K
}

