# JRE version: OpenJDK Runtime Environment (11.0.10) (build 11.0.10+0-b96-7249189)
# Java VM: OpenJDK 64-Bit Server VM (11.0.10+0-b96-7249189, mixed mode, tiered, compressed oops, g1 gc, windows-amd64)
Heap:
 garbage-first heap   total 332800K, used 172238K [0x0000000080000000, 0x0000000100000000)
  region size 1024K, 34 young (34816K), 3 survivors (3072K)
 Metaspace       used 150241K, capacity 155678K, committed 155724K, reserved 1185792K
  class space    used 18114K, capacity 20017K, committed 20044K, reserved 1048576K
GC Heap History (20 events):
Event: 7637.794 GC heap before
{Heap before GC invocations=473 (full 0):
 garbage-first heap   total 327680K, used 128753K [0x0000000080000000, 0x0000000100000000)
  region size 1024K, 16 young (16384K), 10 survivors (10240K)
 Metaspace       used 133186K, capacity 137792K, committed 137932K, reserved 1169408K
  class space    used 15895K, capacity 17527K, committed 17612K, reserved 1048576K
}
Event: 7637.802 GC heap after
{Heap after GC invocations=474 (full 0):
 garbage-first heap   total 327680K, used 114520K [0x0000000080000000, 0x0000000100000000)
  region size 1024K, 2 young (2048K), 2 survivors (2048K)
 Metaspace       used 133186K, capacity 137792K, committed 137932K, reserved 1169408K
  class space    used 15895K, capacity 17527K, committed 17612K, reserved 1048576K
}
Event: 7637.855 GC heap before
{Heap before GC invocations=474 (full 0):
 garbage-first heap   total 327680K, used 129880K [0x0000000080000000, 0x0000000100000000)
  region size 1024K, 19 young (19456K), 2 survivors (2048K)
 Metaspace       used 133187K, capacity 137792K, committed 137932K, reserved 1169408K
  class space    used 15895K, capacity 17527K, committed 17612K, reserved 1048576K
}
Event: 7637.860 GC heap after
{Heap after GC invocations=475 (full 0):
 garbage-first heap   total 327680K, used 113951K [0x0000000080000000, 0x0000000100000000)
  region size 1024K, 1 young (1024K), 1 survivors (1024K)
 Metaspace       used 133187K, capacity 137792K, committed 137932K, reserved 1169408K
  class space    used 15895K, capacity 17527K, committed 17612K, reserved 1048576K
}
Event: 7729.519 GC heap before
{Heap before GC invocations=476 (full 0):
 garbage-first heap   total 327680K, used 313631K [0x0000000080000000, 0x0000000100000000)
  region size 1024K, 141 young (144384K), 1 survivors (1024K)
 Metaspace       used 133241K, capacity 137864K, committed 138188K, reserved 1169408K
  class space    used 15895K, capacity 17527K, committed 17612K, reserved 1048576K
}
Event: 7729.528 GC heap after
{Heap after GC invocations=477 (full 0):
 garbage-first heap   total 327680K, used 119245K [0x0000000080000000, 0x0000000100000000)
  region size 1024K, 9 young (9216K), 9 survivors (9216K)
 Metaspace       used 133241K, capacity 137864K, committed 138188K, reserved 1169408K
  class space    used 15895K, capacity 17527K, committed 17612K, reserved 1048576K
}
Event: 7729.556 GC heap before
{Heap before GC invocations=477 (full 0):
 garbage-first heap   total 327680K, used 126413K [0x0000000080000000, 0x0000000100000000)
  region size 1024K, 16 young (16384K), 9 survivors (9216K)
 Metaspace       used 133241K, capacity 137864K, committed 138188K, reserved 1169408K
  class space    used 15895K, capacity 17527K, committed 17612K, reserved 1048576K
}
Event: 7729.564 GC heap after
{Heap after GC invocations=478 (full 0):
 garbage-first heap   total 327680K, used 114004K [0x0000000080000000, 0x0000000100000000)
  region size 1024K, 2 young (2048K), 2 survivors (2048K)
 Metaspace       used 133241K, capacity 137864K, committed 138188K, reserved 1169408K
  class space    used 15895K, capacity 17527K, committed 17612K, reserved 1048576K
}
Event: 7729.616 GC heap before
{Heap before GC invocations=478 (full 0):
 garbage-first heap   total 327680K, used 129364K [0x0000000080000000, 0x0000000100000000)
  region size 1024K, 19 young (19456K), 2 survivors (2048K)
 Metaspace       used 133241K, capacity 137864K, committed 138188K, reserved 1169408K
  class space    used 15895K, capacity 17527K, committed 17612K, reserved 1048576K
}
Event: 7729.620 GC heap after
{Heap after GC invocations=479 (full 0):
 garbage-first heap   total 327680K, used 113641K [0x0000000080000000, 0x0000000100000000)
  region size 1024K, 1 young (1024K), 1 survivors (1024K)
 Metaspace       used 133241K, capacity 137864K, committed 138188K, reserved 1169408K
  class space    used 15895K, capacity 17527K, committed 17612K, reserved 1048576K
}
Event: 8404.461 GC heap before
{Heap before GC invocations=480 (full 0):
 garbage-first heap   total 327680K, used 320489K [0x0000000080000000, 0x0000000100000000)
  region size 1024K, 145 young (148480K), 1 survivors (1024K)
 Metaspace       used 138648K, capacity 143432K, committed 143564K, reserved 1175552K
  class space    used 16685K, capacity 18374K, committed 18380K, reserved 1048576K
}
Event: 8404.473 GC heap after
{Heap after GC invocations=481 (full 0):
 garbage-first heap   total 332800K, used 140147K [0x0000000080000000, 0x0000000100000000)
  region size 1024K, 10 young (10240K), 10 survivors (10240K)
 Metaspace       used 138648K, capacity 143432K, committed 143564K, reserved 1175552K
  class space    used 16685K, capacity 18374K, committed 18380K, reserved 1048576K
}
Event: 8404.485 GC heap before
{Heap before GC invocations=481 (full 0):
 garbage-first heap   total 332800K, used 146291K [0x0000000080000000, 0x0000000100000000)
  region size 1024K, 16 young (16384K), 10 survivors (10240K)
 Metaspace       used 138649K, capacity 143432K, committed 143564K, reserved 1175552K
  class space    used 16685K, capacity 18374K, committed 18380K, reserved 1048576K
}
Event: 8404.494 GC heap after
{Heap after GC invocations=482 (full 0):
 garbage-first heap   total 332800K, used 132388K [0x0000000080000000, 0x0000000100000000)
  region size 1024K, 1 young (1024K), 1 survivors (1024K)
 Metaspace       used 138649K, capacity 143432K, committed 143564K, reserved 1175552K
  class space    used 16685K, capacity 18374K, committed 18380K, reserved 1048576K
}
Event: 8408.092 GC heap before
{Heap before GC invocations=482 (full 0):
 garbage-first heap   total 332800K, used 268580K [0x0000000080000000, 0x0000000100000000)
  region size 1024K, 134 young (137216K), 1 survivors (1024K)
 Metaspace       used 143624K, capacity 148866K, committed 149068K, reserved 1179648K
  class space    used 17370K, capacity 19195K, committed 19276K, reserved 1048576K
}
Event: 8408.116 GC heap after
{Heap after GC invocations=483 (full 0):
 garbage-first heap   total 332800K, used 139935K [0x0000000080000000, 0x0000000100000000)
  region size 1024K, 9 young (9216K), 9 survivors (9216K)
 Metaspace       used 143624K, capacity 148866K, committed 149068K, reserved 1179648K
  class space    used 17370K, capacity 19195K, committed 19276K, reserved 1048576K
}
Event: 8409.942 GC heap before
{Heap before GC invocations=484 (full 0):
 garbage-first heap   total 332800K, used 265887K [0x0000000080000000, 0x0000000100000000)
  region size 1024K, 136 young (139264K), 9 survivors (9216K)
 Metaspace       used 149166K, capacity 154625K, committed 154828K, reserved 1183744K
  class space    used 17990K, capacity 19885K, committed 19916K, reserved 1048576K
}
Event: 8409.956 GC heap after
{Heap after GC invocations=485 (full 0):
 garbage-first heap   total 332800K, used 144220K [0x0000000080000000, 0x0000000100000000)
  region size 1024K, 17 young (17408K), 17 survivors (17408K)
 Metaspace       used 149166K, capacity 154625K, committed 154828K, reserved 1183744K
  class space    used 17990K, capacity 19885K, committed 19916K, reserved 1048576K
}
Event: 8410.032 GC heap before
{Heap before GC invocations=485 (full 0):
 garbage-first heap   total 332800K, used 145244K [0x0000000080000000, 0x0000000100000000)
  region size 1024K, 18 young (18432K), 17 survivors (17408K)
 Metaspace       used 149224K, capacity 154689K, committed 154828K, reserved 1183744K
  class space    used 17996K, capacity 19885K, committed 19916K, reserved 1048576K
}
Event: 8410.043 GC heap after
{Heap after GC invocations=486 (full 0):
 garbage-first heap   total 332800K, used 141518K [0x0000000080000000, 0x0000000100000000)
  region size 1024K, 3 young (3072K), 3 survivors (3072K)
 Metaspace       used 149224K, capacity 154689K, committed 154828K, reserved 1183744K
  class space    used 17996K, capacity 19885K, committed 19916K, reserved 1048576K
}

