# JRE version: Java(TM) SE Runtime Environment (13.0.2+8) (build 13.0.2+8)
# Java VM: Java HotSpot(TM) 64-Bit Server VM (13.0.2+8, mixed mode, sharing, tiered, compressed oops, g1 gc, windows-amd64)
Heap:
 garbage-first heap   total 109568K, used 79420K [0x0000000080000000, 0x0000000100000000)
  region size 1024K, 28 young (28672K), 3 survivors (3072K)
 Metaspace       used 61136K, capacity 62753K, committed 62976K, reserved 1103872K
  class space    used 8292K, capacity 8889K, committed 8960K, reserved 1048576K
GC Heap History (20 events):
Event: 5.957 GC heap before
{Heap before GC invocations=13 (full 0):
 garbage-first heap   total 75776K, used 35842K [0x0000000080000000, 0x0000000100000000)
  region size 1024K, 5 young (5120K), 3 survivors (3072K)
 Metaspace       used 39611K, capacity 40841K, committed 40960K, reserved 1085440K
  class space    used 5407K, capacity 5846K, committed 5888K, reserved 1048576K
}
Event: 5.960 GC heap after
{Heap after GC invocations=14 (full 0):
 garbage-first heap   total 75776K, used 36065K [0x0000000080000000, 0x0000000100000000)
  region size 1024K, 3 young (3072K), 3 survivors (3072K)
 Metaspace       used 39611K, capacity 40841K, committed 40960K, reserved 1085440K
  class space    used 5407K, capacity 5846K, committed 5888K, reserved 1048576K
}
Event: 6.205 GC heap before
{Heap before GC invocations=15 (full 0):
 garbage-first heap   total 75776K, used 58593K [0x0000000080000000, 0x0000000100000000)
  region size 1024K, 23 young (23552K), 3 survivors (3072K)
 Metaspace       used 40605K, capacity 41954K, committed 42240K, reserved 1085440K
  class space    used 5541K, capacity 6055K, committed 6144K, reserved 1048576K
}
Event: 6.209 GC heap after
{Heap after GC invocations=16 (full 0):
 garbage-first heap   total 75776K, used 44064K [0x0000000080000000, 0x0000000100000000)
  region size 1024K, 3 young (3072K), 3 survivors (3072K)
 Metaspace       used 40605K, capacity 41954K, committed 42240K, reserved 1085440K
  class space    used 5541K, capacity 6055K, committed 6144K, reserved 1048576K
}
Event: 6.218 GC heap before
{Heap before GC invocations=16 (full 0):
 garbage-first heap   total 75776K, used 45088K [0x0000000080000000, 0x0000000100000000)
  region size 1024K, 4 young (4096K), 3 survivors (3072K)
 Metaspace       used 40704K, capacity 42018K, committed 42240K, reserved 1085440K
  class space    used 5565K, capacity 6055K, committed 6144K, reserved 1048576K
}
Event: 6.225 GC heap after
{Heap after GC invocations=17 (full 0):
 garbage-first heap   total 91136K, used 42096K [0x0000000080000000, 0x0000000100000000)
  region size 1024K, 1 young (1024K), 1 survivors (1024K)
 Metaspace       used 40704K, capacity 42018K, committed 42240K, reserved 1085440K
  class space    used 5565K, capacity 6055K, committed 6144K, reserved 1048576K
}
Event: 6.494 GC heap before
{Heap before GC invocations=17 (full 0):
 garbage-first heap   total 91136K, used 65648K [0x0000000080000000, 0x0000000100000000)
  region size 1024K, 24 young (24576K), 1 survivors (1024K)
 Metaspace       used 43845K, capacity 45149K, committed 45312K, reserved 1087488K
  class space    used 5934K, capacity 6393K, committed 6400K, reserved 1048576K
}
Event: 6.498 GC heap after
{Heap after GC invocations=18 (full 0):
 garbage-first heap   total 91136K, used 42646K [0x0000000080000000, 0x0000000100000000)
  region size 1024K, 1 young (1024K), 1 survivors (1024K)
 Metaspace       used 43845K, capacity 45149K, committed 45312K, reserved 1087488K
  class space    used 5934K, capacity 6393K, committed 6400K, reserved 1048576K
}
Event: 6.808 GC heap before
{Heap before GC invocations=19 (full 0):
 garbage-first heap   total 91136K, used 68246K [0x0000000080000000, 0x0000000100000000)
  region size 1024K, 26 young (26624K), 1 survivors (1024K)
 Metaspace       used 47607K, capacity 48882K, committed 49152K, reserved 1091584K
  class space    used 6383K, capacity 6849K, committed 6912K, reserved 1048576K
}
Event: 6.810 GC heap after
{Heap after GC invocations=20 (full 0):
 garbage-first heap   total 91136K, used 43443K [0x0000000080000000, 0x0000000100000000)
  region size 1024K, 2 young (2048K), 2 survivors (2048K)
 Metaspace       used 47607K, capacity 48882K, committed 49152K, reserved 1091584K
  class space    used 6383K, capacity 6849K, committed 6912K, reserved 1048576K
}
Event: 7.179 GC heap before
{Heap before GC invocations=20 (full 0):
 garbage-first heap   total 91136K, used 68019K [0x0000000080000000, 0x0000000100000000)
  region size 1024K, 27 young (27648K), 2 survivors (2048K)
 Metaspace       used 51377K, capacity 52712K, committed 52992K, reserved 1095680K
  class space    used 6873K, capacity 7398K, committed 7424K, reserved 1048576K
}
Event: 7.184 GC heap after
{Heap after GC invocations=21 (full 0):
 garbage-first heap   total 91136K, used 45611K [0x0000000080000000, 0x0000000100000000)
  region size 1024K, 4 young (4096K), 4 survivors (4096K)
 Metaspace       used 51377K, capacity 52712K, committed 52992K, reserved 1095680K
  class space    used 6873K, capacity 7398K, committed 7424K, reserved 1048576K
}
Event: 7.477 GC heap before
{Heap before GC invocations=22 (full 0):
 garbage-first heap   total 91136K, used 70187K [0x0000000080000000, 0x0000000100000000)
  region size 1024K, 29 young (29696K), 4 survivors (4096K)
 Metaspace       used 53447K, capacity 54868K, committed 55040K, reserved 1097728K
  class space    used 7130K, capacity 7661K, committed 7680K, reserved 1048576K
}
Event: 7.482 GC heap after
{Heap after GC invocations=23 (full 0):
 garbage-first heap   total 109568K, used 47672K [0x0000000080000000, 0x0000000100000000)
  region size 1024K, 3 young (3072K), 3 survivors (3072K)
 Metaspace       used 53447K, capacity 54868K, committed 55040K, reserved 1097728K
  class space    used 7130K, capacity 7661K, committed 7680K, reserved 1048576K
}
Event: 7.812 GC heap before
{Heap before GC invocations=23 (full 0):
 garbage-first heap   total 109568K, used 79416K [0x0000000080000000, 0x0000000100000000)
  region size 1024K, 34 young (34816K), 3 survivors (3072K)
 Metaspace       used 55264K, capacity 56645K, committed 56832K, reserved 1097728K
  class space    used 7362K, capacity 7907K, committed 7936K, reserved 1048576K
}
Event: 7.815 GC heap after
{Heap after GC invocations=24 (full 0):
 garbage-first heap   total 109568K, used 49912K [0x0000000080000000, 0x0000000100000000)
  region size 1024K, 5 young (5120K), 5 survivors (5120K)
 Metaspace       used 55264K, capacity 56645K, committed 56832K, reserved 1097728K
  class space    used 7362K, capacity 7907K, committed 7936K, reserved 1048576K
}
Event: 8.075 GC heap before
{Heap before GC invocations=24 (full 0):
 garbage-first heap   total 109568K, used 81656K [0x0000000080000000, 0x0000000100000000)
  region size 1024K, 36 young (36864K), 5 survivors (5120K)
 Metaspace       used 56672K, capacity 58159K, committed 58368K, reserved 1099776K
  class space    used 7559K, capacity 8113K, committed 8192K, reserved 1048576K
}
Event: 8.079 GC heap after
{Heap after GC invocations=25 (full 0):
 garbage-first heap   total 109568K, used 52656K [0x0000000080000000, 0x0000000100000000)
  region size 1024K, 5 young (5120K), 5 survivors (5120K)
 Metaspace       used 56672K, capacity 58159K, committed 58368K, reserved 1099776K
  class space    used 7559K, capacity 8113K, committed 8192K, reserved 1048576K
}
Event: 8.581 GC heap before
{Heap before GC invocations=25 (full 0):
 garbage-first heap   total 109568K, used 84400K [0x0000000080000000, 0x0000000100000000)
  region size 1024K, 36 young (36864K), 5 survivors (5120K)
 Metaspace       used 60663K, capacity 62194K, committed 62336K, reserved 1103872K
  class space    used 8232K, capacity 8812K, committed 8832K, reserved 1048576K
}
Event: 8.585 GC heap after
{Heap after GC invocations=26 (full 0):
 garbage-first heap   total 109568K, used 54844K [0x0000000080000000, 0x0000000100000000)
  region size 1024K, 3 young (3072K), 3 survivors (3072K)
 Metaspace       used 60663K, capacity 62194K, committed 62336K, reserved 1103872K
  class space    used 8232K, capacity 8812K, committed 8832K, reserved 1048576K
}

