# JRE version: Java(TM) SE Runtime Environment (13.0.2+8) (build 13.0.2+8)
# Java VM: Java HotSpot(TM) 64-Bit Server VM (13.0.2+8, mixed mode, sharing, tiered, compressed oops, g1 gc, windows-amd64)
Heap:
 garbage-first heap   total 159744K, used 124927K [0x0000000080000000, 0x0000000100000000)
  region size 1024K, 53 young (54272K), 6 survivors (6144K)
 Metaspace       used 75004K, capacity 77430K, committed 77696K, reserved 1116160K
  class space    used 10157K, capacity 11022K, committed 11136K, reserved 1048576K
GC Heap History (20 events):
Event: 8.166 GC heap before
{Heap before GC invocations=28 (full 0):
 garbage-first heap   total 110592K, used 80350K [0x0000000080000000, 0x0000000100000000)
  region size 1024K, 30 young (30720K), 3 survivors (3072K)
 Metaspace       used 56677K, capacity 58230K, committed 58368K, reserved 1099776K
  class space    used 7561K, capacity 8113K, committed 8192K, reserved 1048576K
}
Event: 8.173 GC heap after
{Heap after GC invocations=29 (full 0):
 garbage-first heap   total 110592K, used 55351K [0x0000000080000000, 0x0000000100000000)
  region size 1024K, 3 young (3072K), 3 survivors (3072K)
 Metaspace       used 56677K, capacity 58230K, committed 58368K, reserved 1099776K
  class space    used 7561K, capacity 8113K, committed 8192K, reserved 1048576K
}
Event: 8.580 GC heap before
{Heap before GC invocations=30 (full 0):
 garbage-first heap   total 110592K, used 82999K [0x0000000080000000, 0x0000000100000000)
  region size 1024K, 30 young (30720K), 3 survivors (3072K)
 Metaspace       used 60346K, capacity 61933K, committed 62080K, reserved 1101824K
  class space    used 8183K, capacity 8746K, committed 8832K, reserved 1048576K
}
Event: 8.583 GC heap after
{Heap after GC invocations=31 (full 0):
 garbage-first heap   total 110592K, used 56738K [0x0000000080000000, 0x0000000100000000)
  region size 1024K, 2 young (2048K), 2 survivors (2048K)
 Metaspace       used 60346K, capacity 61933K, committed 62080K, reserved 1101824K
  class space    used 8183K, capacity 8746K, committed 8832K, reserved 1048576K
}
Event: 8.760 GC heap before
{Heap before GC invocations=31 (full 0):
 garbage-first heap   total 110592K, used 84386K [0x0000000080000000, 0x0000000100000000)
  region size 1024K, 29 young (29696K), 2 survivors (2048K)
 Metaspace       used 61114K, capacity 62725K, committed 62976K, reserved 1103872K
  class space    used 8284K, capacity 8857K, committed 8960K, reserved 1048576K
}
Event: 8.765 GC heap after
{Heap after GC invocations=32 (full 0):
 garbage-first heap   total 133120K, used 58633K [0x0000000080000000, 0x0000000100000000)
  region size 1024K, 4 young (4096K), 4 survivors (4096K)
 Metaspace       used 61114K, capacity 62725K, committed 62976K, reserved 1103872K
  class space    used 8284K, capacity 8857K, committed 8960K, reserved 1048576K
}
Event: 9.109 GC heap before
{Heap before GC invocations=33 (full 0):
 garbage-first heap   total 133120K, used 95497K [0x0000000080000000, 0x0000000100000000)
  region size 1024K, 40 young (40960K), 4 survivors (4096K)
 Metaspace       used 63658K, capacity 65265K, committed 65408K, reserved 1105920K
  class space    used 8674K, capacity 9296K, committed 9344K, reserved 1048576K
}
Event: 9.115 GC heap after
{Heap after GC invocations=34 (full 0):
 garbage-first heap   total 133120K, used 60737K [0x0000000080000000, 0x0000000100000000)
  region size 1024K, 5 young (5120K), 5 survivors (5120K)
 Metaspace       used 63658K, capacity 65265K, committed 65408K, reserved 1105920K
  class space    used 8674K, capacity 9296K, committed 9344K, reserved 1048576K
}
Event: 9.605 GC heap before
{Heap before GC invocations=34 (full 0):
 garbage-first heap   total 133120K, used 97601K [0x0000000080000000, 0x0000000100000000)
  region size 1024K, 41 young (41984K), 5 survivors (5120K)
 Metaspace       used 67703K, capacity 69442K, committed 69504K, reserved 1110016K
  class space    used 9199K, capacity 9838K, committed 9856K, reserved 1048576K
}
Event: 9.610 GC heap after
{Heap after GC invocations=35 (full 0):
 garbage-first heap   total 133120K, used 63196K [0x0000000080000000, 0x0000000100000000)
  region size 1024K, 5 young (5120K), 5 survivors (5120K)
 Metaspace       used 67703K, capacity 69442K, committed 69504K, reserved 1110016K
  class space    used 9199K, capacity 9838K, committed 9856K, reserved 1048576K
}
Event: 10.069 GC heap before
{Heap before GC invocations=35 (full 0):
 garbage-first heap   total 133120K, used 100060K [0x0000000080000000, 0x0000000100000000)
  region size 1024K, 42 young (43008K), 5 survivors (5120K)
 Metaspace       used 70195K, capacity 72146K, committed 72320K, reserved 1112064K
  class space    used 9606K, capacity 10274K, committed 10368K, reserved 1048576K
}
Event: 10.081 GC heap after
{Heap after GC invocations=36 (full 0):
 garbage-first heap   total 133120K, used 66640K [0x0000000080000000, 0x0000000100000000)
  region size 1024K, 6 young (6144K), 6 survivors (6144K)
 Metaspace       used 70195K, capacity 72146K, committed 72320K, reserved 1112064K
  class space    used 9606K, capacity 10274K, committed 10368K, reserved 1048576K
}
Event: 10.577 GC heap before
{Heap before GC invocations=37 (full 0):
 garbage-first heap   total 133120K, used 102480K [0x0000000080000000, 0x0000000100000000)
  region size 1024K, 42 young (43008K), 6 survivors (6144K)
 Metaspace       used 71771K, capacity 74042K, committed 74240K, reserved 1112064K
  class space    used 9865K, capacity 10723K, committed 10752K, reserved 1048576K
}
Event: 10.586 GC heap after
{Heap after GC invocations=38 (full 0):
 garbage-first heap   total 159744K, used 69238K [0x0000000080000000, 0x0000000100000000)
  region size 1024K, 3 young (3072K), 3 survivors (3072K)
 Metaspace       used 71771K, capacity 74042K, committed 74240K, reserved 1112064K
  class space    used 9865K, capacity 10723K, committed 10752K, reserved 1048576K
}
Event: 11.012 GC heap before
{Heap before GC invocations=38 (full 0):
 garbage-first heap   total 159744K, used 116342K [0x0000000080000000, 0x0000000100000000)
  region size 1024K, 50 young (51200K), 3 survivors (3072K)
 Metaspace       used 72250K, capacity 74519K, committed 74752K, reserved 1114112K
  class space    used 9879K, capacity 10738K, committed 10752K, reserved 1048576K
}
Event: 11.019 GC heap after
{Heap after GC invocations=39 (full 0):
 garbage-first heap   total 159744K, used 72310K [0x0000000080000000, 0x0000000100000000)
  region size 1024K, 6 young (6144K), 6 survivors (6144K)
 Metaspace       used 72250K, capacity 74519K, committed 74752K, reserved 1114112K
  class space    used 9879K, capacity 10738K, committed 10752K, reserved 1048576K
}
Event: 11.376 GC heap before
{Heap before GC invocations=39 (full 0):
 garbage-first heap   total 159744K, used 119414K [0x0000000080000000, 0x0000000100000000)
  region size 1024K, 53 young (54272K), 6 survivors (6144K)
 Metaspace       used 72845K, capacity 75204K, committed 75392K, reserved 1114112K
  class space    used 9927K, capacity 10794K, committed 10880K, reserved 1048576K
}
Event: 11.384 GC heap after
{Heap after GC invocations=40 (full 0):
 garbage-first heap   total 159744K, used 75529K [0x0000000080000000, 0x0000000100000000)
  region size 1024K, 7 young (7168K), 7 survivors (7168K)
 Metaspace       used 72845K, capacity 75204K, committed 75392K, reserved 1114112K
  class space    used 9927K, capacity 10794K, committed 10880K, reserved 1048576K
}
Event: 11.681 GC heap before
{Heap before GC invocations=40 (full 0):
 garbage-first heap   total 159744K, used 122633K [0x0000000080000000, 0x0000000100000000)
  region size 1024K, 54 young (55296K), 7 survivors (7168K)
 Metaspace       used 74475K, capacity 76801K, committed 77056K, reserved 1116160K
  class space    used 10079K, capacity 10921K, committed 11008K, reserved 1048576K
}
Event: 11.690 GC heap after
{Heap after GC invocations=41 (full 0):
 garbage-first heap   total 159744K, used 77823K [0x0000000080000000, 0x0000000100000000)
  region size 1024K, 6 young (6144K), 6 survivors (6144K)
 Metaspace       used 74475K, capacity 76801K, committed 77056K, reserved 1116160K
  class space    used 10079K, capacity 10921K, committed 11008K, reserved 1048576K
}

