# JRE version: OpenJDK Runtime Environment (11.0.10) (build 11.0.10+0-b96-7249189)
# Java VM: OpenJDK 64-Bit Server VM (11.0.10+0-b96-7249189, mixed mode, tiered, compressed oops, g1 gc, windows-amd64)
Heap:
 garbage-first heap   total 229376K, used 56784K [0x0000000080000000, 0x0000000100000000)
  region size 1024K, 18 young (18432K), 4 survivors (4096K)
 Metaspace       used 59535K, capacity 61098K, committed 61440K, reserved 1101824K
  class space    used 7541K, capacity 8088K, committed 8192K, reserved 1048576K
GC Heap History (14 events):
Event: 2.158 GC heap before
{Heap before GC invocations=0 (full 0):
 garbage-first heap   total 229376K, used 29696K [0x0000000080000000, 0x0000000100000000)
  region size 1024K, 24 young (24576K), 0 survivors (0K)
 Metaspace       used 10195K, capacity 10361K, committed 10624K, reserved 1058816K
  class space    used 1065K, capacity 1139K, committed 1152K, reserved 1048576K
}
Event: 2.168 GC heap after
{Heap after GC invocations=1 (full 0):
 garbage-first heap   total 229376K, used 9066K [0x0000000080000000, 0x0000000100000000)
  region size 1024K, 3 young (3072K), 3 survivors (3072K)
 Metaspace       used 10195K, capacity 10361K, committed 10624K, reserved 1058816K
  class space    used 1065K, capacity 1139K, committed 1152K, reserved 1048576K
}
Event: 5.595 GC heap before
{Heap before GC invocations=1 (full 0):
 garbage-first heap   total 229376K, used 68458K [0x0000000080000000, 0x0000000100000000)
  region size 1024K, 61 young (62464K), 3 survivors (3072K)
 Metaspace       used 15415K, capacity 15723K, committed 16000K, reserved 1062912K
  class space    used 1759K, capacity 1863K, committed 1920K, reserved 1048576K
}
Event: 5.604 GC heap after
{Heap after GC invocations=2 (full 0):
 garbage-first heap   total 229376K, used 15033K [0x0000000080000000, 0x0000000100000000)
  region size 1024K, 8 young (8192K), 8 survivors (8192K)
 Metaspace       used 15415K, capacity 15723K, committed 16000K, reserved 1062912K
  class space    used 1759K, capacity 1863K, committed 1920K, reserved 1048576K
}
Event: 16.640 GC heap before
{Heap before GC invocations=2 (full 0):
 garbage-first heap   total 229376K, used 51897K [0x0000000080000000, 0x0000000100000000)
  region size 1024K, 45 young (46080K), 8 survivors (8192K)
 Metaspace       used 20643K, capacity 21128K, committed 21248K, reserved 1067008K
  class space    used 2517K, capacity 2722K, committed 2816K, reserved 1048576K
}
Event: 16.655 GC heap after
{Heap after GC invocations=3 (full 0):
 garbage-first heap   total 229376K, used 16684K [0x0000000080000000, 0x0000000100000000)
  region size 1024K, 2 young (2048K), 2 survivors (2048K)
 Metaspace       used 20643K, capacity 21128K, committed 21248K, reserved 1067008K
  class space    used 2517K, capacity 2722K, committed 2816K, reserved 1048576K
}
Event: 19.544 GC heap before
{Heap before GC invocations=4 (full 0):
 garbage-first heap   total 229376K, used 83244K [0x0000000080000000, 0x0000000100000000)
  region size 1024K, 67 young (68608K), 2 survivors (2048K)
 Metaspace       used 26831K, capacity 27516K, committed 27648K, reserved 1073152K
  class space    used 3542K, capacity 3794K, committed 3840K, reserved 1048576K
}
Event: 19.553 GC heap after
{Heap after GC invocations=5 (full 0):
 garbage-first heap   total 229376K, used 18619K [0x0000000080000000, 0x0000000100000000)
  region size 1024K, 4 young (4096K), 4 survivors (4096K)
 Metaspace       used 26831K, capacity 27516K, committed 27648K, reserved 1073152K
  class space    used 3542K, capacity 3794K, committed 3840K, reserved 1048576K
}
Event: 27.374 GC heap before
{Heap before GC invocations=5 (full 0):
 garbage-first heap   total 229376K, used 62651K [0x0000000080000000, 0x0000000100000000)
  region size 1024K, 48 young (49152K), 4 survivors (4096K)
 Metaspace       used 35049K, capacity 35836K, committed 35840K, reserved 1081344K
  class space    used 4540K, capacity 4864K, committed 4864K, reserved 1048576K
}
Event: 27.388 GC heap after
{Heap after GC invocations=6 (full 0):
 garbage-first heap   total 229376K, used 22954K [0x0000000080000000, 0x0000000100000000)
  region size 1024K, 8 young (8192K), 8 survivors (8192K)
 Metaspace       used 35049K, capacity 35836K, committed 35840K, reserved 1081344K
  class space    used 4540K, capacity 4864K, committed 4864K, reserved 1048576K
}
Event: 32.522 GC heap before
{Heap before GC invocations=7 (full 0):
 garbage-first heap   total 229376K, used 118186K [0x0000000080000000, 0x0000000100000000)
  region size 1024K, 98 young (100352K), 8 survivors (8192K)
 Metaspace       used 42689K, capacity 43748K, committed 44032K, reserved 1087488K
  class space    used 5431K, capacity 5784K, committed 5888K, reserved 1048576K
}
Event: 32.545 GC heap after
{Heap after GC invocations=8 (full 0):
 garbage-first heap   total 229376K, used 28117K [0x0000000080000000, 0x0000000100000000)
  region size 1024K, 12 young (12288K), 12 survivors (12288K)
 Metaspace       used 42689K, capacity 43748K, committed 44032K, reserved 1087488K
  class space    used 5431K, capacity 5784K, committed 5888K, reserved 1048576K
}
Event: 65.905 GC heap before
{Heap before GC invocations=8 (full 0):
 garbage-first heap   total 229376K, used 136661K [0x0000000080000000, 0x0000000100000000)
  region size 1024K, 114 young (116736K), 12 survivors (12288K)
 Metaspace       used 49604K, capacity 50974K, committed 51200K, reserved 1093632K
  class space    used 6321K, capacity 6786K, committed 6912K, reserved 1048576K
}
Event: 65.929 GC heap after
{Heap after GC invocations=9 (full 0):
 garbage-first heap   total 229376K, used 40906K [0x0000000080000000, 0x0000000100000000)
  region size 1024K, 15 young (15360K), 15 survivors (15360K)
 Metaspace       used 49604K, capacity 50974K, committed 51200K, reserved 1093632K
  class space    used 6321K, capacity 6786K, committed 6912K, reserved 1048576K
}

