# JRE version: Java(TM) SE Runtime Environment (13.0.2+8) (build 13.0.2+8)
# Java VM: Java HotSpot(TM) 64-Bit Server VM (13.0.2+8, mixed mode, sharing, tiered, compressed oops, g1 gc, windows-amd64)
Heap:
 garbage-first heap   total 312320K, used 190305K [0x0000000080000000, 0x0000000100000000)
  region size 1024K, 56 young (57344K), 7 survivors (7168K)
 Metaspace       used 117701K, capacity 121458K, committed 121728K, reserved 1155072K
  class space    used 15519K, capacity 16923K, committed 17024K, reserved 1048576K
GC Heap History (20 events):
Event: 50.188 GC heap before
{Heap before GC invocations=61 (full 0):
 garbage-first heap   total 260096K, used 212912K [0x0000000080000000, 0x0000000100000000)
  region size 1024K, 96 young (98304K), 2 survivors (2048K)
 Metaspace       used 114083K, capacity 117518K, committed 117760K, reserved 1150976K
  class space    used 15071K, capacity 16364K, committed 16384K, reserved 1048576K
}
Event: 50.191 GC heap after
{Heap after GC invocations=62 (full 0):
 garbage-first heap   total 260096K, used 116874K [0x0000000080000000, 0x0000000100000000)
  region size 1024K, 2 young (2048K), 2 survivors (2048K)
 Metaspace       used 114083K, capacity 117518K, committed 117760K, reserved 1150976K
  class space    used 15071K, capacity 16364K, committed 16384K, reserved 1048576K
}
Event: 50.281 GC heap before
{Heap before GC invocations=62 (full 0):
 garbage-first heap   total 260096K, used 215178K [0x0000000080000000, 0x0000000100000000)
  region size 1024K, 98 young (100352K), 2 survivors (2048K)
 Metaspace       used 114083K, capacity 117518K, committed 117760K, reserved 1150976K
  class space    used 15071K, capacity 16364K, committed 16384K, reserved 1048576K
}
Event: 50.284 GC heap after
{Heap after GC invocations=63 (full 0):
 garbage-first heap   total 260096K, used 117038K [0x0000000080000000, 0x0000000100000000)
  region size 1024K, 3 young (3072K), 3 survivors (3072K)
 Metaspace       used 114083K, capacity 117518K, committed 117760K, reserved 1150976K
  class space    used 15071K, capacity 16364K, committed 16384K, reserved 1048576K
}
Event: 50.599 GC heap before
{Heap before GC invocations=63 (full 0):
 garbage-first heap   total 260096K, used 216366K [0x0000000080000000, 0x0000000100000000)
  region size 1024K, 100 young (102400K), 3 survivors (3072K)
 Metaspace       used 114875K, capacity 118430K, committed 118656K, reserved 1150976K
  class space    used 15148K, capacity 16497K, committed 16512K, reserved 1048576K
}
Event: 50.602 GC heap after
{Heap after GC invocations=64 (full 0):
 garbage-first heap   total 260096K, used 116943K [0x0000000080000000, 0x0000000100000000)
  region size 1024K, 2 young (2048K), 2 survivors (2048K)
 Metaspace       used 114875K, capacity 118430K, committed 118656K, reserved 1150976K
  class space    used 15148K, capacity 16497K, committed 16512K, reserved 1048576K
}
Event: 50.780 GC heap before
{Heap before GC invocations=64 (full 0):
 garbage-first heap   total 260096K, used 217295K [0x0000000080000000, 0x0000000100000000)
  region size 1024K, 100 young (102400K), 2 survivors (2048K)
 Metaspace       used 114880K, capacity 118431K, committed 118656K, reserved 1150976K
  class space    used 15148K, capacity 16497K, committed 16512K, reserved 1048576K
}
Event: 50.784 GC heap after
{Heap after GC invocations=65 (full 0):
 garbage-first heap   total 260096K, used 118018K [0x0000000080000000, 0x0000000100000000)
  region size 1024K, 3 young (3072K), 3 survivors (3072K)
 Metaspace       used 114880K, capacity 118431K, committed 118656K, reserved 1150976K
  class space    used 15148K, capacity 16497K, committed 16512K, reserved 1048576K
}
Event: 50.935 GC heap before
{Heap before GC invocations=65 (full 0):
 garbage-first heap   total 260096K, used 218370K [0x0000000080000000, 0x0000000100000000)
  region size 1024K, 101 young (103424K), 3 survivors (3072K)
 Metaspace       used 114880K, capacity 118431K, committed 118656K, reserved 1150976K
  class space    used 15148K, capacity 16497K, committed 16512K, reserved 1048576K
}
Event: 50.939 GC heap after
{Heap after GC invocations=66 (full 0):
 garbage-first heap   total 260096K, used 118287K [0x0000000080000000, 0x0000000100000000)
  region size 1024K, 4 young (4096K), 4 survivors (4096K)
 Metaspace       used 114880K, capacity 118431K, committed 118656K, reserved 1150976K
  class space    used 15148K, capacity 16497K, committed 16512K, reserved 1048576K
}
Event: 51.091 GC heap before
{Heap before GC invocations=66 (full 0):
 garbage-first heap   total 260096K, used 219663K [0x0000000080000000, 0x0000000100000000)
  region size 1024K, 103 young (105472K), 4 survivors (4096K)
 Metaspace       used 114880K, capacity 118431K, committed 118656K, reserved 1150976K
  class space    used 15148K, capacity 16497K, committed 16512K, reserved 1048576K
}
Event: 51.094 GC heap after
{Heap after GC invocations=67 (full 0):
 garbage-first heap   total 260096K, used 118548K [0x0000000080000000, 0x0000000100000000)
  region size 1024K, 4 young (4096K), 4 survivors (4096K)
 Metaspace       used 114880K, capacity 118431K, committed 118656K, reserved 1150976K
  class space    used 15148K, capacity 16497K, committed 16512K, reserved 1048576K
}
Event: 51.226 GC heap before
{Heap before GC invocations=67 (full 0):
 garbage-first heap   total 260096K, used 220948K [0x0000000080000000, 0x0000000100000000)
  region size 1024K, 104 young (106496K), 4 survivors (4096K)
 Metaspace       used 114880K, capacity 118431K, committed 118656K, reserved 1150976K
  class space    used 15148K, capacity 16497K, committed 16512K, reserved 1048576K
}
Event: 51.229 GC heap after
{Heap after GC invocations=68 (full 0):
 garbage-first heap   total 260096K, used 118835K [0x0000000080000000, 0x0000000100000000)
  region size 1024K, 4 young (4096K), 4 survivors (4096K)
 Metaspace       used 114880K, capacity 118431K, committed 118656K, reserved 1150976K
  class space    used 15148K, capacity 16497K, committed 16512K, reserved 1048576K
}
Event: 51.350 GC heap before
{Heap before GC invocations=68 (full 0):
 garbage-first heap   total 260096K, used 222259K [0x0000000080000000, 0x0000000100000000)
  region size 1024K, 105 young (107520K), 4 survivors (4096K)
 Metaspace       used 114880K, capacity 118431K, committed 118656K, reserved 1150976K
  class space    used 15148K, capacity 16497K, committed 16512K, reserved 1048576K
}
Event: 51.356 GC heap after
{Heap after GC invocations=69 (full 0):
 garbage-first heap   total 260096K, used 118886K [0x0000000080000000, 0x0000000100000000)
  region size 1024K, 4 young (4096K), 4 survivors (4096K)
 Metaspace       used 114880K, capacity 118431K, committed 118656K, reserved 1150976K
  class space    used 15148K, capacity 16497K, committed 16512K, reserved 1048576K
}
Event: 51.866 GC heap before
{Heap before GC invocations=69 (full 0):
 garbage-first heap   total 260096K, used 221286K [0x0000000080000000, 0x0000000100000000)
  region size 1024K, 105 young (107520K), 4 survivors (4096K)
 Metaspace       used 116014K, capacity 119693K, committed 119936K, reserved 1153024K
  class space    used 15305K, capacity 16681K, committed 16768K, reserved 1048576K
}
Event: 51.872 GC heap after
{Heap after GC invocations=70 (full 0):
 garbage-first heap   total 312320K, used 119593K [0x0000000080000000, 0x0000000100000000)
  region size 1024K, 5 young (5120K), 5 survivors (5120K)
 Metaspace       used 116014K, capacity 119693K, committed 119936K, reserved 1153024K
  class space    used 15305K, capacity 16681K, committed 16768K, reserved 1048576K
}
Event: 52.460 GC heap before
{Heap before GC invocations=70 (full 0):
 garbage-first heap   total 312320K, used 234281K [0x0000000080000000, 0x0000000100000000)
  region size 1024K, 97 young (99328K), 5 survivors (5120K)
 Metaspace       used 117582K, capacity 121312K, committed 121472K, reserved 1153024K
  class space    used 15517K, capacity 16920K, committed 17024K, reserved 1048576K
}
Event: 52.472 GC heap after
{Heap after GC invocations=71 (full 0):
 garbage-first heap   total 312320K, used 122721K [0x0000000080000000, 0x0000000100000000)
  region size 1024K, 7 young (7168K), 7 survivors (7168K)
 Metaspace       used 117582K, capacity 121312K, committed 121472K, reserved 1153024K
  class space    used 15517K, capacity 16920K, committed 17024K, reserved 1048576K
}

