# JRE version: OpenJDK Runtime Environment (11.0.10) (build 11.0.10+0-b96-7249189)
# Java VM: OpenJDK 64-Bit Server VM (11.0.10+0-b96-7249189, mixed mode, tiered, compressed oops, g1 gc, windows-amd64)
Heap:
 garbage-first heap   total 229376K, used 139315K [0x0000000080000000, 0x0000000100000000)
  region size 1024K, 45 young (46080K), 2 survivors (2048K)
 Metaspace       used 114946K, capacity 117864K, committed 118732K, reserved 1153024K
  class space    used 14581K, capacity 15681K, committed 16076K, reserved 1048576K
GC Heap History (20 events):
Event: 512.077 GC heap before
{Heap before GC invocations=30 (full 0):
 garbage-first heap   total 229376K, used 117697K [0x0000000080000000, 0x0000000100000000)
  region size 1024K, 11 young (11264K), 9 survivors (9216K)
 Metaspace       used 110623K, capacity 113575K, committed 114252K, reserved 1148928K
  class space    used 14289K, capacity 15429K, committed 15692K, reserved 1048576K
}
Event: 512.097 GC heap after
{Heap after GC invocations=31 (full 0):
 garbage-first heap   total 229376K, used 108828K [0x0000000080000000, 0x0000000100000000)
  region size 1024K, 2 young (2048K), 2 survivors (2048K)
 Metaspace       used 110623K, capacity 113575K, committed 114252K, reserved 1148928K
  class space    used 14289K, capacity 15429K, committed 15692K, reserved 1048576K
}
Event: 513.006 GC heap before
{Heap before GC invocations=31 (full 0):
 garbage-first heap   total 229376K, used 140572K [0x0000000080000000, 0x0000000100000000)
  region size 1024K, 35 young (35840K), 2 survivors (2048K)
 Metaspace       used 111147K, capacity 114089K, committed 114892K, reserved 1148928K
  class space    used 14335K, capacity 15494K, committed 15820K, reserved 1048576K
}
Event: 513.025 GC heap after
{Heap after GC invocations=32 (full 0):
 garbage-first heap   total 229376K, used 122305K [0x0000000080000000, 0x0000000100000000)
  region size 1024K, 9 young (9216K), 9 survivors (9216K)
 Metaspace       used 111147K, capacity 114089K, committed 114892K, reserved 1148928K
  class space    used 14335K, capacity 15494K, committed 15820K, reserved 1048576K
}
Event: 518.577 GC heap before
{Heap before GC invocations=33 (full 0):
 garbage-first heap   total 229376K, used 186817K [0x0000000080000000, 0x0000000100000000)
  region size 1024K, 58 young (59392K), 9 survivors (9216K)
 Metaspace       used 114063K, capacity 117208K, committed 117708K, reserved 1150976K
  class space    used 14609K, capacity 15778K, committed 16076K, reserved 1048576K
}
Event: 518.599 GC heap after
{Heap after GC invocations=34 (full 0):
 garbage-first heap   total 229376K, used 128403K [0x0000000080000000, 0x0000000100000000)
  region size 1024K, 6 young (6144K), 6 survivors (6144K)
 Metaspace       used 114063K, capacity 117208K, committed 117708K, reserved 1150976K
  class space    used 14609K, capacity 15778K, committed 16076K, reserved 1048576K
}
Event: 518.709 GC heap before
{Heap before GC invocations=34 (full 0):
 garbage-first heap   total 229376K, used 133523K [0x0000000080000000, 0x0000000100000000)
  region size 1024K, 11 young (11264K), 6 survivors (6144K)
 Metaspace       used 114110K, capacity 117208K, committed 117708K, reserved 1150976K
  class space    used 14618K, capacity 15778K, committed 16076K, reserved 1048576K
}
Event: 518.732 GC heap after
{Heap after GC invocations=35 (full 0):
 garbage-first heap   total 229376K, used 121705K [0x0000000080000000, 0x0000000100000000)
  region size 1024K, 2 young (2048K), 2 survivors (2048K)
 Metaspace       used 114110K, capacity 117208K, committed 117708K, reserved 1150976K
  class space    used 14618K, capacity 15778K, committed 16076K, reserved 1048576K
}
Event: 519.454 GC heap before
{Heap before GC invocations=35 (full 0):
 garbage-first heap   total 229376K, used 162665K [0x0000000080000000, 0x0000000100000000)
  region size 1024K, 44 young (45056K), 2 survivors (2048K)
 Metaspace       used 114359K, capacity 117402K, committed 117964K, reserved 1150976K
  class space    used 14624K, capacity 15778K, committed 16076K, reserved 1048576K
}
Event: 519.466 GC heap after
{Heap after GC invocations=36 (full 0):
 garbage-first heap   total 229376K, used 121520K [0x0000000080000000, 0x0000000100000000)
  region size 1024K, 2 young (2048K), 2 survivors (2048K)
 Metaspace       used 114359K, capacity 117402K, committed 117964K, reserved 1150976K
  class space    used 14624K, capacity 15778K, committed 16076K, reserved 1048576K
}
Event: 3027.850 GC heap before
{Heap before GC invocations=37 (full 0):
 garbage-first heap   total 229376K, used 198320K [0x0000000080000000, 0x0000000100000000)
  region size 1024K, 56 young (57344K), 2 survivors (2048K)
 Metaspace       used 114585K, capacity 117666K, committed 118220K, reserved 1150976K
  class space    used 14631K, capacity 15778K, committed 16076K, reserved 1048576K
}
Event: 3027.853 GC heap after
{Heap after GC invocations=38 (full 0):
 garbage-first heap   total 229376K, used 114711K [0x0000000080000000, 0x0000000100000000)
  region size 1024K, 1 young (1024K), 1 survivors (1024K)
 Metaspace       used 114585K, capacity 117666K, committed 118220K, reserved 1150976K
  class space    used 14631K, capacity 15778K, committed 16076K, reserved 1048576K
}
Event: 3192.380 GC heap before
{Heap before GC invocations=38 (full 0):
 garbage-first heap   total 229376K, used 123927K [0x0000000080000000, 0x0000000100000000)
  region size 1024K, 11 young (11264K), 1 survivors (1024K)
 Metaspace       used 114668K, capacity 117764K, committed 118476K, reserved 1150976K
  class space    used 14634K, capacity 15785K, committed 16076K, reserved 1048576K
}
Event: 3192.389 GC heap after
{Heap after GC invocations=39 (full 0):
 garbage-first heap   total 229376K, used 101626K [0x0000000080000000, 0x0000000100000000)
  region size 1024K, 2 young (2048K), 2 survivors (2048K)
 Metaspace       used 114668K, capacity 117764K, committed 118476K, reserved 1150976K
  class space    used 14634K, capacity 15785K, committed 16076K, reserved 1048576K
}
Event: 3192.880 GC heap before
{Heap before GC invocations=39 (full 0):
 garbage-first heap   total 229376K, used 132346K [0x0000000080000000, 0x0000000100000000)
  region size 1024K, 33 young (33792K), 2 survivors (2048K)
 Metaspace       used 114961K, capacity 117953K, committed 118476K, reserved 1150976K
  class space    used 14639K, capacity 15793K, committed 16076K, reserved 1048576K
}
Event: 3192.891 GC heap after
{Heap after GC invocations=40 (full 0):
 garbage-first heap   total 229376K, used 104559K [0x0000000080000000, 0x0000000100000000)
  region size 1024K, 5 young (5120K), 5 survivors (5120K)
 Metaspace       used 114961K, capacity 117953K, committed 118476K, reserved 1150976K
  class space    used 14639K, capacity 15793K, committed 16076K, reserved 1048576K
}
Event: 3194.907 GC heap before
{Heap before GC invocations=41 (full 0):
 garbage-first heap   total 229376K, used 187503K [0x0000000080000000, 0x0000000100000000)
  region size 1024K, 70 young (71680K), 5 survivors (5120K)
 Metaspace       used 114862K, capacity 117820K, committed 118732K, reserved 1153024K
  class space    used 14577K, capacity 15674K, committed 16076K, reserved 1048576K
}
Event: 3194.916 GC heap after
{Heap after GC invocations=42 (full 0):
 garbage-first heap   total 229376K, used 107757K [0x0000000080000000, 0x0000000100000000)
  region size 1024K, 8 young (8192K), 8 survivors (8192K)
 Metaspace       used 114862K, capacity 117820K, committed 118732K, reserved 1153024K
  class space    used 14577K, capacity 15674K, committed 16076K, reserved 1048576K
}
Event: 3194.926 GC heap before
{Heap before GC invocations=42 (full 0):
 garbage-first heap   total 229376K, used 110829K [0x0000000080000000, 0x0000000100000000)
  region size 1024K, 11 young (11264K), 8 survivors (8192K)
 Metaspace       used 114863K, capacity 117820K, committed 118732K, reserved 1153024K
  class space    used 14577K, capacity 15674K, committed 16076K, reserved 1048576K
}
Event: 3194.943 GC heap after
{Heap after GC invocations=43 (full 0):
 garbage-first heap   total 229376K, used 97331K [0x0000000080000000, 0x0000000100000000)
  region size 1024K, 2 young (2048K), 2 survivors (2048K)
 Metaspace       used 114863K, capacity 117820K, committed 118732K, reserved 1153024K
  class space    used 14577K, capacity 15674K, committed 16076K, reserved 1048576K
}

