# JRE version: Java(TM) SE Runtime Environment (13.0.2+8) (build 13.0.2+8)
# Java VM: Java HotSpot(TM) 64-Bit Server VM (13.0.2+8, mixed mode, sharing, tiered, compressed oops, g1 gc, windows-amd64)
Heap:
 garbage-first heap   total 71680K, used 50519K [0x0000000080000000, 0x0000000100000000)
  region size 1024K, 27 young (27648K), 4 survivors (4096K)
 Metaspace       used 31239K, capacity 32120K, committed 32384K, reserved 1077248K
  class space    used 4298K, capacity 4637K, committed 4736K, reserved 1048576K
GC Heap History (10 events):
Event: 0.615 GC heap before
{Heap before GC invocations=0 (full 0):
 garbage-first heap   total 229376K, used 29696K [0x0000000080000000, 0x0000000100000000)
  region size 1024K, 24 young (24576K), 0 survivors (0K)
 Metaspace       used 3259K, capacity 6229K, committed 6400K, reserved 1056768K
  class space    used 430K, capacity 739K, committed 768K, reserved 1048576K
}
Event: 0.619 GC heap after
{Heap after GC invocations=1 (full 0):
 garbage-first heap   total 229376K, used 9293K [0x0000000080000000, 0x0000000100000000)
  region size 1024K, 3 young (3072K), 3 survivors (3072K)
 Metaspace       used 3259K, capacity 6229K, committed 6400K, reserved 1056768K
  class space    used 430K, capacity 739K, committed 768K, reserved 1048576K
}
Event: 2.831 GC heap before
{Heap before GC invocations=1 (full 0):
 garbage-first heap   total 229376K, used 143437K [0x0000000080000000, 0x0000000100000000)
  region size 1024K, 134 young (137216K), 3 survivors (3072K)
 Metaspace       used 15273K, capacity 15764K, committed 16000K, reserved 1062912K
  class space    used 2233K, capacity 2420K, committed 2432K, reserved 1048576K
}
Event: 2.839 GC heap after
{Heap after GC invocations=2 (full 0):
 garbage-first heap   total 229376K, used 17600K [0x0000000080000000, 0x0000000100000000)
  region size 1024K, 12 young (12288K), 12 survivors (12288K)
 Metaspace       used 15273K, capacity 15764K, committed 16000K, reserved 1062912K
  class space    used 2233K, capacity 2420K, committed 2432K, reserved 1048576K
}
Event: 3.416 GC heap before
{Heap before GC invocations=2 (full 0):
 garbage-first heap   total 229376K, used 68800K [0x0000000080000000, 0x0000000100000000)
  region size 1024K, 63 young (64512K), 12 survivors (12288K)
 Metaspace       used 20568K, capacity 21224K, committed 21248K, reserved 1067008K
  class space    used 3049K, capacity 3311K, committed 3328K, reserved 1048576K
}
Event: 3.426 GC heap after
{Heap after GC invocations=3 (full 0):
 garbage-first heap   total 229376K, used 19624K [0x0000000080000000, 0x0000000100000000)
  region size 1024K, 3 young (3072K), 3 survivors (3072K)
 Metaspace       used 20568K, capacity 21224K, committed 21248K, reserved 1067008K
  class space    used 3049K, capacity 3311K, committed 3328K, reserved 1048576K
}
Event: 3.995 GC heap before
{Heap before GC invocations=4 (full 0):
 garbage-first heap   total 71680K, used 58536K [0x0000000080000000, 0x0000000100000000)
  region size 1024K, 42 young (43008K), 3 survivors (3072K)
 Metaspace       used 27448K, capacity 28204K, committed 28288K, reserved 1073152K
  class space    used 3919K, capacity 4211K, committed 4224K, reserved 1048576K
}
Event: 4.000 GC heap after
{Heap after GC invocations=5 (full 0):
 garbage-first heap   total 71680K, used 22503K [0x0000000080000000, 0x0000000100000000)
  region size 1024K, 6 young (6144K), 6 survivors (6144K)
 Metaspace       used 27448K, capacity 28204K, committed 28288K, reserved 1073152K
  class space    used 3919K, capacity 4211K, committed 4224K, reserved 1048576K
}
Event: 4.293 GC heap before
{Heap before GC invocations=5 (full 0):
 garbage-first heap   total 71680K, used 52199K [0x0000000080000000, 0x0000000100000000)
  region size 1024K, 36 young (36864K), 6 survivors (6144K)
 Metaspace       used 29653K, capacity 30541K, committed 30720K, reserved 1075200K
  class space    used 4175K, capacity 4517K, committed 4608K, reserved 1048576K
}
Event: 4.299 GC heap after
{Heap after GC invocations=6 (full 0):
 garbage-first heap   total 71680K, used 25943K [0x0000000080000000, 0x0000000100000000)
  region size 1024K, 4 young (4096K), 4 survivors (4096K)
 Metaspace       used 29653K, capacity 30541K, committed 30720K, reserved 1075200K
  class space    used 4175K, capacity 4517K, committed 4608K, reserved 1048576K
}

