# JRE version: OpenJDK Runtime Environment (11.0.10) (build 11.0.10+0-b96-7249189)
# Java VM: OpenJDK 64-Bit Server VM (11.0.10+0-b96-7249189, mixed mode, tiered, compressed oops, g1 gc, windows-amd64)
Heap:
 garbage-first heap   total 229376K, used 201933K [0x0000000080000000, 0x0000000100000000)
  region size 1024K, 72 young (73728K), 1 survivors (1024K)
 Metaspace       used 111446K, capacity 114697K, committed 116324K, reserved 1148928K
  class space    used 14359K, capacity 15594K, committed 16228K, reserved 1048576K
GC Heap History (20 events):
Event: 67.615 GC heap before
{Heap before GC invocations=17 (full 0):
 garbage-first heap   total 229376K, used 181570K [0x0000000080000000, 0x0000000100000000)
  region size 1024K, 103 young (105472K), 7 survivors (7168K)
 Metaspace       used 107479K, capacity 111042K, committed 111204K, reserved 1144832K
  class space    used 14437K, capacity 15862K, committed 15972K, reserved 1048576K
}
Event: 67.639 GC heap after
{Heap after GC invocations=18 (full 0):
 garbage-first heap   total 229376K, used 87782K [0x0000000080000000, 0x0000000100000000)
  region size 1024K, 10 young (10240K), 10 survivors (10240K)
 Metaspace       used 107479K, capacity 111042K, committed 111204K, reserved 1144832K
  class space    used 14437K, capacity 15862K, committed 15972K, reserved 1048576K
}
Event: 68.648 GC heap before
{Heap before GC invocations=19 (full 0):
 garbage-first heap   total 229376K, used 131814K [0x0000000080000000, 0x0000000100000000)
  region size 1024K, 30 young (30720K), 10 survivors (10240K)
 Metaspace       used 108432K, capacity 112052K, committed 112356K, reserved 1144832K
  class space    used 14577K, capacity 16032K, committed 16100K, reserved 1048576K
}
Event: 68.683 GC heap after
{Heap after GC invocations=20 (full 0):
 garbage-first heap   total 229376K, used 113009K [0x0000000080000000, 0x0000000100000000)
  region size 1024K, 6 young (6144K), 6 survivors (6144K)
 Metaspace       used 108432K, capacity 112052K, committed 112356K, reserved 1144832K
  class space    used 14577K, capacity 16032K, committed 16100K, reserved 1048576K
}
Event: 327.618 GC heap before
{Heap before GC invocations=21 (full 0):
 garbage-first heap   total 229376K, used 186737K [0x0000000080000000, 0x0000000100000000)
  region size 1024K, 76 young (77824K), 6 survivors (6144K)
 Metaspace       used 109889K, capacity 113748K, committed 114020K, reserved 1146880K
  class space    used 14667K, capacity 16155K, committed 16228K, reserved 1048576K
}
Event: 327.640 GC heap after
{Heap after GC invocations=22 (full 0):
 garbage-first heap   total 229376K, used 88972K [0x0000000080000000, 0x0000000100000000)
  region size 1024K, 2 young (2048K), 2 survivors (2048K)
 Metaspace       used 109889K, capacity 113748K, committed 114020K, reserved 1146880K
  class space    used 14667K, capacity 16155K, committed 16228K, reserved 1048576K
}
Event: 545.958 GC heap before
{Heap before GC invocations=22 (full 0):
 garbage-first heap   total 229376K, used 180108K [0x0000000080000000, 0x0000000100000000)
  region size 1024K, 90 young (92160K), 2 survivors (2048K)
 Metaspace       used 110504K, capacity 114264K, committed 114532K, reserved 1146880K
  class space    used 14683K, capacity 16180K, committed 16228K, reserved 1048576K
}
Event: 545.983 GC heap after
{Heap after GC invocations=23 (full 0):
 garbage-first heap   total 229376K, used 105881K [0x0000000080000000, 0x0000000100000000)
  region size 1024K, 12 young (12288K), 12 survivors (12288K)
 Metaspace       used 110504K, capacity 114264K, committed 114532K, reserved 1146880K
  class space    used 14683K, capacity 16180K, committed 16228K, reserved 1048576K
}
Event: 547.123 GC heap before
{Heap before GC invocations=23 (full 0):
 garbage-first heap   total 229376K, used 155033K [0x0000000080000000, 0x0000000100000000)
  region size 1024K, 54 young (55296K), 12 survivors (12288K)
 Metaspace       used 110977K, capacity 114797K, committed 115044K, reserved 1148928K
  class space    used 14709K, capacity 16216K, committed 16228K, reserved 1048576K
}
Event: 547.155 GC heap after
{Heap after GC invocations=24 (full 0):
 garbage-first heap   total 229376K, used 114780K [0x0000000080000000, 0x0000000100000000)
  region size 1024K, 3 young (3072K), 3 survivors (3072K)
 Metaspace       used 110977K, capacity 114797K, committed 115044K, reserved 1148928K
  class space    used 14709K, capacity 16216K, committed 16228K, reserved 1048576K
}
Event: 642.153 GC heap before
{Heap before GC invocations=25 (full 0):
 garbage-first heap   total 229376K, used 193628K [0x0000000080000000, 0x0000000100000000)
  region size 1024K, 62 young (63488K), 3 survivors (3072K)
 Metaspace       used 110201K, capacity 113359K, committed 115300K, reserved 1148928K
  class space    used 14323K, capacity 15530K, committed 16228K, reserved 1048576K
}
Event: 642.169 GC heap after
{Heap after GC invocations=26 (full 0):
 garbage-first heap   total 229376K, used 111382K [0x0000000080000000, 0x0000000100000000)
  region size 1024K, 8 young (8192K), 8 survivors (8192K)
 Metaspace       used 110201K, capacity 113359K, committed 115300K, reserved 1148928K
  class space    used 14323K, capacity 15530K, committed 16228K, reserved 1048576K
}
Event: 713.028 GC heap before
{Heap before GC invocations=26 (full 0):
 garbage-first heap   total 229376K, used 168726K [0x0000000080000000, 0x0000000100000000)
  region size 1024K, 66 young (67584K), 8 survivors (8192K)
 Metaspace       used 110464K, capacity 113579K, committed 115556K, reserved 1148928K
  class space    used 14327K, capacity 15535K, committed 16228K, reserved 1048576K
}
Event: 713.058 GC heap after
{Heap after GC invocations=27 (full 0):
 garbage-first heap   total 229376K, used 113069K [0x0000000080000000, 0x0000000100000000)
  region size 1024K, 7 young (7168K), 7 survivors (7168K)
 Metaspace       used 110464K, capacity 113579K, committed 115556K, reserved 1148928K
  class space    used 14327K, capacity 15535K, committed 16228K, reserved 1048576K
}
Event: 714.696 GC heap before
{Heap before GC invocations=28 (full 0):
 garbage-first heap   total 229376K, used 176557K [0x0000000080000000, 0x0000000100000000)
  region size 1024K, 70 young (71680K), 7 survivors (7168K)
 Metaspace       used 110728K, capacity 113846K, committed 115812K, reserved 1148928K
  class space    used 14327K, capacity 15536K, committed 16228K, reserved 1048576K
}
Event: 714.709 GC heap after
{Heap after GC invocations=29 (full 0):
 garbage-first heap   total 229376K, used 113211K [0x0000000080000000, 0x0000000100000000)
  region size 1024K, 3 young (3072K), 3 survivors (3072K)
 Metaspace       used 110728K, capacity 113846K, committed 115812K, reserved 1148928K
  class space    used 14327K, capacity 15536K, committed 16228K, reserved 1048576K
}
Event: 714.796 GC heap before
{Heap before GC invocations=29 (full 0):
 garbage-first heap   total 229376K, used 120379K [0x0000000080000000, 0x0000000100000000)
  region size 1024K, 11 young (11264K), 3 survivors (3072K)
 Metaspace       used 110834K, capacity 113988K, committed 115812K, reserved 1148928K
  class space    used 14328K, capacity 15537K, committed 16228K, reserved 1048576K
}
Event: 714.804 GC heap after
{Heap after GC invocations=30 (full 0):
 garbage-first heap   total 229376K, used 103700K [0x0000000080000000, 0x0000000100000000)
  region size 1024K, 1 young (1024K), 1 survivors (1024K)
 Metaspace       used 110834K, capacity 113988K, committed 115812K, reserved 1148928K
  class space    used 14328K, capacity 15537K, committed 16228K, reserved 1048576K
}
Event: 715.439 GC heap before
{Heap before GC invocations=30 (full 0):
 garbage-first heap   total 229376K, used 125204K [0x0000000080000000, 0x0000000100000000)
  region size 1024K, 24 young (24576K), 1 survivors (1024K)
 Metaspace       used 111025K, capacity 114196K, committed 116068K, reserved 1148928K
  class space    used 14329K, capacity 15540K, committed 16228K, reserved 1048576K
}
Event: 715.444 GC heap after
{Heap after GC invocations=31 (full 0):
 garbage-first heap   total 229376K, used 103629K [0x0000000080000000, 0x0000000100000000)
  region size 1024K, 1 young (1024K), 1 survivors (1024K)
 Metaspace       used 111025K, capacity 114196K, committed 116068K, reserved 1148928K
  class space    used 14329K, capacity 15540K, committed 16228K, reserved 1048576K
}

