# JRE version: Java(TM) SE Runtime Environment (13.0.2+8) (build 13.0.2+8)
# Java VM: Java HotSpot(TM) 64-Bit Server VM (13.0.2+8, mixed mode, sharing, tiered, compressed oops, g1 gc, windows-amd64)
Heap:
 garbage-first heap   total 168960K, used 100847K [0x0000000080000000, 0x0000000100000000)
  region size 1024K, 24 young (24576K), 6 survivors (6144K)
 Metaspace       used 67221K, capacity 69187K, committed 69456K, reserved 1110016K
  class space    used 9124K, capacity 9752K, committed 9856K, reserved 1048576K
GC Heap History (20 events):
Event: 12.908 GC heap before
{Heap before GC invocations=11 (full 0):
 garbage-first heap   total 116736K, used 95357K [0x0000000080000000, 0x0000000100000000)
  region size 1024K, 44 young (45056K), 5 survivors (5120K)
 Metaspace       used 43115K, capacity 44571K, committed 44752K, reserved 1087488K
  class space    used 5814K, capacity 6290K, committed 6400K, reserved 1048576K
}
Event: 12.915 GC heap after
{Heap after GC invocations=12 (full 0):
 garbage-first heap   total 116736K, used 57698K [0x0000000080000000, 0x0000000100000000)
  region size 1024K, 6 young (6144K), 6 survivors (6144K)
 Metaspace       used 43115K, capacity 44571K, committed 44752K, reserved 1087488K
  class space    used 5814K, capacity 6290K, committed 6400K, reserved 1048576K
}
Event: 13.489 GC heap before
{Heap before GC invocations=12 (full 0):
 garbage-first heap   total 116736K, used 94562K [0x0000000080000000, 0x0000000100000000)
  region size 1024K, 42 young (43008K), 6 survivors (6144K)
 Metaspace       used 44945K, capacity 46434K, committed 46544K, reserved 1089536K
  class space    used 6115K, capacity 6613K, committed 6656K, reserved 1048576K
}
Event: 13.504 GC heap after
{Heap after GC invocations=13 (full 0):
 garbage-first heap   total 116736K, used 60595K [0x0000000080000000, 0x0000000100000000)
  region size 1024K, 6 young (6144K), 6 survivors (6144K)
 Metaspace       used 44945K, capacity 46434K, committed 46544K, reserved 1089536K
  class space    used 6115K, capacity 6613K, committed 6656K, reserved 1048576K
}
Event: 14.356 GC heap before
{Heap before GC invocations=14 (full 0):
 garbage-first heap   total 116736K, used 96435K [0x0000000080000000, 0x0000000100000000)
  region size 1024K, 41 young (41984K), 6 survivors (6144K)
 Metaspace       used 47125K, capacity 48816K, committed 48976K, reserved 1091584K
  class space    used 6450K, capacity 6959K, committed 7040K, reserved 1048576K
}
Event: 14.373 GC heap after
{Heap after GC invocations=15 (full 0):
 garbage-first heap   total 116736K, used 61671K [0x0000000080000000, 0x0000000100000000)
  region size 1024K, 4 young (4096K), 4 survivors (4096K)
 Metaspace       used 47125K, capacity 48816K, committed 48976K, reserved 1091584K
  class space    used 6450K, capacity 6959K, committed 7040K, reserved 1048576K
}
Event: 15.302 GC heap before
{Heap before GC invocations=15 (full 0):
 garbage-first heap   total 116736K, used 87271K [0x0000000080000000, 0x0000000100000000)
  region size 1024K, 31 young (31744K), 4 survivors (4096K)
 Metaspace       used 48139K, capacity 49833K, committed 50128K, reserved 1091584K
  class space    used 6549K, capacity 7077K, committed 7168K, reserved 1048576K
}
Event: 15.318 GC heap after
{Heap after GC invocations=16 (full 0):
 garbage-first heap   total 140288K, used 63337K [0x0000000080000000, 0x0000000100000000)
  region size 1024K, 3 young (3072K), 3 survivors (3072K)
 Metaspace       used 48139K, capacity 49833K, committed 50128K, reserved 1091584K
  class space    used 6549K, capacity 7077K, committed 7168K, reserved 1048576K
}
Event: 15.513 GC heap before
{Heap before GC invocations=17 (full 0):
 garbage-first heap   total 140288K, used 69481K [0x0000000080000000, 0x0000000100000000)
  region size 1024K, 9 young (9216K), 3 survivors (3072K)
 Metaspace       used 48095K, capacity 49695K, committed 50128K, reserved 1091584K
  class space    used 6535K, capacity 7031K, committed 7168K, reserved 1048576K
}
Event: 15.525 GC heap after
{Heap after GC invocations=18 (full 0):
 garbage-first heap   total 140288K, used 69443K [0x0000000080000000, 0x0000000100000000)
  region size 1024K, 6 young (6144K), 6 survivors (6144K)
 Metaspace       used 48095K, capacity 49695K, committed 50128K, reserved 1091584K
  class space    used 6535K, capacity 7031K, committed 7168K, reserved 1048576K
}
Event: 16.165 GC heap before
{Heap before GC invocations=19 (full 0):
 garbage-first heap   total 140288K, used 101187K [0x0000000080000000, 0x0000000100000000)
  region size 1024K, 36 young (36864K), 6 survivors (6144K)
 Metaspace       used 51235K, capacity 53026K, committed 53072K, reserved 1095680K
  class space    used 6944K, capacity 7519K, committed 7552K, reserved 1048576K
}
Event: 16.173 GC heap after
{Heap after GC invocations=20 (full 0):
 garbage-first heap   total 140288K, used 73254K [0x0000000080000000, 0x0000000100000000)
  region size 1024K, 2 young (2048K), 2 survivors (2048K)
 Metaspace       used 51235K, capacity 53026K, committed 53072K, reserved 1095680K
  class space    used 6944K, capacity 7519K, committed 7552K, reserved 1048576K
}
Event: 16.831 GC heap before
{Heap before GC invocations=20 (full 0):
 garbage-first heap   total 140288K, used 103974K [0x0000000080000000, 0x0000000100000000)
  region size 1024K, 32 young (32768K), 2 survivors (2048K)
 Metaspace       used 55597K, capacity 57404K, committed 57424K, reserved 1099776K
  class space    used 7467K, capacity 8055K, committed 8064K, reserved 1048576K
}
Event: 16.841 GC heap after
{Heap after GC invocations=21 (full 0):
 garbage-first heap   total 140288K, used 74206K [0x0000000080000000, 0x0000000100000000)
  region size 1024K, 3 young (3072K), 3 survivors (3072K)
 Metaspace       used 55597K, capacity 57404K, committed 57424K, reserved 1099776K
  class space    used 7467K, capacity 8055K, committed 8064K, reserved 1048576K
}
Event: 17.596 GC heap before
{Heap before GC invocations=22 (full 0):
 garbage-first heap   total 140288K, used 104926K [0x0000000080000000, 0x0000000100000000)
  region size 1024K, 34 young (34816K), 3 survivors (3072K)
 Metaspace       used 59411K, capacity 61232K, committed 61520K, reserved 1101824K
  class space    used 7950K, capacity 8543K, committed 8576K, reserved 1048576K
}
Event: 17.605 GC heap after
{Heap after GC invocations=23 (full 0):
 garbage-first heap   total 168960K, used 77176K [0x0000000080000000, 0x0000000100000000)
  region size 1024K, 5 young (5120K), 5 survivors (5120K)
 Metaspace       used 59411K, capacity 61232K, committed 61520K, reserved 1101824K
  class space    used 7950K, capacity 8543K, committed 8576K, reserved 1048576K
}
Event: 18.551 GC heap before
{Heap before GC invocations=23 (full 0):
 garbage-first heap   total 168960K, used 119160K [0x0000000080000000, 0x0000000100000000)
  region size 1024K, 45 young (46080K), 5 survivors (5120K)
 Metaspace       used 62708K, capacity 64553K, committed 64720K, reserved 1105920K
  class space    used 8355K, capacity 8955K, committed 8960K, reserved 1048576K
}
Event: 18.557 GC heap after
{Heap after GC invocations=24 (full 0):
 garbage-first heap   total 168960K, used 79895K [0x0000000080000000, 0x0000000100000000)
  region size 1024K, 6 young (6144K), 6 survivors (6144K)
 Metaspace       used 62708K, capacity 64553K, committed 64720K, reserved 1105920K
  class space    used 8355K, capacity 8955K, committed 8960K, reserved 1048576K
}
Event: 19.315 GC heap before
{Heap before GC invocations=24 (full 0):
 garbage-first heap   total 168960K, used 121879K [0x0000000080000000, 0x0000000100000000)
  region size 1024K, 47 young (48128K), 6 survivors (6144K)
 Metaspace       used 64668K, capacity 66549K, committed 66640K, reserved 1105920K
  class space    used 8645K, capacity 9257K, committed 9344K, reserved 1048576K
}
Event: 19.325 GC heap after
{Heap after GC invocations=25 (full 0):
 garbage-first heap   total 168960K, used 83439K [0x0000000080000000, 0x0000000100000000)
  region size 1024K, 6 young (6144K), 6 survivors (6144K)
 Metaspace       used 64668K, capacity 66549K, committed 66640K, reserved 1105920K
  class space    used 8645K, capacity 9257K, committed 9344K, reserved 1048576K
}

