# JRE version: Java(TM) SE Runtime Environment (13.0.2+8) (build 13.0.2+8)
# Java VM: Java HotSpot(TM) 64-Bit Server VM (13.0.2+8, mixed mode, sharing, tiered, compressed oops, g1 gc, windows-amd64)
Heap:
 garbage-first heap   total 150528K, used 112121K [0x0000000080000000, 0x0000000100000000)
  region size 1024K, 45 young (46080K), 6 survivors (6144K)
 Metaspace       used 73125K, capacity 75333K, committed 75468K, reserved 1114112K
  class space    used 9911K, capacity 10703K, committed 10752K, reserved 1048576K
GC Heap History (20 events):
Event: 8.188 GC heap before
{Heap before GC invocations=27 (full 0):
 garbage-first heap   total 103424K, used 73742K [0x0000000080000000, 0x0000000100000000)
  region size 1024K, 28 young (28672K), 4 survivors (4096K)
 Metaspace       used 56064K, capacity 57645K, committed 57676K, reserved 1099776K
  class space    used 7463K, capacity 8049K, committed 8064K, reserved 1048576K
}
Event: 8.197 GC heap after
{Heap after GC invocations=28 (full 0):
 garbage-first heap   total 103424K, used 52516K [0x0000000080000000, 0x0000000100000000)
  region size 1024K, 4 young (4096K), 4 survivors (4096K)
 Metaspace       used 56064K, capacity 57645K, committed 57676K, reserved 1099776K
  class space    used 7463K, capacity 8049K, committed 8064K, reserved 1048576K
}
Event: 8.565 GC heap before
{Heap before GC invocations=29 (full 0):
 garbage-first heap   total 103424K, used 76068K [0x0000000080000000, 0x0000000100000000)
  region size 1024K, 28 young (28672K), 4 survivors (4096K)
 Metaspace       used 59303K, capacity 60891K, committed 61132K, reserved 1101824K
  class space    used 8056K, capacity 8638K, committed 8704K, reserved 1048576K
}
Event: 8.570 GC heap after
{Heap after GC invocations=30 (full 0):
 garbage-first heap   total 103424K, used 54063K [0x0000000080000000, 0x0000000100000000)
  region size 1024K, 2 young (2048K), 2 survivors (2048K)
 Metaspace       used 59303K, capacity 60891K, committed 61132K, reserved 1101824K
  class space    used 8056K, capacity 8638K, committed 8704K, reserved 1048576K
}
Event: 8.788 GC heap before
{Heap before GC invocations=30 (full 0):
 garbage-first heap   total 103424K, used 78639K [0x0000000080000000, 0x0000000100000000)
  region size 1024K, 26 young (26624K), 2 survivors (2048K)
 Metaspace       used 60718K, capacity 62337K, committed 62540K, reserved 1103872K
  class space    used 8236K, capacity 8816K, committed 8832K, reserved 1048576K
}
Event: 8.795 GC heap after
{Heap after GC invocations=31 (full 0):
 garbage-first heap   total 124928K, used 55756K [0x0000000080000000, 0x0000000100000000)
  region size 1024K, 4 young (4096K), 4 survivors (4096K)
 Metaspace       used 60718K, capacity 62337K, committed 62540K, reserved 1103872K
  class space    used 8236K, capacity 8816K, committed 8832K, reserved 1048576K
}
Event: 9.061 GC heap before
{Heap before GC invocations=32 (full 0):
 garbage-first heap   total 124928K, used 88524K [0x0000000080000000, 0x0000000100000000)
  region size 1024K, 36 young (36864K), 4 survivors (4096K)
 Metaspace       used 61776K, capacity 63374K, committed 63564K, reserved 1103872K
  class space    used 8397K, capacity 8987K, committed 9088K, reserved 1048576K
}
Event: 9.065 GC heap after
{Heap after GC invocations=33 (full 0):
 garbage-first heap   total 124928K, used 57967K [0x0000000080000000, 0x0000000100000000)
  region size 1024K, 4 young (4096K), 4 survivors (4096K)
 Metaspace       used 61776K, capacity 63374K, committed 63564K, reserved 1103872K
  class space    used 8397K, capacity 8987K, committed 9088K, reserved 1048576K
}
Event: 9.457 GC heap before
{Heap before GC invocations=33 (full 0):
 garbage-first heap   total 124928K, used 91759K [0x0000000080000000, 0x0000000100000000)
  region size 1024K, 37 young (37888K), 4 survivors (4096K)
 Metaspace       used 64534K, capacity 66190K, committed 66508K, reserved 1105920K
  class space    used 8772K, capacity 9382K, committed 9472K, reserved 1048576K
}
Event: 9.462 GC heap after
{Heap after GC invocations=34 (full 0):
 garbage-first heap   total 124928K, used 60138K [0x0000000080000000, 0x0000000100000000)
  region size 1024K, 5 young (5120K), 5 survivors (5120K)
 Metaspace       used 64534K, capacity 66190K, committed 66508K, reserved 1105920K
  class space    used 8772K, capacity 9382K, committed 9472K, reserved 1048576K
}
Event: 9.849 GC heap before
{Heap before GC invocations=34 (full 0):
 garbage-first heap   total 124928K, used 92906K [0x0000000080000000, 0x0000000100000000)
  region size 1024K, 37 young (37888K), 5 survivors (5120K)
 Metaspace       used 68090K, capacity 69883K, committed 70092K, reserved 1110016K
  class space    used 9251K, capacity 9898K, committed 9984K, reserved 1048576K
}
Event: 9.856 GC heap after
{Heap after GC invocations=35 (full 0):
 garbage-first heap   total 124928K, used 62436K [0x0000000080000000, 0x0000000100000000)
  region size 1024K, 5 young (5120K), 5 survivors (5120K)
 Metaspace       used 68090K, capacity 69883K, committed 70092K, reserved 1110016K
  class space    used 9251K, capacity 9898K, committed 9984K, reserved 1048576K
}
Event: 10.282 GC heap before
{Heap before GC invocations=36 (full 0):
 garbage-first heap   total 124928K, used 95204K [0x0000000080000000, 0x0000000100000000)
  region size 1024K, 38 young (38912K), 5 survivors (5120K)
 Metaspace       used 70545K, capacity 72484K, committed 72652K, reserved 1112064K
  class space    used 9678K, capacity 10410K, committed 10496K, reserved 1048576K
}
Event: 10.289 GC heap after
{Heap after GC invocations=37 (full 0):
 garbage-first heap   total 150528K, used 65260K [0x0000000080000000, 0x0000000100000000)
  region size 1024K, 5 young (5120K), 5 survivors (5120K)
 Metaspace       used 70545K, capacity 72484K, committed 72652K, reserved 1112064K
  class space    used 9678K, capacity 10410K, committed 10496K, reserved 1048576K
}
Event: 10.784 GC heap before
{Heap before GC invocations=37 (full 0):
 garbage-first heap   total 150528K, used 109292K [0x0000000080000000, 0x0000000100000000)
  region size 1024K, 49 young (50176K), 5 survivors (5120K)
 Metaspace       used 71798K, capacity 73979K, committed 74188K, reserved 1112064K
  class space    used 9844K, capacity 10639K, committed 10752K, reserved 1048576K
}
Event: 10.791 GC heap after
{Heap after GC invocations=38 (full 0):
 garbage-first heap   total 150528K, used 68330K [0x0000000080000000, 0x0000000100000000)
  region size 1024K, 6 young (6144K), 6 survivors (6144K)
 Metaspace       used 71798K, capacity 73979K, committed 74188K, reserved 1112064K
  class space    used 9844K, capacity 10639K, committed 10752K, reserved 1048576K
}
Event: 11.175 GC heap before
{Heap before GC invocations=38 (full 0):
 garbage-first heap   total 150528K, used 112362K [0x0000000080000000, 0x0000000100000000)
  region size 1024K, 50 young (51200K), 6 survivors (6144K)
 Metaspace       used 72390K, capacity 74622K, committed 74700K, reserved 1114112K
  class space    used 9880K, capacity 10689K, committed 10752K, reserved 1048576K
}
Event: 11.182 GC heap after
{Heap after GC invocations=39 (full 0):
 garbage-first heap   total 150528K, used 71508K [0x0000000080000000, 0x0000000100000000)
  region size 1024K, 6 young (6144K), 6 survivors (6144K)
 Metaspace       used 72390K, capacity 74622K, committed 74700K, reserved 1114112K
  class space    used 9880K, capacity 10689K, committed 10752K, reserved 1048576K
}
Event: 11.546 GC heap before
{Heap before GC invocations=39 (full 0):
 garbage-first heap   total 150528K, used 114516K [0x0000000080000000, 0x0000000100000000)
  region size 1024K, 49 young (50176K), 6 survivors (6144K)
 Metaspace       used 72879K, capacity 75018K, committed 75212K, reserved 1114112K
  class space    used 9895K, capacity 10694K, committed 10752K, reserved 1048576K
}
Event: 11.553 GC heap after
{Heap after GC invocations=40 (full 0):
 garbage-first heap   total 150528K, used 74233K [0x0000000080000000, 0x0000000100000000)
  region size 1024K, 6 young (6144K), 6 survivors (6144K)
 Metaspace       used 72879K, capacity 75018K, committed 75212K, reserved 1114112K
  class space    used 9895K, capacity 10694K, committed 10752K, reserved 1048576K
}

