# JRE version: OpenJDK Runtime Environment (11.0.10) (build 11.0.10+0-b96-7249189)
# Java VM: OpenJDK 64-Bit Server VM (11.0.10+0-b96-7249189, mixed mode, tiered, compressed oops, g1 gc, windows-amd64)
Heap:
 garbage-first heap   total 229376K, used 123703K [0x0000000080000000, 0x0000000100000000)
  region size 1024K, 12 young (12288K), 3 survivors (3072K)
 Metaspace       used 100163K, capacity 102666K, committed 102988K, reserved 1138688K
  class space    used 12690K, capacity 13574K, committed 13644K, reserved 1048576K
GC Heap History (20 events):
Event: 8.151 GC heap before
{Heap before GC invocations=10 (full 0):
 garbage-first heap   total 229376K, used 143241K [0x0000000080000000, 0x0000000100000000)
  region size 1024K, 99 young (101376K), 4 survivors (4096K)
 Metaspace       used 64950K, capacity 66584K, committed 66764K, reserved 1107968K
  class space    used 8287K, capacity 8880K, committed 8908K, reserved 1048576K
}
Event: 8.158 GC heap after
{Heap after GC invocations=11 (full 0):
 garbage-first heap   total 229376K, used 52493K [0x0000000080000000, 0x0000000100000000)
  region size 1024K, 10 young (10240K), 10 survivors (10240K)
 Metaspace       used 64950K, capacity 66584K, committed 66764K, reserved 1107968K
  class space    used 8287K, capacity 8880K, committed 8908K, reserved 1048576K
}
Event: 9.307 GC heap before
{Heap before GC invocations=11 (full 0):
 garbage-first heap   total 229376K, used 151821K [0x0000000080000000, 0x0000000100000000)
  region size 1024K, 107 young (109568K), 10 survivors (10240K)
 Metaspace       used 72795K, capacity 74556K, committed 74700K, reserved 1114112K
  class space    used 9538K, capacity 10173K, committed 10188K, reserved 1048576K
}
Event: 9.316 GC heap after
{Heap after GC invocations=12 (full 0):
 garbage-first heap   total 229376K, used 58575K [0x0000000080000000, 0x0000000100000000)
  region size 1024K, 7 young (7168K), 7 survivors (7168K)
 Metaspace       used 72795K, capacity 74556K, committed 74700K, reserved 1114112K
  class space    used 9538K, capacity 10173K, committed 10188K, reserved 1048576K
}
Event: 10.674 GC heap before
{Heap before GC invocations=12 (full 0):
 garbage-first heap   total 229376K, used 157903K [0x0000000080000000, 0x0000000100000000)
  region size 1024K, 105 young (107520K), 7 survivors (7168K)
 Metaspace       used 79122K, capacity 81301K, committed 81356K, reserved 1120256K
  class space    used 10411K, capacity 11194K, committed 11212K, reserved 1048576K
}
Event: 10.685 GC heap after
{Heap after GC invocations=13 (full 0):
 garbage-first heap   total 229376K, used 65536K [0x0000000080000000, 0x0000000100000000)
  region size 1024K, 13 young (13312K), 13 survivors (13312K)
 Metaspace       used 79122K, capacity 81301K, committed 81356K, reserved 1120256K
  class space    used 10411K, capacity 11194K, committed 11212K, reserved 1048576K
}
Event: 11.748 GC heap before
{Heap before GC invocations=13 (full 0):
 garbage-first heap   total 229376K, used 164864K [0x0000000080000000, 0x0000000100000000)
  region size 1024K, 111 young (113664K), 13 survivors (13312K)
 Metaspace       used 80405K, capacity 82621K, committed 82764K, reserved 1120256K
  class space    used 10495K, capacity 11335K, committed 11340K, reserved 1048576K
}
Event: 11.763 GC heap after
{Heap after GC invocations=14 (full 0):
 garbage-first heap   total 229376K, used 71999K [0x0000000080000000, 0x0000000100000000)
  region size 1024K, 14 young (14336K), 14 survivors (14336K)
 Metaspace       used 80405K, capacity 82621K, committed 82764K, reserved 1120256K
  class space    used 10495K, capacity 11335K, committed 11340K, reserved 1048576K
}
Event: 13.385 GC heap before
{Heap before GC invocations=14 (full 0):
 garbage-first heap   total 229376K, used 170303K [0x0000000080000000, 0x0000000100000000)
  region size 1024K, 111 young (113664K), 14 survivors (14336K)
 Metaspace       used 82547K, capacity 84880K, committed 85196K, reserved 1122304K
  class space    used 10734K, capacity 11590K, committed 11724K, reserved 1048576K
}
Event: 13.399 GC heap after
{Heap after GC invocations=15 (full 0):
 garbage-first heap   total 229376K, used 76607K [0x0000000080000000, 0x0000000100000000)
  region size 1024K, 11 young (11264K), 11 survivors (11264K)
 Metaspace       used 82547K, capacity 84880K, committed 85196K, reserved 1122304K
  class space    used 10734K, capacity 11590K, committed 11724K, reserved 1048576K
}
Event: 14.441 GC heap before
{Heap before GC invocations=15 (full 0):
 garbage-first heap   total 229376K, used 175935K [0x0000000080000000, 0x0000000100000000)
  region size 1024K, 73 young (74752K), 11 survivors (11264K)
 Metaspace       used 86994K, capacity 89360K, committed 89548K, reserved 1126400K
  class space    used 11283K, capacity 12150K, committed 12236K, reserved 1048576K
}
Event: 14.452 GC heap after
{Heap after GC invocations=16 (full 0):
 garbage-first heap   total 229376K, used 86434K [0x0000000080000000, 0x0000000100000000)
  region size 1024K, 9 young (9216K), 9 survivors (9216K)
 Metaspace       used 86994K, capacity 89360K, committed 89548K, reserved 1126400K
  class space    used 11283K, capacity 12150K, committed 12236K, reserved 1048576K
}
Event: 295.004 GC heap before
{Heap before GC invocations=17 (full 0):
 garbage-first heap   total 229376K, used 198050K [0x0000000080000000, 0x0000000100000000)
  region size 1024K, 98 young (100352K), 9 survivors (9216K)
 Metaspace       used 89379K, capacity 91698K, committed 91980K, reserved 1128448K
  class space    used 11449K, capacity 12293K, committed 12364K, reserved 1048576K
}
Event: 295.020 GC heap after
{Heap after GC invocations=18 (full 0):
 garbage-first heap   total 229376K, used 97280K [0x0000000080000000, 0x0000000100000000)
  region size 1024K, 13 young (13312K), 13 survivors (13312K)
 Metaspace       used 89379K, capacity 91698K, committed 91980K, reserved 1128448K
  class space    used 11449K, capacity 12293K, committed 12364K, reserved 1048576K
}
Event: 297.243 GC heap before
{Heap before GC invocations=18 (full 0):
 garbage-first heap   total 229376K, used 189440K [0x0000000080000000, 0x0000000100000000)
  region size 1024K, 89 young (91136K), 13 survivors (13312K)
 Metaspace       used 92705K, capacity 95043K, committed 95180K, reserved 1132544K
  class space    used 11769K, capacity 12651K, committed 12748K, reserved 1048576K
}
Event: 297.264 GC heap after
{Heap after GC invocations=19 (full 0):
 garbage-first heap   total 229376K, used 110582K [0x0000000080000000, 0x0000000100000000)
  region size 1024K, 12 young (12288K), 12 survivors (12288K)
 Metaspace       used 92705K, capacity 95043K, committed 95180K, reserved 1132544K
  class space    used 11769K, capacity 12651K, committed 12748K, reserved 1048576K
}
Event: 297.940 GC heap before
{Heap before GC invocations=19 (full 0):
 garbage-first heap   total 229376K, used 178166K [0x0000000080000000, 0x0000000100000000)
  region size 1024K, 79 young (80896K), 12 survivors (12288K)
 Metaspace       used 95377K, capacity 97786K, committed 97996K, reserved 1134592K
  class space    used 12096K, capacity 12970K, committed 13004K, reserved 1048576K
}
Event: 297.952 GC heap after
{Heap after GC invocations=20 (full 0):
 garbage-first heap   total 229376K, used 117650K [0x0000000080000000, 0x0000000100000000)
  region size 1024K, 9 young (9216K), 9 survivors (9216K)
 Metaspace       used 95377K, capacity 97786K, committed 97996K, reserved 1134592K
  class space    used 12096K, capacity 12970K, committed 13004K, reserved 1048576K
}
Event: 298.360 GC heap before
{Heap before GC invocations=20 (full 0):
 garbage-first heap   total 229376K, used 139154K [0x0000000080000000, 0x0000000100000000)
  region size 1024K, 32 young (32768K), 9 survivors (9216K)
 Metaspace       used 100082K, capacity 102532K, committed 102732K, reserved 1138688K
  class space    used 12686K, capacity 13572K, committed 13644K, reserved 1048576K
}
Event: 298.379 GC heap after
{Heap after GC invocations=21 (full 0):
 garbage-first heap   total 229376K, used 119607K [0x0000000080000000, 0x0000000100000000)
  region size 1024K, 3 young (3072K), 3 survivors (3072K)
 Metaspace       used 100082K, capacity 102532K, committed 102732K, reserved 1138688K
  class space    used 12686K, capacity 13572K, committed 13644K, reserved 1048576K
}

