# JRE version: Java(TM) SE Runtime Environment (13.0.2+8) (build 13.0.2+8)
# Java VM: Java HotSpot(TM) 64-Bit Server VM (13.0.2+8, mixed mode, sharing, tiered, compressed oops, g1 gc, windows-amd64)
Heap:
 garbage-first heap   total 415744K, used 343634K [0x0000000080000000, 0x0000000100000000)
  region size 1024K, 203 young (207872K), 14 survivors (14336K)
 Metaspace       used 112572K, capacity 116459K, committed 116736K, reserved 1148928K
  class space    used 14795K, capacity 16269K, committed 16384K, reserved 1048576K
GC Heap History (20 events):
Event: 28.979 GC heap after
{Heap after GC invocations=81 (full 0):
 garbage-first heap   total 409600K, used 108475K [0x0000000080000000, 0x0000000100000000)
  region size 1024K, 8 young (8192K), 8 survivors (8192K)
 Metaspace       used 87421K, capacity 90198K, committed 90240K, reserved 1126400K
  class space    used 11408K, capacity 12415K, committed 12416K, reserved 1048576K
}
Event: 29.849 GC heap before
{Heap before GC invocations=81 (full 0):
 garbage-first heap   total 409600K, used 237499K [0x0000000080000000, 0x0000000100000000)
  region size 1024K, 57 young (58368K), 8 survivors (8192K)
 Metaspace       used 87422K, capacity 90198K, committed 90240K, reserved 1126400K
  class space    used 11408K, capacity 12415K, committed 12416K, reserved 1048576K
}
Event: 29.858 GC heap after
{Heap after GC invocations=82 (full 0):
 garbage-first heap   total 409600K, used 134317K [0x0000000080000000, 0x0000000100000000)
  region size 1024K, 10 young (10240K), 10 survivors (10240K)
 Metaspace       used 87422K, capacity 90198K, committed 90240K, reserved 1126400K
  class space    used 11408K, capacity 12415K, committed 12416K, reserved 1048576K
}
Event: 30.575 GC heap before
{Heap before GC invocations=83 (full 0):
 garbage-first heap   total 409600K, used 284845K [0x0000000080000000, 0x0000000100000000)
  region size 1024K, 102 young (104448K), 10 survivors (10240K)
 Metaspace       used 87466K, capacity 90262K, committed 90496K, reserved 1128448K
  class space    used 11408K, capacity 12415K, committed 12416K, reserved 1048576K
}
Event: 30.589 GC heap after
{Heap after GC invocations=84 (full 0):
 garbage-first heap   total 409600K, used 115224K [0x0000000080000000, 0x0000000100000000)
  region size 1024K, 9 young (9216K), 9 survivors (9216K)
 Metaspace       used 87466K, capacity 90262K, committed 90496K, reserved 1128448K
  class space    used 11408K, capacity 12415K, committed 12416K, reserved 1048576K
}
Event: 30.886 GC heap before
{Heap before GC invocations=85 (full 0):
 garbage-first heap   total 409600K, used 229912K [0x0000000080000000, 0x0000000100000000)
  region size 1024K, 25 young (25600K), 9 survivors (9216K)
 Metaspace       used 87948K, capacity 90739K, committed 90880K, reserved 1128448K
  class space    used 11453K, capacity 12468K, committed 12544K, reserved 1048576K
}
Event: 30.896 GC heap after
{Heap after GC invocations=86 (full 0):
 garbage-first heap   total 409600K, used 107362K [0x0000000080000000, 0x0000000100000000)
  region size 1024K, 7 young (7168K), 7 survivors (7168K)
 Metaspace       used 87948K, capacity 90739K, committed 90880K, reserved 1128448K
  class space    used 11453K, capacity 12468K, committed 12544K, reserved 1048576K
}
Event: 902.277 GC heap before
{Heap before GC invocations=87 (full 0):
 garbage-first heap   total 409600K, used 344930K [0x0000000080000000, 0x0000000100000000)
  region size 1024K, 206 young (210944K), 7 survivors (7168K)
 Metaspace       used 91413K, capacity 94415K, committed 94720K, reserved 1130496K
  class space    used 11816K, capacity 12952K, committed 13056K, reserved 1048576K
}
Event: 902.300 GC heap after
{Heap after GC invocations=88 (full 0):
 garbage-first heap   total 409600K, used 119511K [0x0000000080000000, 0x0000000100000000)
  region size 1024K, 19 young (19456K), 19 survivors (19456K)
 Metaspace       used 91413K, capacity 94415K, committed 94720K, reserved 1130496K
  class space    used 11816K, capacity 12952K, committed 13056K, reserved 1048576K
}
Event: 906.124 GC heap before
{Heap before GC invocations=88 (full 0):
 garbage-first heap   total 409600K, used 370391K [0x0000000080000000, 0x0000000100000000)
  region size 1024K, 211 young (216064K), 19 survivors (19456K)
 Metaspace       used 112506K, capacity 116328K, committed 116480K, reserved 1148928K
  class space    used 14795K, capacity 16269K, committed 16384K, reserved 1048576K
}
Event: 906.151 GC heap after
{Heap after GC invocations=89 (full 0):
 garbage-first heap   total 415744K, used 147626K [0x0000000080000000, 0x0000000100000000)
  region size 1024K, 27 young (27648K), 27 survivors (27648K)
 Metaspace       used 112506K, capacity 116328K, committed 116480K, reserved 1148928K
  class space    used 14795K, capacity 16269K, committed 16384K, reserved 1048576K
}
Event: 906.629 GC heap before
{Heap before GC invocations=89 (full 0):
 garbage-first heap   total 415744K, used 321706K [0x0000000080000000, 0x0000000100000000)
  region size 1024K, 196 young (200704K), 27 survivors (27648K)
 Metaspace       used 112545K, capacity 116393K, committed 116736K, reserved 1148928K
  class space    used 14795K, capacity 16269K, committed 16384K, reserved 1048576K
}
Event: 906.647 GC heap after
{Heap after GC invocations=90 (full 0):
 garbage-first heap   total 415744K, used 149710K [0x0000000080000000, 0x0000000100000000)
  region size 1024K, 13 young (13312K), 13 survivors (13312K)
 Metaspace       used 112545K, capacity 116393K, committed 116736K, reserved 1148928K
  class space    used 14795K, capacity 16269K, committed 16384K, reserved 1048576K
}
Event: 906.805 GC heap before
{Heap before GC invocations=90 (full 0):
 garbage-first heap   total 415744K, used 321742K [0x0000000080000000, 0x0000000100000000)
  region size 1024K, 181 young (185344K), 13 survivors (13312K)
 Metaspace       used 112546K, capacity 116393K, committed 116736K, reserved 1148928K
  class space    used 14795K, capacity 16269K, committed 16384K, reserved 1048576K
}
Event: 906.812 GC heap after
{Heap after GC invocations=91 (full 0):
 garbage-first heap   total 415744K, used 150582K [0x0000000080000000, 0x0000000100000000)
  region size 1024K, 14 young (14336K), 14 survivors (14336K)
 Metaspace       used 112546K, capacity 116393K, committed 116736K, reserved 1148928K
  class space    used 14795K, capacity 16269K, committed 16384K, reserved 1048576K
}
Event: 906.957 GC heap before
{Heap before GC invocations=91 (full 0):
 garbage-first heap   total 415744K, used 329782K [0x0000000080000000, 0x0000000100000000)
  region size 1024K, 189 young (193536K), 14 survivors (14336K)
 Metaspace       used 112546K, capacity 116393K, committed 116736K, reserved 1148928K
  class space    used 14795K, capacity 16269K, committed 16384K, reserved 1048576K
}
Event: 906.966 GC heap after
{Heap after GC invocations=92 (full 0):
 garbage-first heap   total 415744K, used 150118K [0x0000000080000000, 0x0000000100000000)
  region size 1024K, 13 young (13312K), 13 survivors (13312K)
 Metaspace       used 112546K, capacity 116393K, committed 116736K, reserved 1148928K
  class space    used 14795K, capacity 16269K, committed 16384K, reserved 1048576K
}
Event: 907.161 GC heap before
{Heap before GC invocations=92 (full 0):
 garbage-first heap   total 415744K, used 338534K [0x0000000080000000, 0x0000000100000000)
  region size 1024K, 197 young (201728K), 13 survivors (13312K)
 Metaspace       used 112564K, capacity 116394K, committed 116736K, reserved 1148928K
  class space    used 14795K, capacity 16269K, committed 16384K, reserved 1048576K
}
Event: 907.170 GC heap after
{Heap after GC invocations=93 (full 0):
 garbage-first heap   total 415744K, used 150098K [0x0000000080000000, 0x0000000100000000)
  region size 1024K, 13 young (13312K), 13 survivors (13312K)
 Metaspace       used 112564K, capacity 116394K, committed 116736K, reserved 1148928K
  class space    used 14795K, capacity 16269K, committed 16384K, reserved 1048576K
}
Event: 907.354 GC heap before
{Heap before GC invocations=93 (full 0):
 garbage-first heap   total 415744K, used 343634K [0x0000000080000000, 0x0000000100000000)
  region size 1024K, 202 young (206848K), 13 survivors (13312K)
 Metaspace       used 112572K, capacity 116459K, committed 116736K, reserved 1148928K
  class space    used 14795K, capacity 16269K, committed 16384K, reserved 1048576K
}

