# JRE version: Java(TM) SE Runtime Environment (13.0.2+8) (build 13.0.2+8)
# Java VM: Java HotSpot(TM) 64-Bit Server VM (13.0.2+8, mixed mode, sharing, tiered, compressed oops, g1 gc, windows-amd64)
Heap:
 garbage-first heap   total 71680K, used 50626K [0x0000000080000000, 0x0000000100000000)
  region size 1024K, 28 young (28672K), 5 survivors (5120K)
 Metaspace       used 31110K, capacity 31977K, committed 32128K, reserved 1077248K
  class space    used 4289K, capacity 4632K, committed 4736K, reserved 1048576K
GC Heap History (10 events):
Event: 0.991 GC heap before
{Heap before GC invocations=0 (full 0):
 garbage-first heap   total 229376K, used 29696K [0x0000000080000000, 0x0000000100000000)
  region size 1024K, 24 young (24576K), 0 survivors (0K)
 Metaspace       used 3289K, capacity 6229K, committed 6400K, reserved 1056768K
  class space    used 433K, capacity 739K, committed 768K, reserved 1048576K
}
Event: 0.997 GC heap after
{Heap after GC invocations=1 (full 0):
 garbage-first heap   total 229376K, used 9630K [0x0000000080000000, 0x0000000100000000)
  region size 1024K, 3 young (3072K), 3 survivors (3072K)
 Metaspace       used 3289K, capacity 6229K, committed 6400K, reserved 1056768K
  class space    used 433K, capacity 739K, committed 768K, reserved 1048576K
}
Event: 4.431 GC heap before
{Heap before GC invocations=1 (full 0):
 garbage-first heap   total 229376K, used 143774K [0x0000000080000000, 0x0000000100000000)
  region size 1024K, 134 young (137216K), 3 survivors (3072K)
 Metaspace       used 15482K, capacity 15988K, committed 16128K, reserved 1062912K
  class space    used 2262K, capacity 2452K, committed 2560K, reserved 1048576K
}
Event: 4.443 GC heap after
{Heap after GC invocations=2 (full 0):
 garbage-first heap   total 229376K, used 17822K [0x0000000080000000, 0x0000000100000000)
  region size 1024K, 11 young (11264K), 11 survivors (11264K)
 Metaspace       used 15482K, capacity 15988K, committed 16128K, reserved 1062912K
  class space    used 2262K, capacity 2452K, committed 2560K, reserved 1048576K
}
Event: 5.298 GC heap before
{Heap before GC invocations=2 (full 0):
 garbage-first heap   total 229376K, used 67998K [0x0000000080000000, 0x0000000100000000)
  region size 1024K, 61 young (62464K), 11 survivors (11264K)
 Metaspace       used 20562K, capacity 21192K, committed 21248K, reserved 1067008K
  class space    used 3048K, capacity 3279K, committed 3328K, reserved 1048576K
}
Event: 5.315 GC heap after
{Heap after GC invocations=3 (full 0):
 garbage-first heap   total 229376K, used 19584K [0x0000000080000000, 0x0000000100000000)
  region size 1024K, 11 young (11264K), 11 survivors (11264K)
 Metaspace       used 20562K, capacity 21192K, committed 21248K, reserved 1067008K
  class space    used 3048K, capacity 3279K, committed 3328K, reserved 1048576K
}
Event: 5.895 GC heap before
{Heap before GC invocations=4 (full 0):
 garbage-first heap   total 71680K, used 51328K [0x0000000080000000, 0x0000000100000000)
  region size 1024K, 42 young (43008K), 11 survivors (11264K)
 Metaspace       used 24548K, capacity 25191K, committed 25472K, reserved 1071104K
  class space    used 3596K, capacity 3867K, committed 3968K, reserved 1048576K
}
Event: 5.907 GC heap after
{Heap after GC invocations=5 (full 0):
 garbage-first heap   total 71680K, used 21881K [0x0000000080000000, 0x0000000100000000)
  region size 1024K, 5 young (5120K), 5 survivors (5120K)
 Metaspace       used 24548K, capacity 25191K, committed 25472K, reserved 1071104K
  class space    used 3596K, capacity 3867K, committed 3968K, reserved 1048576K
}
Event: 6.356 GC heap before
{Heap before GC invocations=5 (full 0):
 garbage-first heap   total 71680K, used 53625K [0x0000000080000000, 0x0000000100000000)
  region size 1024K, 36 young (36864K), 5 survivors (5120K)
 Metaspace       used 28529K, capacity 29406K, committed 29440K, reserved 1075200K
  class space    used 4012K, capacity 4331K, committed 4352K, reserved 1048576K
}
Event: 6.365 GC heap after
{Heap after GC invocations=6 (full 0):
 garbage-first heap   total 71680K, used 26050K [0x0000000080000000, 0x0000000100000000)
  region size 1024K, 5 young (5120K), 5 survivors (5120K)
 Metaspace       used 28529K, capacity 29406K, committed 29440K, reserved 1075200K
  class space    used 4012K, capacity 4331K, committed 4352K, reserved 1048576K
}

