# JRE version: Java(TM) SE Runtime Environment (13.0.2+8) (build 13.0.2+8)
# Java VM: Java HotSpot(TM) 64-Bit Server VM (13.0.2+8, mixed mode, sharing, tiered, compressed oops, g1 gc, windows-amd64)
Heap:
 garbage-first heap   total 112640K, used 92873K [0x0000000080000000, 0x0000000100000000)
  region size 1024K, 65 young (66560K), 5 survivors (5120K)
 Metaspace       used 28610K, capacity 29518K, committed 29568K, reserved 1075200K
  class space    used 4099K, capacity 4443K, committed 4480K, reserved 1048576K
GC Heap History (6 events):
Event: 1.314 GC heap before
{Heap before GC invocations=0 (full 0):
 garbage-first heap   total 229376K, used 29696K [0x0000000080000000, 0x0000000100000000)
  region size 1024K, 24 young (24576K), 0 survivors (0K)
 Metaspace       used 3302K, capacity 6229K, committed 6400K, reserved 1056768K
  class space    used 433K, capacity 739K, committed 768K, reserved 1048576K
}
Event: 1.323 GC heap after
{Heap after GC invocations=1 (full 0):
 garbage-first heap   total 229376K, used 9253K [0x0000000080000000, 0x0000000100000000)
  region size 1024K, 3 young (3072K), 3 survivors (3072K)
 Metaspace       used 3302K, capacity 6229K, committed 6400K, reserved 1056768K
  class space    used 433K, capacity 739K, committed 768K, reserved 1048576K
}
Event: 5.862 GC heap before
{Heap before GC invocations=1 (full 0):
 garbage-first heap   total 229376K, used 143397K [0x0000000080000000, 0x0000000100000000)
  region size 1024K, 134 young (137216K), 3 survivors (3072K)
 Metaspace       used 15797K, capacity 16364K, committed 16640K, reserved 1062912K
  class space    used 2296K, capacity 2506K, committed 2560K, reserved 1048576K
}
Event: 5.878 GC heap after
{Heap after GC invocations=2 (full 0):
 garbage-first heap   total 229376K, used 18125K [0x0000000080000000, 0x0000000100000000)
  region size 1024K, 12 young (12288K), 12 survivors (12288K)
 Metaspace       used 15797K, capacity 16364K, committed 16640K, reserved 1062912K
  class space    used 2296K, capacity 2506K, committed 2560K, reserved 1048576K
}
Event: 7.222 GC heap before
{Heap before GC invocations=2 (full 0):
 garbage-first heap   total 229376K, used 76493K [0x0000000080000000, 0x0000000100000000)
  region size 1024K, 60 young (61440K), 12 survivors (12288K)
 Metaspace       used 20456K, capacity 21173K, committed 21248K, reserved 1067008K
  class space    used 3017K, capacity 3257K, committed 3328K, reserved 1048576K
}
Event: 7.241 GC heap after
{Heap after GC invocations=3 (full 0):
 garbage-first heap   total 229376K, used 32457K [0x0000000080000000, 0x0000000100000000)
  region size 1024K, 5 young (5120K), 5 survivors (5120K)
 Metaspace       used 20456K, capacity 21173K, committed 21248K, reserved 1067008K
  class space    used 3017K, capacity 3257K, committed 3328K, reserved 1048576K
}

