# JRE version: Java(TM) SE Runtime Environment (13.0.2+8) (build 13.0.2+8)
# Java VM: Java HotSpot(TM) 64-Bit Server VM (13.0.2+8, mixed mode, sharing, tiered, compressed oops, g1 gc, windows-amd64)
Heap:
 garbage-first heap   total 75776K, used 42798K [0x0000000080000000, 0x0000000100000000)
  region size 1024K, 19 young (19456K), 4 survivors (4096K)
 Metaspace       used 31213K, capacity 32112K, committed 32384K, reserved 1077248K
  class space    used 4292K, capacity 4637K, committed 4736K, reserved 1048576K
GC Heap History (10 events):
Event: 1.269 GC heap before
{Heap before GC invocations=0 (full 0):
 garbage-first heap   total 229376K, used 29696K [0x0000000080000000, 0x0000000100000000)
  region size 1024K, 24 young (24576K), 0 survivors (0K)
 Metaspace       used 3302K, capacity 6229K, committed 6400K, reserved 1056768K
  class space    used 433K, capacity 739K, committed 768K, reserved 1048576K
}
Event: 1.277 GC heap after
{Heap after GC invocations=1 (full 0):
 garbage-first heap   total 229376K, used 9643K [0x0000000080000000, 0x0000000100000000)
  region size 1024K, 3 young (3072K), 3 survivors (3072K)
 Metaspace       used 3302K, capacity 6229K, committed 6400K, reserved 1056768K
  class space    used 433K, capacity 739K, committed 768K, reserved 1048576K
}
Event: 5.987 GC heap before
{Heap before GC invocations=1 (full 0):
 garbage-first heap   total 229376K, used 144811K [0x0000000080000000, 0x0000000100000000)
  region size 1024K, 134 young (137216K), 3 survivors (3072K)
 Metaspace       used 15501K, capacity 15980K, committed 16128K, reserved 1062912K
  class space    used 2260K, capacity 2452K, committed 2560K, reserved 1048576K
}
Event: 6.002 GC heap after
{Heap after GC invocations=2 (full 0):
 garbage-first heap   total 229376K, used 18211K [0x0000000080000000, 0x0000000100000000)
  region size 1024K, 12 young (12288K), 12 survivors (12288K)
 Metaspace       used 15501K, capacity 15980K, committed 16128K, reserved 1062912K
  class space    used 2260K, capacity 2452K, committed 2560K, reserved 1048576K
}
Event: 7.402 GC heap before
{Heap before GC invocations=2 (full 0):
 garbage-first heap   total 229376K, used 67363K [0x0000000080000000, 0x0000000100000000)
  region size 1024K, 61 young (62464K), 12 survivors (12288K)
 Metaspace       used 20583K, capacity 21184K, committed 21248K, reserved 1067008K
  class space    used 3047K, capacity 3279K, committed 3328K, reserved 1048576K
}
Event: 7.419 GC heap after
{Heap after GC invocations=3 (full 0):
 garbage-first heap   total 229376K, used 20030K [0x0000000080000000, 0x0000000100000000)
  region size 1024K, 3 young (3072K), 3 survivors (3072K)
 Metaspace       used 20583K, capacity 21184K, committed 21248K, reserved 1067008K
  class space    used 3047K, capacity 3279K, committed 3328K, reserved 1048576K
}
Event: 8.554 GC heap before
{Heap before GC invocations=4 (full 0):
 garbage-first heap   total 75776K, used 60990K [0x0000000080000000, 0x0000000100000000)
  region size 1024K, 44 young (45056K), 3 survivors (3072K)
 Metaspace       used 27990K, capacity 28813K, committed 28928K, reserved 1073152K
  class space    used 3952K, capacity 4246K, committed 4352K, reserved 1048576K
}
Event: 8.561 GC heap after
{Heap after GC invocations=5 (full 0):
 garbage-first heap   total 75776K, used 22678K [0x0000000080000000, 0x0000000100000000)
  region size 1024K, 5 young (5120K), 5 survivors (5120K)
 Metaspace       used 27990K, capacity 28813K, committed 28928K, reserved 1073152K
  class space    used 3952K, capacity 4246K, committed 4352K, reserved 1048576K
}
Event: 9.218 GC heap before
{Heap before GC invocations=5 (full 0):
 garbage-first heap   total 75776K, used 55446K [0x0000000080000000, 0x0000000100000000)
  region size 1024K, 37 young (37888K), 5 survivors (5120K)
 Metaspace       used 29791K, capacity 30671K, committed 30976K, reserved 1075200K
  class space    used 4188K, capacity 4520K, committed 4608K, reserved 1048576K
}
Event: 9.227 GC heap after
{Heap after GC invocations=6 (full 0):
 garbage-first heap   total 75776K, used 26414K [0x0000000080000000, 0x0000000100000000)
  region size 1024K, 4 young (4096K), 4 survivors (4096K)
 Metaspace       used 29791K, capacity 30671K, committed 30976K, reserved 1075200K
  class space    used 4188K, capacity 4520K, committed 4608K, reserved 1048576K
}

